
================================================================
======== Log Rotated - 11/21/2023, 12:00:01 AM                  
================================================================
[12:55:39 AM] txAdmin: Logger started
[12:58:37 AM] txAdmin: Logger started
[12:59:18 AM] [BMmrf#1] Subnoize: joined with identifiers [steam:1100001006f2cfb; license:0f3cdd7f74927427df2982bec915ef62e47b16a4; xbl:2535453314934810; live:1055521714157899; discord:130235740318597120; fivem:891169; license2:0f3cdd7f74927427df2982bec915ef62e47b16a4]
[12:59:42 AM] [BMmrf#2] slatersteelwelding: joined with identifiers [steam:11000014941d72f; license:27f977a27ea5dfa0778b610bdaf9e4fe9038e9d1; xbl:2535454848224563; live:1055519341203513; discord:863885648673636392; fivem:4645783; license2:23e6e4eb94c14f30f711113bd7592dc56d109bf1]
[1:01:08 AM] [BMmrf#2] slatersteelwelding: disconnected (Exiting)
[1:08:42 AM] [BMmrf#1] Subnoize: disconnected (Exiting)
[1:09:51 AM] [BMmrf#3] Vortex: joined with identifiers [steam:11000013bb08238; license:60ad5629d7bf87a31a85868e94ce43e1ae6d66a8; xbl:2535429770006979; live:1055521696251936; discord:525821079432724490; fivem:5378760; license2:f4b771c3dc122c148ad15b46a1e2ef2f5102894c]
[1:14:00 AM] [BMmrf#3] Vortex: disconnected (Exiting)
[1:14:27 AM] [BMmrf#4] Vortex: joined with identifiers [steam:11000013bb08238; license:60ad5629d7bf87a31a85868e94ce43e1ae6d66a8; xbl:2535429770006979; live:1055521696251936; discord:525821079432724490; fivem:5378760; license2:f4b771c3dc122c148ad15b46a1e2ef2f5102894c]
[1:49:06 AM] [BMmrf#4] Vortex: disconnected (Exiting)
[2:25:22 AM] [BMmrf#5] Rhatt: joined with identifiers [steam:11000010523ce4b; license:e1661ad724cf3a2e695ad7fddf0fe985a11b105d; xbl:2535431975375573; live:1055518488919426; discord:451732761250627584; fivem:8331209; license2:b4b66f51a8ccddcef947dd0afd7eb8e7ced815f1]
[5:30:36 AM] txAdmin: ((Broadcast) txAdmin): said "This server is scheduled to restart in 30 minutes."
[5:32:01 AM] [BMmrf#6] major luke: joined with identifiers [steam:1100001466f43b1; license:f1e3f7060a3090a681ce4ccfad6f43f25fbf524a; xbl:2535467338477588; live:844425990775129; discord:559488652980387843; fivem:7032061; license2:f1e3f7060a3090a681ce4ccfad6f43f25fbf524a]
[5:44:15 AM] [BMmrf#5] Rhatt: disconnected (Exiting)
[5:45:37 AM] txAdmin: ((Broadcast) txAdmin): said "This server is scheduled to restart in 15 minutes."
[5:50:37 AM] txAdmin: ((Broadcast) txAdmin): said "This server is scheduled to restart in 10 minutes."
[5:55:36 AM] txAdmin: ((Broadcast) txAdmin): said "This server is scheduled to restart in 5 minutes."
[5:56:36 AM] txAdmin: ((Broadcast) txAdmin): said "This server is scheduled to restart in 4 minutes."
[5:57:37 AM] txAdmin: ((Broadcast) txAdmin): said "This server is scheduled to restart in 3 minutes."
[5:58:36 AM] txAdmin: ((Broadcast) txAdmin): said "This server is scheduled to restart in 2 minutes."
[5:59:00 AM] [BMmrf#6] major luke: disconnected (Exiting)
[5:59:37 AM] txAdmin: ((Broadcast) txAdmin): said "This server is scheduled to restart in 1 minute. Please disconnect now."
[6:01:19 AM] txAdmin: Logger started
[6:02:13 AM] [TWNM8#1] major luke: joined with identifiers [steam:1100001466f43b1; license:f1e3f7060a3090a681ce4ccfad6f43f25fbf524a; xbl:2535467338477588; live:844425990775129; discord:559488652980387843; fivem:7032061; license2:f1e3f7060a3090a681ce4ccfad6f43f25fbf524a]
[6:42:20 AM] [TWNM8#1] major luke: disconnected (Exiting)
[6:46:29 AM] [TWNM8#2] The Bologna Kid: joined with identifiers [steam:11000014462a91e; license:ab164da76eb17b5448d84490d629a414ec0731b3; xbl:2535465568662363; live:985153873593275; discord:783884215590322197; fivem:3636833; license2:34c6ca685cfd7a9d2931adc87f4f0c027555c582]
[6:57:59 AM] [TWNM8#3] major luke: joined with identifiers [steam:1100001466f43b1; license:f1e3f7060a3090a681ce4ccfad6f43f25fbf524a; xbl:2535467338477588; live:844425990775129; discord:559488652980387843; fivem:7032061; license2:f1e3f7060a3090a681ce4ccfad6f43f25fbf524a]
[7:11:01 AM] [TWNM8#2] The Bologna Kid: disconnected (Exiting)
[7:31:24 AM] [TWNM8#4] Vortex: joined with identifiers [steam:11000013bb08238; license:60ad5629d7bf87a31a85868e94ce43e1ae6d66a8; xbl:2535429770006979; live:1055521696251936; discord:525821079432724490; fivem:5378760; license2:f4b771c3dc122c148ad15b46a1e2ef2f5102894c]
[7:42:51 AM] [TWNM8#4] Vortex: disconnected (Exiting)
[7:43:17 AM] [TWNM8#5] Vortex: joined with identifiers [steam:11000013bb08238; license:60ad5629d7bf87a31a85868e94ce43e1ae6d66a8; xbl:2535429770006979; live:1055521696251936; discord:525821079432724490; fivem:5378760; license2:f4b771c3dc122c148ad15b46a1e2ef2f5102894c]
[8:31:33 AM] [TWNM8#6] VinciblePond: joined with identifiers [steam:11000010d187b97; license:8a8b20f320639088556dd0300803cb546bb91be4; xbl:2535468633532053; live:844425328017388; discord:445306853174280198; fivem:8943503; license2:8e484849f373411f56079c204056caab5aa6ee31]
[8:37:51 AM] [TWNM8#6] VinciblePond: said "//engine"
[8:43:36 AM] [TWNM8#7] Rhatt: joined with identifiers [steam:11000010523ce4b; license:e1661ad724cf3a2e695ad7fddf0fe985a11b105d; xbl:2535431975375573; live:1055518488919426; discord:451732761250627584; fivem:8331209; license2:b4b66f51a8ccddcef947dd0afd7eb8e7ced815f1]
[8:45:35 AM] [TWNM8#8] Nocedking: joined with identifiers [steam:11000011ccfbecc; license:83db084a7e7514e237c510979edea541b7b40344; xbl:2535460708848896; live:1055519593068052; discord:667422524241477652; fivem:895375; license2:3347a16aa13c6f61efe9b66562c09c42665f245b]
[8:46:56 AM] [TWNM8#8] Nocedking: disconnected (Exiting)
[8:47:23 AM] [TWNM8#9] Nocedking: joined with identifiers [steam:11000011ccfbecc; license:83db084a7e7514e237c510979edea541b7b40344; xbl:2535460708848896; live:1055519593068052; discord:667422524241477652; fivem:895375; license2:3347a16aa13c6f61efe9b66562c09c42665f245b]
[8:53:19 AM] [TWNM8#9] Nocedking: caused an explosion (TRUCK)
[8:53:55 AM] [TWNM8#9] Nocedking: disconnected (Server->client connection timed out. Pending commands: 136.	Command list:	inventory:client:OpenInventory (4992 B, 27621 msec ago)	de3d1a59 (498 B, 32459 msec ago)	vehiclemod:client:setVehicleStatus (138 B, 28465 msec ago)	vehiclemod:client:setVehicleStatus (138 B, 27621 msec ago)	vehiclemod:client:setVehicleStatus (138 B, 32519 msec ago)	vehiclemod:client:setVehicleStatus (138 B, 27621 msec ago)	vehiclemod:client:setVehicleStatus (138 B, 27621 msec ago)	)
[8:54:29 AM] [TWNM8#10] Nocedking: joined with identifiers [steam:11000011ccfbecc; license:83db084a7e7514e237c510979edea541b7b40344; xbl:2535460708848896; live:1055519593068052; discord:667422524241477652; fivem:895375; license2:3347a16aa13c6f61efe9b66562c09c42665f245b]
[8:54:42 AM] [TWNM8#6] VinciblePond: said "//engine"
[8:55:38 AM] [TWNM8#6] VinciblePond: turned show player IDs on
[8:55:47 AM] [TWNM8#6] VinciblePond: turned show player IDs off
[8:56:07 AM] [TWNM8#6] VinciblePond: said "//engine"
[9:00:37 AM] [TWNM8#6] VinciblePond: said "//engine"
[9:02:58 AM] [TWNM8#6] VinciblePond: said "//engine"
[9:06:03 AM] [TWNM8#6] VinciblePond: said "//engine"
[9:06:07 AM] [TWNM8#6] VinciblePond: said "//engine"
[9:08:14 AM] [TWNM8#6] VinciblePond: said "//engine"
[9:11:49 AM] [TWNM8#6] VinciblePond: said "//engine"
[9:15:26 AM] [TWNM8#10] Nocedking: said "/invoice"
[9:21:51 AM] [TWNM8#6] VinciblePond: said "//engine"
[9:23:47 AM] [TWNM8#6] VinciblePond: said "//engine"
[9:25:25 AM] [TWNM8#6] VinciblePond: said "//engine"
[9:27:33 AM] [TWNM8#6] VinciblePond: said "//engine"
[9:28:44 AM] [TWNM8#6] VinciblePond: said "//engine"
[9:29:16 AM] [TWNM8#6] VinciblePond: turned show player IDs on
[9:29:16 AM] [TWNM8#6] VinciblePond: turned show player IDs off
[9:29:17 AM] [TWNM8#6] VinciblePond: turned show player IDs on
[9:29:19 AM] [TWNM8#6] VinciblePond: turned show player IDs off
[9:35:30 AM] [TWNM8#6] VinciblePond: said "//engine"
[9:38:49 AM] [TWNM8#6] VinciblePond: said "//engine"
[9:42:58 AM] [TWNM8#11] Vinnie B: joined with identifiers [steam:1100001000a8440; license:e4dd42d99c03da5c03841f32309a05e7557f0b17; discord:204389329206902786; fivem:1859848]
[9:48:30 AM] [TWNM8#3] major luke: disconnected (Exiting)
[9:49:44 AM] [TWNM8#12] wacko: joined with identifiers [license:f4addb41d94dd40bffc916bacc9fd0d7dbc2c4d1; discord:112631232436674560; fivem:9269361; license2:f4addb41d94dd40bffc916bacc9fd0d7dbc2c4d1]
[9:50:07 AM] [TWNM8#6] VinciblePond: enabled noclip
[9:50:13 AM] [TWNM8#6] VinciblePond: became mortal (standard mode)
[9:51:15 AM] [TWNM8#6] VinciblePond: said "//engine"
[9:54:21 AM] [TWNM8#6] VinciblePond: said "//engine"
[9:55:50 AM] [TWNM8#6] VinciblePond: said "//engine"
[9:58:14 AM] [TWNM8#10] Nocedking: disconnected (You were kicked for being AFK)
[9:59:54 AM] [TWNM8#6] VinciblePond: enabled noclip
[9:59:59 AM] [TWNM8#6] VinciblePond: became mortal (standard mode)
[10:00:52 AM] [TWNM8#6] VinciblePond: said "//engine"
[10:10:05 AM] [TWNM8#6] VinciblePond: said "//engine"
[10:13:03 AM] [TWNM8#7] Rhatt: disconnected (Exiting)
[10:13:23 AM] [TWNM8#13] Nocedking: joined with identifiers [steam:11000011ccfbecc; license:83db084a7e7514e237c510979edea541b7b40344; xbl:2535460708848896; live:1055519593068052; discord:667422524241477652; fivem:895375; license2:3347a16aa13c6f61efe9b66562c09c42665f245b]
[10:17:03 AM] [TWNM8#6] VinciblePond: said "//engine"
[10:19:19 AM] [TWNM8#6] VinciblePond: said "//engine"
[10:19:59 AM] [TWNM8#6] VinciblePond: said "//engine"
[10:22:22 AM] [TWNM8#6] VinciblePond: said "//engine"
[10:25:23 AM] [TWNM8#12] wacko: died from suicide (Falling)
[10:25:28 AM] [TWNM8#12] wacko: said "/-engine"
[10:25:45 AM] [TWNM8#6] VinciblePond: said "//engine"
[10:26:10 AM] [TWNM8#12] wacko: said "/-engine"
[10:26:48 AM] [TWNM8#6] VinciblePond: said "//engine"
[10:34:24 AM] [TWNM8#14] elfaann80: joined with identifiers [steam:11000015e216923; license:803347cc7b17c632d1614466a53a56760e5d9cd3; xbl:2535417287560248; live:914798112035901; discord:847284149358297108; license2:28e7c698b6ee31e2404ce4d79d4c8fe9ea320e35]
[10:48:55 AM] [TWNM8#13] Nocedking: disconnected (Exiting)
[10:49:23 AM] [TWNM8#15] Nocedking: joined with identifiers [steam:11000011ccfbecc; license:83db084a7e7514e237c510979edea541b7b40344; xbl:2535460708848896; live:1055519593068052; discord:667422524241477652; fivem:895375; license2:3347a16aa13c6f61efe9b66562c09c42665f245b]
[10:50:21 AM] [TWNM8#15] Nocedking: disconnected (Exiting)
[10:50:42 AM] [TWNM8#5] Vortex: disconnected (Exiting)
[10:50:46 AM] [TWNM8#16] Nocedking: joined with identifiers [steam:11000011ccfbecc; license:83db084a7e7514e237c510979edea541b7b40344; xbl:2535460708848896; live:1055519593068052; discord:667422524241477652; fivem:895375; license2:3347a16aa13c6f61efe9b66562c09c42665f245b]
[10:51:11 AM] [TWNM8#17] Vortex: joined with identifiers [steam:11000013bb08238; license:60ad5629d7bf87a31a85868e94ce43e1ae6d66a8; xbl:2535429770006979; live:1055521696251936; discord:525821079432724490; fivem:5378760; license2:f4b771c3dc122c148ad15b46a1e2ef2f5102894c]
[10:51:26 AM] [TWNM8#18] justi: joined with identifiers [license:6a6fd8e396740a594729b9f98264571ceccb248b; xbl:2535445927210749; live:1055521849088158; discord:198118324037615616; fivem:2585315; license2:6a6fd8e396740a594729b9f98264571ceccb248b]
[10:51:42 AM] [TWNM8#12] wacko: disconnected (Exiting)
[10:53:41 AM] [TWNM8#11] Vinnie B: disconnected (Exiting)
[10:55:58 AM] [TWNM8#16] Nocedking: said "/-engine"
[10:55:59 AM] [TWNM8#16] Nocedking: said "/-engine"
[10:57:27 AM] [TWNM8#17] Vortex: disconnected (Exiting)
[10:57:53 AM] [TWNM8#19] Vortex: joined with identifiers [steam:11000013bb08238; license:60ad5629d7bf87a31a85868e94ce43e1ae6d66a8; xbl:2535429770006979; live:1055521696251936; discord:525821079432724490; fivem:5378760; license2:f4b771c3dc122c148ad15b46a1e2ef2f5102894c]
[11:00:54 AM] [TWNM8#6] VinciblePond: said "//engine"
[11:02:19 AM] [TWNM8#18] justi: said "/h c"
[11:02:19 AM] [TWNM8#18] justi: said "/s c"
[11:15:36 AM] [TWNM8#14] elfaann80: disconnected (Exiting)
[11:24:29 AM] [TWNM8#20] slatersteelwelding: joined with identifiers [steam:11000014941d72f; license:27f977a27ea5dfa0778b610bdaf9e4fe9038e9d1; xbl:2535454848224563; live:1055519341203513; discord:863885648673636392; fivem:4645783; license2:23e6e4eb94c14f30f711113bd7592dc56d109bf1]
[11:25:11 AM] [TWNM8#19] Vortex: died from suicide (Falling)
[11:25:11 AM] [TWNM8#6] VinciblePond: died from suicide (Falling)
[11:30:45 AM] txAdmin: ((Broadcast) txAdmin): said "This server is scheduled to restart in 30 minutes."
[11:31:39 AM] [TWNM8#21] ItsNoel55: joined with identifiers [steam:110000142f8661d; license:3319eb5aecb326921161cb729cf05a5fbd3efc70; xbl:2535464390127505; live:1055521829234429; discord:406452641464582144; license2:0daf98bd8c57d59abf8e1d925abcb6aabd5c42b7]
[11:33:52 AM] [TWNM8#20] slatersteelwelding: said "/-showMenu"
[11:34:13 AM] [TWNM8#20] slatersteelwelding: said "/-engine"
[11:38:12 AM] [TWNM8#22] daniella.moore6688: joined with identifiers [steam:11000015c7c1a95; license:b334974dce62a54b7a9c7dbbc3475df4c42e7d33; xbl:2535454848224563; live:1055519341203513; discord:1115114133302550599; fivem:10768516; license2:f30c89dd3a53eb016bb7d7da113c3489838b2d92]
[11:43:44 AM] [TWNM8#22] daniella.moore6688: said "/sitchairf"
[11:44:53 AM] [TWNM8#20] slatersteelwelding: died from suicide (Falling)
[11:45:46 AM] txAdmin: ((Broadcast) txAdmin): said "This server is scheduled to restart in 15 minutes."
[11:48:03 AM] [TWNM8#19] Vortex: said "/csah"
[11:50:46 AM] txAdmin: ((Broadcast) txAdmin): said "This server is scheduled to restart in 10 minutes."
[11:52:56 AM] [TWNM8#16] Nocedking: said "/-showMenu"
[11:55:46 AM] txAdmin: ((Broadcast) txAdmin): said "This server is scheduled to restart in 5 minutes."
[11:56:46 AM] txAdmin: ((Broadcast) txAdmin): said "This server is scheduled to restart in 4 minutes."
[11:57:46 AM] txAdmin: ((Broadcast) txAdmin): said "This server is scheduled to restart in 3 minutes."
[11:58:20 AM] [TWNM8#18] justi: disconnected (Exiting)
[11:58:46 AM] txAdmin: ((Broadcast) txAdmin): said "This server is scheduled to restart in 2 minutes."
[11:58:51 AM] [TWNM8#23] Rhatt: joined with identifiers [steam:11000010523ce4b; license:e1661ad724cf3a2e695ad7fddf0fe985a11b105d; xbl:2535431975375573; live:1055518488919426; discord:451732761250627584; fivem:8331209; license2:b4b66f51a8ccddcef947dd0afd7eb8e7ced815f1]
[11:59:46 AM] txAdmin: ((Broadcast) txAdmin): said "This server is scheduled to restart in 1 minute. Please disconnect now."
[12:00:05 PM] [TWNM8#19] Vortex: disconnected (Exiting)
[12:00:45 PM] [TWNM8#6] VinciblePond: disconnected ([txAdmin] Server restarting (scheduled restart at 12:00).)
[12:00:45 PM] [TWNM8#23] Rhatt: disconnected ([txAdmin] Server restarting (scheduled restart at 12:00).)
[12:00:45 PM] [TWNM8#20] slatersteelwelding: disconnected ([txAdmin] Server restarting (scheduled restart at 12:00).)
[12:00:46 PM] [TWNM8#16] Nocedking: disconnected ([txAdmin] Server restarting (scheduled restart at 12:00).)
[12:00:46 PM] [TWNM8#22] daniella.moore6688: disconnected ([txAdmin] Server restarting (scheduled restart at 12:00).)
[12:00:46 PM] [TWNM8#21] ItsNoel55: disconnected ([txAdmin] Server restarting (scheduled restart at 12:00).)
[12:01:28 PM] txAdmin: Logger started
[12:02:33 PM] [xkAEF#1] VinciblePond: joined with identifiers [steam:11000010d187b97; license:8a8b20f320639088556dd0300803cb546bb91be4; xbl:2535468633532053; live:844425328017388; discord:445306853174280198; fivem:8943503; license2:8e484849f373411f56079c204056caab5aa6ee31]
[12:03:18 PM] [xkAEF#2] Vortex: joined with identifiers [steam:11000013bb08238; license:60ad5629d7bf87a31a85868e94ce43e1ae6d66a8; xbl:2535429770006979; live:1055521696251936; discord:525821079432724490; fivem:5378760; license2:f4b771c3dc122c148ad15b46a1e2ef2f5102894c]
[12:04:33 PM] [xkAEF#2] Vortex: disconnected (Game crashed: GTA5_b2802.exe!sub_1412EA1B8 (0x1c9))
[12:04:40 PM] [xkAEF#3] justi: joined with identifiers [license:6a6fd8e396740a594729b9f98264571ceccb248b; xbl:2535445927210749; live:1055521849088158; discord:198118324037615616; fivem:2585315; license2:6a6fd8e396740a594729b9f98264571ceccb248b]
[12:04:46 PM] [xkAEF#4] Nocedking: joined with identifiers [steam:11000011ccfbecc; license:83db084a7e7514e237c510979edea541b7b40344; xbl:2535460708848896; live:1055519593068052; discord:667422524241477652; fivem:895375; license2:3347a16aa13c6f61efe9b66562c09c42665f245b]
[12:05:51 PM] [xkAEF#5] daniella.moore6688: joined with identifiers [steam:11000015c7c1a95; license:b334974dce62a54b7a9c7dbbc3475df4c42e7d33; xbl:2535454848224563; live:1055519341203513; discord:1115114133302550599; fivem:10768516; license2:f30c89dd3a53eb016bb7d7da113c3489838b2d92]
[12:07:06 PM] [xkAEF#6] Vortex: joined with identifiers [steam:11000013bb08238; license:60ad5629d7bf87a31a85868e94ce43e1ae6d66a8; xbl:2535429770006979; live:1055521696251936; discord:525821079432724490; fivem:5378760; license2:f4b771c3dc122c148ad15b46a1e2ef2f5102894c]
[12:07:51 PM] [xkAEF#6] Vortex: disconnected (Game crashed: GTA5_b2802.exe!sub_1412EA1B8 (0x1c9))
[12:07:53 PM] [xkAEF#5] daniella.moore6688: disconnected (Game crashed: GTA5_b2802.exe!sub_1412EA710 (0x16f))
[12:08:21 PM] [xkAEF#7] Vortex: joined with identifiers [steam:11000013bb08238; license:60ad5629d7bf87a31a85868e94ce43e1ae6d66a8; xbl:2535429770006979; live:1055521696251936; discord:525821079432724490; fivem:5378760; license2:f4b771c3dc122c148ad15b46a1e2ef2f5102894c]
[12:08:55 PM] [xkAEF#8] ItsNoel55: joined with identifiers [steam:110000142f8661d; license:3319eb5aecb326921161cb729cf05a5fbd3efc70; xbl:2535464390127505; live:1055521829234429; discord:406452641464582144; license2:0daf98bd8c57d59abf8e1d925abcb6aabd5c42b7]
[12:11:45 PM] [xkAEF#9] daniella.moore6688: joined with identifiers [steam:11000015c7c1a95; license:b334974dce62a54b7a9c7dbbc3475df4c42e7d33; xbl:2535454848224563; live:1055519341203513; discord:1115114133302550599; fivem:10768516; license2:f30c89dd3a53eb016bb7d7da113c3489838b2d92]
[12:14:27 PM] [xkAEF#4] Nocedking: said "/-engine"
[12:14:42 PM] [xkAEF#4] Nocedking: said "/-showMenu"
[12:15:13 PM] [xkAEF#10] Rhatt: joined with identifiers [steam:11000010523ce4b; license:e1661ad724cf3a2e695ad7fddf0fe985a11b105d; xbl:2535431975375573; live:1055518488919426; discord:451732761250627584; fivem:8331209; license2:b4b66f51a8ccddcef947dd0afd7eb8e7ced815f1]
[12:22:50 PM] [xkAEF#11] slatersteelwelding: joined with identifiers [steam:11000014941d72f; license:27f977a27ea5dfa0778b610bdaf9e4fe9038e9d1; xbl:2535454848224563; live:1055519341203513; discord:863885648673636392; fivem:4645783; license2:23e6e4eb94c14f30f711113bd7592dc56d109bf1]
[12:28:24 PM] [xkAEF#1] VinciblePond: said "//engine"
[12:32:11 PM] [xkAEF#1] VinciblePond: said "//engine"
[12:33:12 PM] [xkAEF#12] IronLion: joined with identifiers [steam:11000013d5e6173; license:e754717f80cc68d70213608bb451648ff86385d3; xbl:2535468420863964; live:1055521734914238; discord:425423173119508483; license2:e754717f80cc68d70213608bb451648ff86385d3]
[12:33:13 PM] [xkAEF#1] VinciblePond: disconnected (Exiting)
[12:35:06 PM] [xkAEF#13] VinciblePond: joined with identifiers [steam:11000010d187b97; license:8a8b20f320639088556dd0300803cb546bb91be4; xbl:2535468633532053; live:844425328017388; discord:445306853174280198; fivem:8943503; license2:8e484849f373411f56079c204056caab5aa6ee31]
[12:38:07 PM] [xkAEF#13] VinciblePond: said "//engine"
[12:38:46 PM] [xkAEF#3] justi: disconnected (Exiting)
[12:39:54 PM] [xkAEF#9] daniella.moore6688: said "/-showMenu"
[12:40:16 PM] [xkAEF#9] daniella.moore6688: said "/-showMenu"
[12:40:22 PM] [xkAEF#9] daniella.moore6688: said "/-showMenu"
[12:40:31 PM] [xkAEF#9] daniella.moore6688: said "/-showMenu"
[12:41:04 PM] [xkAEF#4] Nocedking: said "/invoce"
[12:41:06 PM] [xkAEF#4] Nocedking: said "/invoces"
[12:41:09 PM] [xkAEF#4] Nocedking: said "/invoces"
[12:41:14 PM] [xkAEF#4] Nocedking: said "/invoces"
[12:41:41 PM] [xkAEF#9] daniella.moore6688: said "/-showMenu"
[12:42:42 PM] [xkAEF#8] ItsNoel55: said "/voices"
[12:43:34 PM] [xkAEF#9] daniella.moore6688: said "/-showMenu"
[12:44:07 PM] [xkAEF#9] daniella.moore6688: said "/-showMenu"
[12:44:23 PM] [xkAEF#9] daniella.moore6688: repaired their vehicle
[12:45:44 PM] [xkAEF#13] VinciblePond: said "//engine"
[12:52:43 PM] [xkAEF#13] VinciblePond: said "//engine"
[12:52:44 PM] [xkAEF#13] VinciblePond: said "//engine"
[12:53:06 PM] [xkAEF#9] daniella.moore6688: said "/-engine"
[12:53:11 PM] [xkAEF#9] daniella.moore6688: said "/-engine"
[12:56:00 PM] [xkAEF#12] IronLion: disconnected (Exiting)
[12:57:33 PM] [xkAEF#14] IronLion: joined with identifiers [steam:11000013d5e6173; license:e754717f80cc68d70213608bb451648ff86385d3; xbl:2535468420863964; live:1055521734914238; discord:425423173119508483; license2:e754717f80cc68d70213608bb451648ff86385d3]
[1:03:00 PM] [xkAEF#9] daniella.moore6688: said "/-showMenu"
[1:03:09 PM] [xkAEF#11] slatersteelwelding: said "/-showMenu"
[1:09:51 PM] [xkAEF#15] Boom: joined with identifiers [steam:11000013f021de2; license:298b130a4e29eb1a7ffe0e212db22e056ab9a791; xbl:2535462605363946; live:914801330698079; discord:532080338147737620; fivem:11244005; license2:298b130a4e29eb1a7ffe0e212db22e056ab9a791]
[1:12:05 PM] [xkAEF#14] IronLion: said "/dance"
[1:12:31 PM] [xkAEF#15] Boom: disconnected (Exiting)
[1:16:30 PM] [xkAEF#16] Boom: joined with identifiers [steam:11000013f021de2; license:298b130a4e29eb1a7ffe0e212db22e056ab9a791; xbl:2535462605363946; live:914801330698079; discord:532080338147737620; fivem:11244005; license2:298b130a4e29eb1a7ffe0e212db22e056ab9a791]
[1:17:25 PM] [xkAEF#10] Rhatt: caused an explosion (PROXMINE)
[1:17:25 PM] [xkAEF#10] Rhatt: caused an explosion (AIR_DEFENCE)
[1:19:19 PM] [xkAEF#16] Boom: disconnected (Exiting)
[1:21:02 PM] [xkAEF#10] Rhatt: caused an explosion (PROXMINE)
[1:21:02 PM] [xkAEF#10] Rhatt: caused an explosion (AIR_DEFENCE)
[1:21:15 PM] [xkAEF#17] Boom: joined with identifiers [steam:11000013f021de2; license:298b130a4e29eb1a7ffe0e212db22e056ab9a791; xbl:2535462605363946; live:914801330698079; discord:532080338147737620; fivem:11244005; license2:298b130a4e29eb1a7ffe0e212db22e056ab9a791]
[1:24:36 PM] [xkAEF#10] Rhatt: caused an explosion (PROXMINE)
[1:24:36 PM] [xkAEF#10] Rhatt: caused an explosion (AIR_DEFENCE)
[1:25:18 PM] [xkAEF#18] zoodle bob: joined with identifiers [steam:11000010af446b5; license:9a385c13c529f746e488c0d9020baf09f988609a; xbl:2533274891417611; live:914800464761105; discord:538529788264972299; fivem:5463803; license2:aac73791e7bd969a1f042c83f439198b5c5ca4fb]
[1:25:50 PM] [xkAEF#10] Rhatt: caused an explosion (PROXMINE)
[1:25:50 PM] [xkAEF#10] Rhatt: caused an explosion (AIR_DEFENCE)
[1:26:49 PM] [xkAEF#10] Rhatt: caused an explosion (PROXMINE)
[1:26:49 PM] [xkAEF#10] Rhatt: caused an explosion (AIR_DEFENCE)
[1:28:21 PM] [xkAEF#10] Rhatt: caused an explosion (PROXMINE)
[1:28:21 PM] [xkAEF#10] Rhatt: caused an explosion (AIR_DEFENCE)
[1:30:25 PM] [xkAEF#17] Boom: said "/-engine"
[1:30:31 PM] [xkAEF#17] Boom: said "/-engine"
[1:30:52 PM] [xkAEF#17] Boom: said "/-engine"
[1:32:40 PM] [xkAEF#17] Boom: said "/-engine"
[1:33:37 PM] [xkAEF#10] Rhatt: caused an explosion (PROXMINE)
[1:33:37 PM] [xkAEF#10] Rhatt: caused an explosion (AIR_DEFENCE)
[1:34:16 PM] [xkAEF#17] Boom: said "/-engine"
[1:34:17 PM] [xkAEF#17] Boom: said "/-engine"
[1:34:19 PM] [xkAEF#17] Boom: said "/-engine"
[1:34:21 PM] [xkAEF#17] Boom: said "/-engine"
[1:34:22 PM] [xkAEF#17] Boom: said "/-engine"
[1:34:42 PM] [xkAEF#17] Boom: said "/-engine"
[1:35:24 PM] [xkAEF#17] Boom: said "/-engine"
[1:35:56 PM] [xkAEF#18] zoodle bob: (		zoodle bob): said "/-engine"
[1:36:05 PM] [xkAEF#17] Boom: said "/-engine"
[1:36:07 PM] [xkAEF#10] Rhatt: caused an explosion (PROXMINE)
[1:36:07 PM] [xkAEF#10] Rhatt: caused an explosion (AIR_DEFENCE)
[1:36:10 PM] [xkAEF#17] Boom: said "/-engine"
[1:36:24 PM] [xkAEF#17] Boom: said "/-engine"
[1:36:40 PM] [xkAEF#17] Boom: said "/-engine"
[1:36:41 PM] [xkAEF#17] Boom: said "/-engine"
[1:36:51 PM] [xkAEF#10] Rhatt: caused an explosion (PROXMINE)
[1:36:51 PM] [xkAEF#10] Rhatt: caused an explosion (AIR_DEFENCE)
[1:37:04 PM] [xkAEF#17] Boom: said "/-engine"
[1:37:43 PM] [xkAEF#10] Rhatt: caused an explosion (PROXMINE)
[1:37:43 PM] [xkAEF#10] Rhatt: caused an explosion (AIR_DEFENCE)
[1:37:43 PM] [xkAEF#17] Boom: said "/-engine"
[1:37:56 PM] [xkAEF#17] Boom: said "/-engine"
[1:38:00 PM] [xkAEF#17] Boom: said "/-engine"
[1:39:20 PM] [xkAEF#17] Boom: said "/-engine"
[1:39:38 PM] [xkAEF#17] Boom: said "/-engine"
[1:39:59 PM] [xkAEF#17] Boom: said "/-engine"
[1:39:59 PM] [xkAEF#18] zoodle bob: died from suicide (Bat)
[1:40:14 PM] [xkAEF#17] Boom: said "/-engine"
[1:40:20 PM] [xkAEF#18] zoodle bob: died from suicide (Bat)
[1:40:21 PM] [xkAEF#10] Rhatt: disconnected (Exiting)
[1:40:30 PM] [xkAEF#17] Boom: said "/-engine"
[1:40:55 PM] [xkAEF#17] Boom: said "/-engine"
[1:41:01 PM] [xkAEF#19] Rhatt: joined with identifiers [steam:11000010523ce4b; license:e1661ad724cf3a2e695ad7fddf0fe985a11b105d; xbl:2535431975375573; live:1055518488919426; discord:451732761250627584; fivem:8331209; license2:b4b66f51a8ccddcef947dd0afd7eb8e7ced815f1]
[1:41:48 PM] [xkAEF#17] Boom: said "/-engine"
[1:42:33 PM] [xkAEF#18] zoodle bob: disconnected (Exiting)
[1:44:28 PM] [xkAEF#17] Boom: said "/-engine"
[1:44:47 PM] [xkAEF#11] slatersteelwelding: said "/-showMenu"
[1:44:55 PM] [xkAEF#11] slatersteelwelding: said "/-showMenu"
[1:45:36 PM] [xkAEF#9] daniella.moore6688: said "/-showMenu"
[1:45:40 PM] [xkAEF#17] Boom: said "/-showMenu"
[1:45:51 PM] [xkAEF#17] Boom: said "/-showMenu"
[1:45:55 PM] [xkAEF#17] Boom: said "/-showMenu"
[1:46:05 PM] [xkAEF#11] slatersteelwelding: said "/-showMenu"
[1:46:31 PM] [xkAEF#17] Boom: said "/-showMenu"
[1:46:36 PM] [xkAEF#17] Boom: said "/-showMenu"
[1:50:39 PM] [xkAEF#11] slatersteelwelding: said "/-showMenu"
[1:50:44 PM] [xkAEF#17] Boom: said "/-engine"
[1:50:57 PM] [xkAEF#17] Boom: said "/-engine"
[1:50:59 PM] [xkAEF#17] Boom: said "/-engine"
[1:51:01 PM] [xkAEF#17] Boom: said "/-engine"
[1:51:09 PM] [xkAEF#17] Boom: said "/-engine"
[1:51:14 PM] [xkAEF#17] Boom: said "/-engine"
[1:51:41 PM] [xkAEF#17] Boom: said "/-engine"
[1:51:44 PM] [xkAEF#17] Boom: said "/-engine"
[1:51:49 PM] [xkAEF#17] Boom: said "/-engine"
[1:51:54 PM] [xkAEF#17] Boom: said "/-engine"
[1:51:58 PM] [xkAEF#17] Boom: said "/-engine"
[1:52:01 PM] [xkAEF#17] Boom: said "/-engine"
[1:52:04 PM] [xkAEF#17] Boom: said "/-engine"
[1:52:06 PM] [xkAEF#17] Boom: said "/-engine"
[1:52:08 PM] [xkAEF#17] Boom: said "/-engine"
[1:52:11 PM] [xkAEF#17] Boom: said "/-engine"
[1:52:25 PM] [xkAEF#17] Boom: said "/-engine"
[1:52:27 PM] [xkAEF#17] Boom: said "/-engine"
[1:52:29 PM] [xkAEF#17] Boom: said "/-engine"
[1:52:31 PM] [xkAEF#17] Boom: said "/-engine"
[1:52:33 PM] [xkAEF#17] Boom: said "/-engine"
[1:52:34 PM] [xkAEF#17] Boom: said "/-engine"
[1:52:36 PM] [xkAEF#17] Boom: said "/-engine"
[1:52:37 PM] [xkAEF#17] Boom: said "/-engine"
[1:52:40 PM] [xkAEF#17] Boom: said "/-engine"
[1:52:41 PM] [xkAEF#17] Boom: said "/-engine"
[1:52:50 PM] [xkAEF#17] Boom: said "/-engine"
[1:52:56 PM] [xkAEF#17] Boom: said "/-engine"
[1:53:02 PM] [xkAEF#17] Boom: said "/-engine"
[1:54:33 PM] [xkAEF#20] GoblinLeaf: joined with identifiers [steam:11000010c9a58f2; license:0b03bf76c3a357842dfcc28fa6c666c08fadc7f5; xbl:2535423922307906; live:1055519387109309; discord:397914130893373440; fivem:7740559; license2:2501542c2c5eb3cda8399778ad21c72988ff890f]
[1:54:41 PM] [xkAEF#11] slatersteelwelding: said "/-engine"
[1:55:34 PM] [xkAEF#4] Nocedking: disconnected (Exiting)
[1:58:11 PM] [xkAEF#17] Boom: said "/-engine"
[1:58:38 PM] [xkAEF#13] VinciblePond: said "//engine"
[1:59:39 PM] [xkAEF#17] Boom: said "/-engine"
[1:59:46 PM] [xkAEF#17] Boom: said "/-engine"
[1:59:59 PM] [xkAEF#17] Boom: said "/-engine"
[2:00:07 PM] [xkAEF#17] Boom: said "/-engine"
[2:00:10 PM] [xkAEF#17] Boom: said "/-engine"
[2:00:21 PM] [xkAEF#17] Boom: said "/-engine"
[2:01:28 PM] [xkAEF#11] slatersteelwelding: said "/esitchairf"
[2:06:39 PM] [xkAEF#21] erkel420: joined with identifiers [steam:1100001088dcd8a; license:e524ab51d792c600866b23ae16f14bc33c8d93af; xbl:2533275024334889; live:985157116428379; discord:296729152026050561; fivem:2183380; license2:b751b9735ca3430eda68f04633775b008b617f39]
[2:07:11 PM] [xkAEF#13] VinciblePond: said "//engine"
[2:07:12 PM] [xkAEF#22] OMG_WILL2ILL: joined with identifiers [steam:1100001332f7aae; license:4993688f36cfc6092b87a5e4aed9587c9138a4e4; xbl:2535413138538902; live:985157641676131; discord:417963195135688704; fivem:6684932; license2:ce7c823e5409938bcebfcdbbecf1bd8716e23550]
[2:08:13 PM] [xkAEF#13] VinciblePond: died from suicide (Falling)
[2:08:46 PM] [xkAEF#17] Boom: said "/-showMenu"
[2:10:31 PM] [xkAEF#22] OMG_WILL2ILL: said "/-engine"
[2:13:00 PM] [xkAEF#17] Boom: said "/-showMenu"
[2:13:43 PM] [xkAEF#23] Mclov3n: joined with identifiers [steam:110000136c9a76e; license:53ffdae93f371f02dba2ce91c9ed9e0d9c2bc09f; xbl:2533274828593061; live:1829581602892378; discord:504442567686094848; fivem:7953769; license2:e6bb46f5ebbb2be8a60652a6950e0b4026495747]
[2:16:08 PM] [xkAEF#23] Mclov3n: disconnected (Exiting)
[2:16:35 PM] [xkAEF#24] Mclov3n: joined with identifiers [steam:110000136c9a76e; license:53ffdae93f371f02dba2ce91c9ed9e0d9c2bc09f; xbl:2533274828593061; live:1829581602892378; discord:504442567686094848; fivem:7953769; license2:e6bb46f5ebbb2be8a60652a6950e0b4026495747]
[2:21:53 PM] [xkAEF#13] VinciblePond: said "//engine"
[2:29:26 PM] [xkAEF#24] Mclov3n: said "/-engine"
[2:31:32 PM] [xkAEF#24] Mclov3n: said "/-engine"
[2:31:36 PM] [xkAEF#24] Mclov3n: said "/-engine"
[2:33:10 PM] [xkAEF#13] VinciblePond: turned show player IDs on
[2:33:11 PM] [xkAEF#13] VinciblePond: turned show player IDs off
[2:33:58 PM] [xkAEF#13] VinciblePond: said "//engine"
[2:34:11 PM] [xkAEF#13] VinciblePond: turned show player IDs on
[2:34:11 PM] [xkAEF#13] VinciblePond: turned show player IDs off
[2:39:02 PM] [xkAEF#9] daniella.moore6688: turned show player IDs on
[2:39:03 PM] [xkAEF#9] daniella.moore6688: turned show player IDs off
[2:43:09 PM] [xkAEF#24] Mclov3n: said "/-engine"
[2:44:37 PM] [xkAEF#13] VinciblePond: said "//engine"
[2:45:53 PM] [xkAEF#9] daniella.moore6688: said "/-showMenu"
[2:46:53 PM] [xkAEF#11] slatersteelwelding: said "/-showMenu"
[2:47:28 PM] [xkAEF#11] slatersteelwelding: said "/-showMenu"
[2:49:03 PM] [xkAEF#11] slatersteelwelding: said "/-showMenu"
[2:49:16 PM] [xkAEF#25] Subnoize: joined with identifiers [steam:1100001006f2cfb; license:0f3cdd7f74927427df2982bec915ef62e47b16a4; xbl:2535453314934810; live:1055521714157899; discord:130235740318597120; fivem:891169; license2:0f3cdd7f74927427df2982bec915ef62e47b16a4]
[2:50:29 PM] [xkAEF#13] VinciblePond: said "//engine"
[2:51:43 PM] [xkAEF#13] VinciblePond: said "//engine"
[2:53:54 PM] [xkAEF#13] VinciblePond: turned show player IDs on
[2:53:54 PM] [xkAEF#13] VinciblePond: turned show player IDs off
[2:54:08 PM] [xkAEF#13] VinciblePond: turned show player IDs on
[2:54:09 PM] [xkAEF#13] VinciblePond: turned show player IDs off
[2:55:24 PM] [xkAEF#13] VinciblePond: said "//engine"
[2:55:24 PM] [xkAEF#13] VinciblePond: said "//engine"
[2:55:40 PM] [xkAEF#22] OMG_WILL2ILL: said "/-engine"
[2:58:33 PM] [xkAEF#24] Mclov3n: said "/-engine"
[2:58:50 PM] [xkAEF#25] Subnoize: said "/meditate"
[2:59:01 PM] [xkAEF#24] Mclov3n: said "/-engine"
[2:59:07 PM] [xkAEF#21] erkel420: died from suicide (Falling)
[2:59:07 PM] [xkAEF#17] Boom: said "/-engine"
[2:59:23 PM] [xkAEF#17] Boom: said "/-showMenu"
[2:59:31 PM] [xkAEF#17] Boom: said "/-showMenu"
[2:59:38 PM] [xkAEF#17] Boom: said "/-showMenu"
[3:00:33 PM] [xkAEF#17] Boom: said "/-showMenu"
[3:01:05 PM] [xkAEF#17] Boom: said "/-showMenu"
[3:01:24 PM] [xkAEF#17] Boom: said "/-showMenu"
[3:01:44 PM] [xkAEF#17] Boom: said "/-showMenu"
[3:05:17 PM] [xkAEF#26] FrekiTheWolf: joined with identifiers [steam:11000010694864d; license:2d46c492aa919469267fb90c6b569d8a5a807cf9; xbl:2535456830700079; live:985154829445857; discord:196106187765317632; fivem:6787637; license2:685a1e79503d19b2e6d27de37a5c3f1dbe40bbdf]
[3:13:40 PM] [xkAEF#17] Boom: said "/-engine"
[3:13:51 PM] [xkAEF#17] Boom: said "/-engine"
[3:14:05 PM] [xkAEF#17] Boom: said "/-engine"
[3:15:45 PM] [xkAEF#17] Boom: said "/-engine"
[3:15:50 PM] [xkAEF#17] Boom: said "/-engine"
[3:16:54 PM] [xkAEF#19] Rhatt: disconnected (Exiting)
[3:17:21 PM] [xkAEF#17] Boom: said "/-engine"
[3:17:29 PM] [xkAEF#27] Rhatt: joined with identifiers [steam:11000010523ce4b; license:e1661ad724cf3a2e695ad7fddf0fe985a11b105d; xbl:2535431975375573; live:1055518488919426; discord:451732761250627584; fivem:8331209; license2:b4b66f51a8ccddcef947dd0afd7eb8e7ced815f1]
[3:19:53 PM] [xkAEF#17] Boom: said "/-engine"
[3:20:05 PM] [xkAEF#17] Boom: said "/-engine"
[3:20:05 PM] [xkAEF#28] BrockTheKidd: joined with identifiers [steam:110000135472599; license:2310638128bca41013cd985ec032d6388ae0be3e; xbl:2535417838458064; live:914798935650246; discord:501227131091550221; fivem:10754383; license2:5bfa3310778573a8a0940cb0832c6f677378c000]
[3:20:32 PM] [xkAEF#17] Boom: said "/-engine"
[3:20:35 PM] [xkAEF#17] Boom: said "/-engine"
[3:20:58 PM] [xkAEF#28] BrockTheKidd: died from suicide (Falling)
[3:22:14 PM] [xkAEF#13] VinciblePond: said "//engine"
[3:28:00 PM] [xkAEF#24] Mclov3n: said "/-engine"
[3:28:01 PM] [xkAEF#24] Mclov3n: said "/-engine"
[3:28:19 PM] [xkAEF#24] Mclov3n: said "/-engine"
[3:29:28 PM] [xkAEF#22] OMG_WILL2ILL: said "/-engine"
[3:29:56 PM] [xkAEF#24] Mclov3n: said "/-engine"
[3:32:14 PM] [xkAEF#13] VinciblePond: disconnected (Exiting)
[3:32:39 PM] [xkAEF#29] Vinnie B: joined with identifiers [steam:1100001000a8440; license:e4dd42d99c03da5c03841f32309a05e7557f0b17; discord:204389329206902786; fivem:1859848]
[3:35:26 PM] [xkAEF#30] VinciblePond: joined with identifiers [steam:11000010d187b97; license:8a8b20f320639088556dd0300803cb546bb91be4; xbl:2535468633532053; live:844425328017388; discord:445306853174280198; fivem:8943503; license2:8e484849f373411f56079c204056caab5aa6ee31]
[3:37:59 PM] [xkAEF#31] Darth337: joined with identifiers [steam:110000107885233; license:9719369ae9b9538b6e0113aebf2a552fc6b5c946; xbl:2535426951010059; live:844428268199556; discord:223624942837563392; fivem:4589997; license2:9719369ae9b9538b6e0113aebf2a552fc6b5c946]
[3:38:06 PM] [xkAEF#11] slatersteelwelding: disconnected (Exiting)
[3:38:37 PM] [xkAEF#32] slatersteelwelding: joined with identifiers [steam:11000014941d72f; license:27f977a27ea5dfa0778b610bdaf9e4fe9038e9d1; xbl:2535454848224563; live:1055519341203513; discord:863885648673636392; fivem:4645783; license2:23e6e4eb94c14f30f711113bd7592dc56d109bf1]
[3:43:13 PM] [xkAEF#26] FrekiTheWolf: disconnected (Exiting)
[3:46:01 PM] [xkAEF#17] Boom: said "/-engine"
[3:46:04 PM] [xkAEF#33] FrekiTheWolf: joined with identifiers [steam:11000010694864d; license:2d46c492aa919469267fb90c6b569d8a5a807cf9; xbl:2535456830700079; live:985154829445857; discord:196106187765317632; fivem:6787637; license2:685a1e79503d19b2e6d27de37a5c3f1dbe40bbdf]
[3:47:48 PM] [xkAEF#34] Hydra-1stClass: joined with identifiers [steam:11000010e02b61f; license:8376220dca9b9269fba15617a4446af9db31fc00; discord:411742241892204554; fivem:8954398; license2:8376220dca9b9269fba15617a4446af9db31fc00]
[3:49:37 PM] [xkAEF#31] Darth337: caused an explosion (PROXMINE)
[3:49:37 PM] [xkAEF#31] Darth337: caused an explosion (AIR_DEFENCE)
[3:51:34 PM] [xkAEF#14] IronLion: disconnected (Exiting)
[3:51:35 PM] [xkAEF#7] Vortex: disconnected (Exiting)
[3:52:06 PM] [xkAEF#35] Vortex: joined with identifiers [steam:11000013bb08238; license:60ad5629d7bf87a31a85868e94ce43e1ae6d66a8; xbl:2535429770006979; live:1055521696251936; discord:525821079432724490; fivem:5378760; license2:f4b771c3dc122c148ad15b46a1e2ef2f5102894c]
[3:52:32 PM] [xkAEF#36] IronLion: joined with identifiers [steam:11000013d5e6173; license:e754717f80cc68d70213608bb451648ff86385d3; xbl:2535468420863964; live:1055521734914238; discord:425423173119508483; license2:e754717f80cc68d70213608bb451648ff86385d3]
[3:53:02 PM] [xkAEF#34] Hydra-1stClass: enabled noclip
[3:54:40 PM] [xkAEF#34] Hydra-1stClass: became mortal (standard mode)
[3:55:28 PM] [xkAEF#32] slatersteelwelding: disconnected (Exiting)
[3:55:58 PM] [xkAEF#37] slatersteelwelding: joined with identifiers [steam:11000014941d72f; license:27f977a27ea5dfa0778b610bdaf9e4fe9038e9d1; xbl:2535454848224563; live:1055519341203513; discord:863885648673636392; fivem:4645783; license2:23e6e4eb94c14f30f711113bd7592dc56d109bf1]
[3:56:33 PM] [xkAEF#17] Boom: said "/-engine"
[3:59:11 PM] [xkAEF#33] FrekiTheWolf: disconnected (Exiting)
[4:01:05 PM] [xkAEF#28] BrockTheKidd: said "/givecash"
[4:01:10 PM] [xkAEF#38] FrekiTheWolf: joined with identifiers [steam:11000010694864d; license:2d46c492aa919469267fb90c6b569d8a5a807cf9; xbl:2535456830700079; live:985154829445857; discord:196106187765317632; fivem:6787637; license2:685a1e79503d19b2e6d27de37a5c3f1dbe40bbdf]
[4:01:21 PM] [xkAEF#39] General G: joined with identifiers [steam:110000107d79917; license:1611d0137823a44394195499cbdcc158be454efa; xbl:2533274894832691; live:1829582086705151; discord:125267832404574208; fivem:39046; license2:2a51dd01e826cf2592ce4f9c3370e97130c4b2d1]
[4:01:24 PM] [xkAEF#31] Darth337: caused an explosion (PROXMINE)
[4:01:24 PM] [xkAEF#31] Darth337: caused an explosion (AIR_DEFENCE)
[4:02:05 PM] [xkAEF#9] daniella.moore6688: turned show player IDs on
[4:02:10 PM] [xkAEF#31] Darth337: caused an explosion (PROXMINE)
[4:02:10 PM] [xkAEF#31] Darth337: caused an explosion (AIR_DEFENCE)
[4:02:41 PM] [xkAEF#9] daniella.moore6688: turned show player IDs off
[4:02:53 PM] [xkAEF#21] erkel420: said "/-engine"
[4:03:57 PM] [xkAEF#34] Hydra-1stClass: enabled noclip
[4:04:37 PM] [xkAEF#28] BrockTheKidd: disconnected (Exiting)
[4:05:25 PM] [xkAEF#31] Darth337: caused an explosion (PROXMINE)
[4:05:25 PM] [xkAEF#31] Darth337: caused an explosion (AIR_DEFENCE)
[4:05:39 PM] [xkAEF#30] VinciblePond: said "//engine"
[4:06:06 PM] [xkAEF#34] Hydra-1stClass: became mortal (standard mode)
[4:06:27 PM] [xkAEF#9] daniella.moore6688: turned show player IDs on
[4:06:31 PM] [xkAEF#9] daniella.moore6688: turned show player IDs off
[4:06:53 PM] [xkAEF#9] daniella.moore6688: turned show player IDs on
[4:06:54 PM] [xkAEF#9] daniella.moore6688: turned show player IDs off
[4:07:58 PM] [xkAEF#37] slatersteelwelding: started spectating player [#39] General G
[4:08:40 PM] [xkAEF#8] ItsNoel55: died from suicide (Falling)
[4:08:50 PM] [xkAEF#34] Hydra-1stClass: enabled noclip
[4:09:12 PM] [xkAEF#34] Hydra-1stClass: became mortal (standard mode)
[4:09:50 PM] [xkAEF#25] Subnoize: disconnected (Exiting)
[4:10:07 PM] [xkAEF#31] Darth337: caused an explosion (PROXMINE)
[4:10:07 PM] [xkAEF#31] Darth337: caused an explosion (AIR_DEFENCE)
[4:10:34 PM] [xkAEF#31] Darth337: disconnected (Exiting)
[4:11:51 PM] [xkAEF#9] daniella.moore6688: started spectating player [#39] General G
[4:13:40 PM] [xkAEF#24] Mclov3n: said "/-engine"
[4:13:40 PM] [xkAEF#22] OMG_WILL2ILL: said "/-engine"
[4:14:01 PM] [xkAEF#37] slatersteelwelding: started spectating player [#39] General G
[4:14:30 PM] [xkAEF#29] Vinnie B: said "/-engine"
[4:14:36 PM] [xkAEF#40] BrockTheKidd: joined with identifiers [steam:110000135472599; license:2310638128bca41013cd985ec032d6388ae0be3e; xbl:2535417838458064; live:914798935650246; discord:501227131091550221; fivem:10754383; license2:5bfa3310778573a8a0940cb0832c6f677378c000]
[4:14:40 PM] [xkAEF#22] OMG_WILL2ILL: died from suicide (Bat)
[4:15:27 PM] [xkAEF#34] Hydra-1stClass: enabled noclip
[4:15:47 PM] [xkAEF#22] OMG_WILL2ILL: died from suicide (Falling)
[4:17:03 PM] [xkAEF#34] Hydra-1stClass: became mortal (standard mode)
[4:18:20 PM] [xkAEF#34] Hydra-1stClass: healed themself
[4:18:28 PM] [xkAEF#34] Hydra-1stClass: healed themself
[4:18:28 PM] [xkAEF#34] Hydra-1stClass: healed themself
[4:18:29 PM] [xkAEF#34] Hydra-1stClass: healed themself
[4:18:29 PM] [xkAEF#34] Hydra-1stClass: healed themself
[4:18:29 PM] [xkAEF#34] Hydra-1stClass: healed themself
[4:18:34 PM] [xkAEF#29] Vinnie B: disconnected (Exiting)
[4:20:34 PM] [xkAEF#34] Hydra-1stClass: spawned a vehicle (model: nimbus16)
[4:20:47 PM] [xkAEF#22] OMG_WILL2ILL: disconnected (Disconnected.)
[4:21:59 PM] [xkAEF#41] OMG_WILL2ILL: joined with identifiers [steam:1100001332f7aae; license:4993688f36cfc6092b87a5e4aed9587c9138a4e4; xbl:2535413138538902; live:985157641676131; discord:417963195135688704; fivem:6684932; license2:ce7c823e5409938bcebfcdbbecf1bd8716e23550]
[4:22:23 PM] [xkAEF#39] General G: disconnected (Exiting)
[4:22:48 PM] [xkAEF#30] VinciblePond: said "//engine"
[4:23:33 PM] [xkAEF#30] VinciblePond: said "//engine"
[4:23:48 PM] [xkAEF#37] slatersteelwelding: disconnected (Exiting)
[4:23:57 PM] [xkAEF#30] VinciblePond: said "//engine"
[4:24:37 PM] [xkAEF#42] slatersteelwelding: joined with identifiers [steam:11000014941d72f; license:27f977a27ea5dfa0778b610bdaf9e4fe9038e9d1; xbl:2535454848224563; live:1055519341203513; discord:863885648673636392; fivem:4645783; license2:23e6e4eb94c14f30f711113bd7592dc56d109bf1]
[4:30:04 PM] [xkAEF#34] Hydra-1stClass: started spectating player [#38] FrekiTheWolf
[4:30:26 PM] [xkAEF#34] Hydra-1stClass: teleported to a waypoint
[4:30:38 PM] [xkAEF#34] Hydra-1stClass: teleported to a waypoint
[4:31:08 PM] [xkAEF#35] Vortex: said "/eng"
[4:31:19 PM] [xkAEF#30] VinciblePond: said "//engine"
[4:31:20 PM] [xkAEF#30] VinciblePond: said "//engine"
[4:31:21 PM] [xkAEF#30] VinciblePond: said "//engine"
[4:31:29 PM] [xkAEF#30] VinciblePond: said "//engine"
[4:32:04 PM] [xkAEF#34] Hydra-1stClass: started spectating player [#38] FrekiTheWolf
[4:32:11 PM] [xkAEF#17] Boom: said "/-engine"
[4:32:15 PM] [xkAEF#41] OMG_WILL2ILL: said "/-engine"
[4:34:24 PM] [xkAEF#42] slatersteelwelding: started spectating player [#21] erkel420
[4:34:43 PM] [xkAEF#42] slatersteelwelding: started spectating player [#36] IronLion
[4:35:23 PM] [xkAEF#42] slatersteelwelding: started spectating player [#38] FrekiTheWolf
[4:36:10 PM] [xkAEF#42] slatersteelwelding: started spectating player [#41] OMG_WILL2ILL
[4:37:22 PM] [xkAEF#42] slatersteelwelding: disconnected (Exiting)
[4:37:22 PM] [xkAEF#34] Hydra-1stClass: enabled noclip
[4:37:26 PM] [xkAEF#43] 9.5ABV New Belgium Voodoo Ranger: joined with identifiers [steam:1100001040443ea; license:1c0a5f3207b4d1d3869a83944f79f90d480dc41c; xbl:2533274984463123; live:914800966551003; discord:425422255938469889; license2:1c0a5f3207b4d1d3869a83944f79f90d480dc41c]
[4:38:55 PM] [xkAEF#44] Owner: joined with identifiers [license:b6aa1ec0266679db33201da60fd40b3a8cd3d84c; xbl:2535417045918117; live:844428222037886; discord:525128879929688076; fivem:7610551; license2:b6aa1ec0266679db33201da60fd40b3a8cd3d84c]
[4:39:04 PM] [xkAEF#38] FrekiTheWolf: died from suicide (Falling)
[4:40:15 PM] [xkAEF#45] r o o s t: joined with identifiers [steam:110000109f3384e; license:0ff01b5ad2dc710c455c54baab093970d33c6255; discord:209326484232470532; fivem:2159275]
[4:40:37 PM] [xkAEF#34] Hydra-1stClass: became mortal (standard mode)
[4:40:51 PM] [xkAEF#46] slatersteelwelding: joined with identifiers [steam:11000014941d72f; license:27f977a27ea5dfa0778b610bdaf9e4fe9038e9d1; xbl:2535454848224563; live:1055519341203513; discord:863885648673636392; fivem:4645783; license2:23e6e4eb94c14f30f711113bd7592dc56d109bf1]
[4:41:15 PM] [xkAEF#38] FrekiTheWolf: died from suicide (Falling)
[4:41:18 PM] [xkAEF#44] Owner: disconnected (Server->client connection timed out. Last seen 42792 msec ago.)
[4:41:19 PM] [xkAEF#47] SerendipityXo: joined with identifiers [steam:11000014be1e7af; license:08677bd2832ce6f2c8b5de22666f50131d13458f; discord:1141900194468872232; license2:08677bd2832ce6f2c8b5de22666f50131d13458f]
[4:41:56 PM] [xkAEF#34] Hydra-1stClass: enabled noclip
[4:42:23 PM] [xkAEF#48] Owner: joined with identifiers [license:b6aa1ec0266679db33201da60fd40b3a8cd3d84c; xbl:2535417045918117; live:844428222037886; discord:525128879929688076; fivem:7610551; license2:b6aa1ec0266679db33201da60fd40b3a8cd3d84c]
[4:43:05 PM] [xkAEF#43] 9.5ABV New Belgium Voodoo Ranger: said "/maskoff"
[4:43:09 PM] [xkAEF#47] SerendipityXo: disconnected (You were permanently banned by the server for: Exploiting)
[4:44:17 PM] [xkAEF#17] Boom: said "/-engine"
[4:44:55 PM] [xkAEF#48] Owner: disconnected (Server->client connection timed out. Last seen 34952 msec ago.)
[4:45:23 PM] [xkAEF#49] MommyEzzy952: joined with identifiers [steam:11000010a88796d; license:b6aa1ec0266679db33201da60fd40b3a8cd3d84c; xbl:2535417045918117; live:844428222037886; discord:525128879929688076; fivem:7610551; license2:b6aa1ec0266679db33201da60fd40b3a8cd3d84c]
[4:46:01 PM] [xkAEF#38] FrekiTheWolf: said "/-engine"
[4:46:11 PM] [xkAEF#34] Hydra-1stClass: became mortal (standard mode)
[4:47:34 PM] [xkAEF#17] Boom: disconnected (Exiting)
[4:49:28 PM] [xkAEF#49] MommyEzzy952: said "/-engine"
[4:49:30 PM] [xkAEF#34] Hydra-1stClass: enabled noclip
[4:50:06 PM] [xkAEF#50] Boom: joined with identifiers [steam:11000013f021de2; license:298b130a4e29eb1a7ffe0e212db22e056ab9a791; xbl:2535462605363946; live:914801330698079; discord:532080338147737620; fivem:11244005; license2:298b130a4e29eb1a7ffe0e212db22e056ab9a791]
[4:50:07 PM] [xkAEF#46] slatersteelwelding: disconnected (Exiting)
[4:50:27 PM] [xkAEF#21] erkel420: said "/-engine"
[4:50:29 PM] [xkAEF#21] erkel420: said "/-engine"
[4:50:30 PM] [xkAEF#21] erkel420: said "/-engine"
[4:50:31 PM] [xkAEF#21] erkel420: said "/-engine"
[4:50:31 PM] [xkAEF#21] erkel420: said "/-engine"
[4:50:31 PM] [xkAEF#21] erkel420: said "/-engine"
[4:50:32 PM] [xkAEF#21] erkel420: said "/-engine"
[4:50:32 PM] [xkAEF#21] erkel420: said "/-engine"
[4:50:32 PM] [xkAEF#21] erkel420: said "/-engine"
[4:50:32 PM] [xkAEF#21] erkel420: said "/-engine"
[4:50:32 PM] [xkAEF#21] erkel420: said "/-engine"
[4:50:32 PM] [xkAEF#21] erkel420: said "/-engine"
[4:51:00 PM] [xkAEF#36] IronLion: disconnected (Exiting)
[4:51:06 PM] [xkAEF#21] erkel420: disconnected (Exiting)
[4:51:28 PM] [xkAEF#8] ItsNoel55: disconnected (Exiting)
[4:51:37 PM] [xkAEF#51] IronLion: joined with identifiers [steam:11000013d5e6173; license:e754717f80cc68d70213608bb451648ff86385d3; xbl:2535468420863964; live:1055521734914238; discord:425423173119508483; license2:e754717f80cc68d70213608bb451648ff86385d3]
[4:51:56 PM] [xkAEF#27] Rhatt: disconnected (Exiting)
[4:52:04 PM] [xkAEF#49] MommyEzzy952: said "/-engine"
[4:52:10 PM] [xkAEF#34] Hydra-1stClass: became mortal (standard mode)
[4:52:33 PM] [xkAEF#34] Hydra-1stClass: enabled noclip
[4:52:43 PM] [xkAEF#34] Hydra-1stClass: became mortal (standard mode)
[4:53:22 PM] [xkAEF#34] Hydra-1stClass: enabled noclip
[4:53:30 PM] [xkAEF#34] Hydra-1stClass: became mortal (standard mode)
[4:53:36 PM] [xkAEF#38] FrekiTheWolf: said "/-engine"
[4:55:14 PM] [xkAEF#45] r o o s t: said "/FIXGLASSES"
[4:55:15 PM] [xkAEF#30] VinciblePond: died from suicide (Cougar)
[4:57:39 PM] [xkAEF#30] VinciblePond: died from suicide (Falling)
[4:59:57 PM] [xkAEF#38] FrekiTheWolf: said "/-engine"
[5:00:23 PM] [xkAEF#34] Hydra-1stClass: said "/exit"
[5:00:26 PM] [xkAEF#34] Hydra-1stClass: disconnected (Exiting)
[5:02:04 PM] [xkAEF#52] Hydra-1stClass: joined with identifiers [steam:11000010e02b61f; license:8376220dca9b9269fba15617a4446af9db31fc00; discord:411742241892204554; fivem:8954398; license2:8376220dca9b9269fba15617a4446af9db31fc00]
[5:02:09 PM] [xkAEF#43] 9.5ABV New Belgium Voodoo Ranger: said "/smokeweed"
[5:04:09 PM] [xkAEF#38] FrekiTheWolf: said "/-engine"
[5:04:38 PM] [xkAEF#43] 9.5ABV New Belgium Voodoo Ranger: disconnected (Server->client connection timed out. Last seen 31768 msec ago.)
[5:05:00 PM] [xkAEF#35] Vortex: disconnected (Exiting)
[5:05:26 PM] [xkAEF#53] Vortex: joined with identifiers [steam:11000013bb08238; license:60ad5629d7bf87a31a85868e94ce43e1ae6d66a8; xbl:2535429770006979; live:1055521696251936; discord:525821079432724490; fivem:5378760; license2:f4b771c3dc122c148ad15b46a1e2ef2f5102894c]
[5:07:04 PM] [xkAEF#30] VinciblePond: said "//engine"
[5:08:54 PM] [xkAEF#50] Boom: said "/-engine"
[5:11:23 PM] [xkAEF#38] FrekiTheWolf: said "/-engine"
[5:13:04 PM] [xkAEF#38] FrekiTheWolf: said "/-engine"
[5:13:31 PM] [xkAEF#38] FrekiTheWolf: said "/-engine"
[5:13:35 PM] [xkAEF#9] daniella.moore6688: turned show player IDs on
[5:14:06 PM] [xkAEF#38] FrekiTheWolf: said "/-engine"
[5:14:14 PM] [xkAEF#9] daniella.moore6688: turned show player IDs off
[5:14:42 PM] [xkAEF#38] FrekiTheWolf: said "/-engine"
[5:14:59 PM] [xkAEF#38] FrekiTheWolf: said "/-engine"
[5:15:37 PM] [xkAEF#38] FrekiTheWolf: said "/-engine"
[5:17:37 PM] [xkAEF#38] FrekiTheWolf: said "/-engine"
[5:19:23 PM] [xkAEF#38] FrekiTheWolf: said "/-engine"
[5:19:34 PM] [xkAEF#51] IronLion: disconnected (Server->client connection timed out. Last seen 44285 msec ago.)
[5:20:15 PM] [xkAEF#24] Mclov3n: said "/masl"
[5:20:23 PM] [xkAEF#41] OMG_WILL2ILL: said "/-engine"
[5:20:24 PM] [xkAEF#20] GoblinLeaf: died from suicide (Falling)
[5:21:02 PM] [xkAEF#38] FrekiTheWolf: said "/-engine"
[5:21:05 PM] [xkAEF#30] VinciblePond: said "//engine"
[5:21:55 PM] [xkAEF#52] Hydra-1stClass: said "/-engine"
[5:22:18 PM] [xkAEF#38] FrekiTheWolf: said "/-engine"
[5:22:40 PM] [xkAEF#30] VinciblePond: said "//engine"
[5:23:04 PM] [xkAEF#50] Boom: said "/-engine"
[5:23:48 PM] [xkAEF#30] VinciblePond: said "//engine"
[5:24:20 PM] [xkAEF#30] VinciblePond: turned show player IDs on
[5:24:23 PM] [xkAEF#30] VinciblePond: turned show player IDs off
[5:24:34 PM] [xkAEF#9] daniella.moore6688: said "/-showMenu"
[5:25:05 PM] [xkAEF#30] VinciblePond: turned show player IDs on
[5:25:06 PM] [xkAEF#30] VinciblePond: turned show player IDs off
[5:25:13 PM] [xkAEF#30] VinciblePond: said "//engine"
[5:26:00 PM] [xkAEF#9] daniella.moore6688: said "/directsales"
[5:26:21 PM] [xkAEF#38] FrekiTheWolf: said "/-engine"
[5:27:01 PM] [xkAEF#38] FrekiTheWolf: said "/-engine"
[5:27:05 PM] [xkAEF#41] OMG_WILL2ILL: said "/-engine"
[5:27:16 PM] [xkAEF#41] OMG_WILL2ILL: said "/clearstuckpros"
[5:27:23 PM] [xkAEF#30] VinciblePond: said "//engine"
[5:27:45 PM] [xkAEF#38] FrekiTheWolf: said "/-engine"
[5:28:11 PM] [xkAEF#30] VinciblePond: said "//engine"
[5:28:15 PM] [xkAEF#38] FrekiTheWolf: said "/-engine"
[5:30:54 PM] txAdmin: ((Broadcast) txAdmin): said "This server is scheduled to restart in 30 minutes."
[5:31:39 PM] [xkAEF#30] VinciblePond: said "//engine"
[5:32:01 PM] [xkAEF#30] VinciblePond: said "//engine"
[5:32:26 PM] [xkAEF#52] Hydra-1stClass: disconnected (Exiting)
[5:33:00 PM] [xkAEF#54] Vinnie B: joined with identifiers [steam:1100001000a8440; license:e4dd42d99c03da5c03841f32309a05e7557f0b17; discord:204389329206902786; fivem:1859848]
[5:33:30 PM] [xkAEF#30] VinciblePond: disconnected (Exiting)
[5:35:17 PM] [xkAEF#50] Boom: said "/HUG"
[5:35:27 PM] [xkAEF#41] OMG_WILL2ILL: said "/-engine"
[5:35:52 PM] [xkAEF#50] Boom: said "/-showMenu"
[5:36:33 PM] [xkAEF#41] OMG_WILL2ILL: said "/-engine"
[5:36:57 PM] [xkAEF#24] Mclov3n: disconnected (Exiting)
[5:37:06 PM] [xkAEF#40] BrockTheKidd: said "/-engine"
[5:38:00 PM] [xkAEF#38] FrekiTheWolf: said "/-engine"
[5:38:38 PM] [xkAEF#38] FrekiTheWolf: said "/-engine"
[5:39:44 PM] [xkAEF#38] FrekiTheWolf: said "/-engine"
[5:40:59 PM] [xkAEF#50] Boom: said "/-engine"
[5:41:56 PM] [xkAEF#38] FrekiTheWolf: said "/-engine"
[5:42:17 PM] [xkAEF#55] Hydra-1stClass: joined with identifiers [steam:11000010e02b61f; license:8376220dca9b9269fba15617a4446af9db31fc00; discord:411742241892204554; fivem:8954398; license2:8376220dca9b9269fba15617a4446af9db31fc00]
[5:44:16 PM] [xkAEF#49] MommyEzzy952: said "/-engine"
[5:44:59 PM] [xkAEF#56] slate: joined with identifiers [license:27f977a27ea5dfa0778b610bdaf9e4fe9038e9d1; xbl:2535454848224563; live:1055519341203513; discord:863885648673636392; fivem:4645783; license2:23e6e4eb94c14f30f711113bd7592dc56d109bf1]
[5:45:02 PM] [xkAEF#49] MommyEzzy952: said "/-engine"
[5:45:27 PM] [xkAEF#41] OMG_WILL2ILL: disconnected (Server->client connection timed out. Pending commands: 220.	Command list:	QBCore:Player:SetPlayerData (13798 B, 31310 msec ago)	QBCore:Player:SetPlayerData (13618 B, 31310 msec ago)	inventory:client:OpenInventory (3879 B, 11732 msec ago)	inventory:client:OpenInventory (3879 B, 24684 msec ago)	inventory:client:OpenInventory (3879 B, 25703 msec ago)	inventory:getInventory (3870 B, 31310 msec ago)	inventory:getInventory (3690 B, 31310 msec ago)	)
[5:45:54 PM] txAdmin: ((Broadcast) txAdmin): said "This server is scheduled to restart in 15 minutes."
[5:46:00 PM] [xkAEF#54] Vinnie B: said "/-engine"
[5:46:45 PM] [xkAEF#55] Hydra-1stClass: enabled noclip
[5:46:52 PM] [xkAEF#55] Hydra-1stClass: became mortal (standard mode)
[5:47:19 PM] [xkAEF#38] FrekiTheWolf: said "/-engine"
[5:47:25 PM] [xkAEF#55] Hydra-1stClass: enabled noclip
[5:47:32 PM] [xkAEF#56] slate: disconnected (Exiting)
[5:47:49 PM] [xkAEF#49] MommyEzzy952: disconnected (Server->client connection timed out. Last seen 40113 msec ago.)
[5:47:50 PM] [xkAEF#55] Hydra-1stClass: became mortal (standard mode)
[5:48:09 PM] [xkAEF#57] MommyEzzy952: joined with identifiers [steam:11000010a88796d; license:b6aa1ec0266679db33201da60fd40b3a8cd3d84c; xbl:2535417045918117; live:844428222037886; discord:525128879929688076; fivem:7610551; license2:b6aa1ec0266679db33201da60fd40b3a8cd3d84c]
[5:48:20 PM] [xkAEF#38] FrekiTheWolf: disconnected (Exiting)
[5:49:20 PM] [xkAEF#58] slatersteelwelding: joined with identifiers [steam:11000014941d72f; license:27f977a27ea5dfa0778b610bdaf9e4fe9038e9d1; xbl:2535454848224563; live:1055519341203513; discord:863885648673636392; fivem:4645783; license2:23e6e4eb94c14f30f711113bd7592dc56d109bf1]
[5:49:23 PM] [xkAEF#57] MommyEzzy952: said "/-engine"
[5:49:29 PM] [xkAEF#55] Hydra-1stClass: enabled noclip
[5:49:48 PM] [xkAEF#55] Hydra-1stClass: became mortal (standard mode)
[5:50:06 PM] [xkAEF#50] Boom: said "/-engine"
[5:50:10 PM] [xkAEF#50] Boom: said "/-engine"
[5:50:35 PM] [xkAEF#55] Hydra-1stClass: healed themself
[5:50:55 PM] txAdmin: ((Broadcast) txAdmin): said "This server is scheduled to restart in 10 minutes."
[5:51:21 PM] [xkAEF#50] Boom: said "/-engine"
[5:51:57 PM] [xkAEF#54] Vinnie B: disconnected (Exiting)
[5:53:15 PM] [xkAEF#45] r o o s t: disconnected (Exiting)
[5:53:16 PM] [xkAEF#40] BrockTheKidd: disconnected (Exiting)
[5:53:42 PM] [xkAEF#50] Boom: said "/-engine"
[5:54:11 PM] [xkAEF#50] Boom: said "/-engine"
[5:55:00 PM] [xkAEF#50] Boom: said "/-engine"
[5:55:12 PM] [xkAEF#50] Boom: said "/-engine"
[5:55:43 PM] [xkAEF#53] Vortex: disconnected (Exiting)
[5:55:46 PM] [xkAEF#55] Hydra-1stClass: disconnected (Exiting)
[5:55:46 PM] [xkAEF#50] Boom: said "/-engine"
[5:55:55 PM] txAdmin: ((Broadcast) txAdmin): said "This server is scheduled to restart in 5 minutes."
[5:56:26 PM] [xkAEF#50] Boom: said "/-engine"
[5:56:32 PM] [xkAEF#59] IronLion: joined with identifiers [steam:11000013d5e6173; license:e754717f80cc68d70213608bb451648ff86385d3; xbl:2535468420863964; live:1055521734914238; discord:425423173119508483; license2:e754717f80cc68d70213608bb451648ff86385d3]
[5:56:52 PM] [xkAEF#50] Boom: said "/-engine"
[5:56:55 PM] txAdmin: ((Broadcast) txAdmin): said "This server is scheduled to restart in 4 minutes."
[5:56:56 PM] [xkAEF#50] Boom: said "/-engine"
[5:57:55 PM] txAdmin: ((Broadcast) txAdmin): said "This server is scheduled to restart in 3 minutes."
[5:58:18 PM] [xkAEF#59] IronLion: disconnected (Server->client connection timed out. Last seen 42883 msec ago.)
[5:58:30 PM] [xkAEF#50] Boom: disconnected (Exiting)
[5:58:43 PM] [xkAEF#20] GoblinLeaf: disconnected (Exiting)
[5:58:55 PM] txAdmin: ((Broadcast) txAdmin): said "This server is scheduled to restart in 2 minutes."
[5:59:14 PM] [xkAEF#57] MommyEzzy952: disconnected (Exiting)
[5:59:50 PM] [xkAEF#58] slatersteelwelding: disconnected (Exiting)
[5:59:55 PM] txAdmin: ((Broadcast) txAdmin): said "This server is scheduled to restart in 1 minute. Please disconnect now."
[6:00:13 PM] [xkAEF#9] daniella.moore6688: disconnected (Exiting)
[6:01:40 PM] txAdmin: Logger started
[6:02:09 PM] [DgGYH#1] slatersteelwelding: joined with identifiers [steam:11000014941d72f; license:27f977a27ea5dfa0778b610bdaf9e4fe9038e9d1; xbl:2535454848224563; live:1055519341203513; discord:863885648673636392; fivem:4645783; license2:23e6e4eb94c14f30f711113bd7592dc56d109bf1]
[6:02:51 PM] txAdmin: Logger started
[6:04:09 PM] txAdmin: Logger started
[6:04:31 PM] [wNCcH#1] slatersteelwelding: joined with identifiers [steam:11000014941d72f; license:27f977a27ea5dfa0778b610bdaf9e4fe9038e9d1; xbl:2535454848224563; live:1055519341203513; discord:863885648673636392; fivem:4645783; license2:23e6e4eb94c14f30f711113bd7592dc56d109bf1]
[6:05:25 PM] [wNCcH#2] Subnoize: joined with identifiers [steam:1100001006f2cfb; license:0f3cdd7f74927427df2982bec915ef62e47b16a4; xbl:2535453314934810; live:1055521714157899; discord:130235740318597120; fivem:891169; license2:0f3cdd7f74927427df2982bec915ef62e47b16a4]
[6:05:33 PM] [wNCcH#1] slatersteelwelding: disconnected (Exiting)
[6:12:40 PM] [wNCcH#3] Vinnie B: joined with identifiers [steam:1100001000a8440; license:e4dd42d99c03da5c03841f32309a05e7557f0b17; discord:204389329206902786; fivem:1859848]
[6:16:52 PM] [wNCcH#2] Subnoize: disconnected (Exiting)
[6:18:40 PM] [wNCcH#4] slatersteelwelding: joined with identifiers [steam:11000014941d72f; license:27f977a27ea5dfa0778b610bdaf9e4fe9038e9d1; xbl:2535454848224563; live:1055519341203513; discord:863885648673636392; fivem:4645783; license2:23e6e4eb94c14f30f711113bd7592dc56d109bf1]
[6:21:39 PM] [wNCcH#5] GoblinLeaf: joined with identifiers [steam:11000010c9a58f2; license:0b03bf76c3a357842dfcc28fa6c666c08fadc7f5; xbl:2535423922307906; live:1055519387109309; discord:397914130893373440; fivem:7740559; license2:2501542c2c5eb3cda8399778ad21c72988ff890f]
[6:23:44 PM] [wNCcH#6] daniella.moore6688: joined with identifiers [steam:11000015c7c1a95; license:b334974dce62a54b7a9c7dbbc3475df4c42e7d33; xbl:2535454848224563; live:1055519341203513; discord:1115114133302550599; fivem:10768516; license2:f30c89dd3a53eb016bb7d7da113c3489838b2d92]
[6:24:06 PM] [wNCcH#7] Boom: joined with identifiers [steam:11000013f021de2; license:298b130a4e29eb1a7ffe0e212db22e056ab9a791; xbl:2535462605363946; live:914801330698079; discord:532080338147737620; fivem:11244005; license2:298b130a4e29eb1a7ffe0e212db22e056ab9a791]
[6:25:32 PM] [wNCcH#6] daniella.moore6688: disconnected (Game crashed: coffee-west-avocado (kernelbase.dll+2CF19))
[6:26:11 PM] [wNCcH#7] Boom: disconnected (Game crashed: coffee-west-avocado (kernelbase.dll+2CF19))
[6:26:19 PM] [wNCcH#8] daniella.moore6688: joined with identifiers [steam:11000015c7c1a95; license:b334974dce62a54b7a9c7dbbc3475df4c42e7d33; xbl:2535454848224563; live:1055519341203513; discord:1115114133302550599; fivem:10768516; license2:f30c89dd3a53eb016bb7d7da113c3489838b2d92]
[6:26:53 PM] [wNCcH#4] slatersteelwelding: started spectating player [#5] GoblinLeaf
[6:27:38 PM] [wNCcH#9] Boom: joined with identifiers [steam:11000013f021de2; license:298b130a4e29eb1a7ffe0e212db22e056ab9a791; xbl:2535462605363946; live:914801330698079; discord:532080338147737620; fivem:11244005; license2:298b130a4e29eb1a7ffe0e212db22e056ab9a791]
[6:30:10 PM] [wNCcH#10] Corny Bastard: joined with identifiers [steam:11000010dec3691; license:0383c4ebd43e7c272dd21f098391b2860d248755; xbl:2535469770331615; live:844425668092313; discord:233731785039544320; fivem:2554940; license2:0383c4ebd43e7c272dd21f098391b2860d248755]
[6:30:21 PM] [wNCcH#11] KeniffKahnif: joined with identifiers [steam:1100001129b33e8; license:4553cccc75fd41e142adf89e1cb80632e09b9416; discord:814093021950902282; fivem:9786869; license2:46c145a1388381807330ba18fa60584f33973f84]
[6:31:46 PM] [wNCcH#3] Vinnie B: disconnected (Exiting)
[6:31:58 PM] [wNCcH#9] Boom: said "/-engine"
[6:31:58 PM] [wNCcH#9] Boom: said "/-engine"
[6:32:01 PM] [wNCcH#9] Boom: said "/-engine"
[6:32:05 PM] [wNCcH#9] Boom: said "/-engine"
[6:32:46 PM] [wNCcH#12] Vinnie B: joined with identifiers [steam:1100001000a8440; license:e4dd42d99c03da5c03841f32309a05e7557f0b17; discord:204389329206902786; fivem:1859848]
[6:32:53 PM] [wNCcH#13] OMG_WILL2ILL: joined with identifiers [steam:1100001332f7aae; license:4993688f36cfc6092b87a5e4aed9587c9138a4e4; xbl:2535413138538902; live:985157641676131; discord:417963195135688704; fivem:6684932; license2:ce7c823e5409938bcebfcdbbecf1bd8716e23550]
[6:32:55 PM] [wNCcH#14] erkel420: joined with identifiers [steam:1100001088dcd8a; license:e524ab51d792c600866b23ae16f14bc33c8d93af; xbl:2533275024334889; live:985157116428379; discord:296729152026050561; fivem:2183380; license2:b751b9735ca3430eda68f04633775b008b617f39]
[6:33:45 PM] [wNCcH#9] Boom: said "/-engine"
[6:33:49 PM] [wNCcH#15] IronLion: joined with identifiers [steam:11000013d5e6173; license:e754717f80cc68d70213608bb451648ff86385d3; xbl:2535468420863964; live:1055521734914238; discord:425423173119508483; license2:e754717f80cc68d70213608bb451648ff86385d3]
[6:33:51 PM] [wNCcH#14] erkel420: disconnected (Game crashed: coffee-west-avocado (kernelbase.dll+2CF19))
[6:33:57 PM] [wNCcH#9] Boom: said "/-engine"
[6:33:59 PM] [wNCcH#9] Boom: said "/-engine"
[6:34:50 PM] [wNCcH#16] erkel420: joined with identifiers [steam:1100001088dcd8a; license:e524ab51d792c600866b23ae16f14bc33c8d93af; xbl:2533275024334889; live:985157116428379; discord:296729152026050561; fivem:2183380; license2:b751b9735ca3430eda68f04633775b008b617f39]
[6:35:29 PM] [wNCcH#17] OMG_WILL2ILL: joined with identifiers [steam:1100001332f7aae; license:4993688f36cfc6092b87a5e4aed9587c9138a4e4; xbl:2535413138538902; live:985157641676131; discord:417963195135688704; fivem:6684932; license2:ce7c823e5409938bcebfcdbbecf1bd8716e23550]
[6:35:31 PM] [wNCcH#13] OMG_WILL2ILL: disconnected (Server->client connection timed out. Last seen 48980 msec ago.)
[6:37:21 PM] [wNCcH#4] slatersteelwelding: started spectating player [#5] GoblinLeaf
[6:40:15 PM] [wNCcH#9] Boom: said "/-engine"
[6:40:52 PM] [wNCcH#12] Vinnie B: said "/-showMenu"
[6:41:00 PM] [wNCcH#12] Vinnie B: said "/-showMenu"
[6:41:02 PM] [wNCcH#12] Vinnie B: said "/-showMenu"
[6:41:04 PM] [wNCcH#12] Vinnie B: said "/-showMenu"
[6:43:03 PM] [wNCcH#17] OMG_WILL2ILL: said "/-engine"
[6:43:40 PM] [wNCcH#4] slatersteelwelding: started spectating player [#9] Boom
[6:45:32 PM] [wNCcH#9] Boom: disconnected (Exiting)
[6:47:39 PM] [wNCcH#4] slatersteelwelding: started spectating player [#5] GoblinLeaf
[6:47:58 PM] [wNCcH#18] Boom: joined with identifiers [steam:11000013f021de2; license:298b130a4e29eb1a7ffe0e212db22e056ab9a791; xbl:2535462605363946; live:914801330698079; discord:532080338147737620; fivem:11244005; license2:298b130a4e29eb1a7ffe0e212db22e056ab9a791]
[6:49:10 PM] [wNCcH#18] Boom: disconnected (Game crashed: coffee-west-avocado (kernelbase.dll+2CF19))
[6:50:26 PM] [wNCcH#19] Boom: joined with identifiers [steam:11000013f021de2; license:298b130a4e29eb1a7ffe0e212db22e056ab9a791; xbl:2535462605363946; live:914801330698079; discord:532080338147737620; fivem:11244005; license2:298b130a4e29eb1a7ffe0e212db22e056ab9a791]
[6:51:19 PM] [wNCcH#12] Vinnie B: said "/-engine"
[6:52:09 PM] [wNCcH#16] erkel420: died from suicide (Falling)
[6:52:42 PM] [wNCcH#19] Boom: disconnected (Exiting)
[6:54:03 PM] [wNCcH#16] erkel420: died from suicide (Falling)
[6:54:09 PM] [wNCcH#20] Boom: joined with identifiers [steam:11000013f021de2; license:298b130a4e29eb1a7ffe0e212db22e056ab9a791; xbl:2535462605363946; live:914801330698079; discord:532080338147737620; fivem:11244005; license2:298b130a4e29eb1a7ffe0e212db22e056ab9a791]
[6:55:08 PM] [wNCcH#4] slatersteelwelding: started spectating player [#20] Boom
[6:55:53 PM] [wNCcH#4] slatersteelwelding: started spectating player [#20] Boom
[6:56:19 PM] [wNCcH#12] Vinnie B: disconnected (Exiting)
[6:58:51 PM] [wNCcH#8] daniella.moore6688: disconnected (You were kicked for being AFK)
[6:59:13 PM] [wNCcH#21] Vinnie B: joined with identifiers [steam:1100001000a8440; license:e4dd42d99c03da5c03841f32309a05e7557f0b17; discord:204389329206902786; fivem:1859848]
[7:02:11 PM] [wNCcH#15] IronLion: disconnected (Server->client connection timed out. Last seen 40395 msec ago.)
[7:12:31 PM] [wNCcH#10] Corny Bastard: disconnected (Exiting)
[7:13:24 PM] [wNCcH#21] Vinnie B: disconnected (Exiting)
[7:15:36 PM] [wNCcH#17] OMG_WILL2ILL: disconnected (Disconnected.)
[7:17:54 PM] [wNCcH#4] slatersteelwelding: disconnected (Exiting)
[7:21:28 PM] [wNCcH#20] Boom: said "/-engine"
[7:21:29 PM] [wNCcH#20] Boom: said "/-engine"
[7:21:37 PM] [wNCcH#20] Boom: said "/-engine"
[7:21:44 PM] [wNCcH#20] Boom: said "/-engine"
[7:21:53 PM] [wNCcH#20] Boom: said "/-engine"
[7:22:00 PM] [wNCcH#20] Boom: said "/-engine"
[7:22:07 PM] [wNCcH#20] Boom: said "/-engine"
[7:22:15 PM] [wNCcH#20] Boom: said "/-engine"
[7:22:17 PM] [wNCcH#20] Boom: said "/-engine"
[7:25:22 PM] [wNCcH#20] Boom: said "/-engine"
[7:25:23 PM] [wNCcH#20] Boom: said "/-engine"
[7:25:24 PM] [wNCcH#20] Boom: said "/-engine"
[7:25:57 PM] [wNCcH#16] erkel420: disconnected (Exiting)
[7:35:23 PM] [wNCcH#20] Boom: said "/-engine"
[7:35:41 PM] [wNCcH#20] Boom: said "/-engine"
[7:35:43 PM] [wNCcH#20] Boom: said "/-engine"
[7:36:04 PM] [wNCcH#20] Boom: said "/-engine"
[7:36:08 PM] [wNCcH#20] Boom: said "/-engine"
[7:36:31 PM] [wNCcH#20] Boom: said "/-engine"
[7:36:32 PM] [wNCcH#20] Boom: said "/-engine"
[7:40:16 PM] [wNCcH#20] Boom: said "/-engine"
[7:40:18 PM] [wNCcH#20] Boom: said "/-engine"
[7:40:33 PM] [wNCcH#20] Boom: said "/-engine"
[7:40:38 PM] [wNCcH#20] Boom: said "/-engine"
[7:40:41 PM] [wNCcH#20] Boom: said "/-engine"
[7:40:55 PM] [wNCcH#20] Boom: said "/-engine"
[7:40:58 PM] [wNCcH#20] Boom: said "/-engine"
[7:41:01 PM] [wNCcH#20] Boom: said "/-engine"
[7:41:11 PM] [wNCcH#20] Boom: said "/-engine"
[7:46:27 PM] [wNCcH#20] Boom: said "/-engine"
[7:47:15 PM] [wNCcH#20] Boom: said "/-engine"
[7:47:42 PM] [wNCcH#20] Boom: said "/-engine"
[7:48:20 PM] [wNCcH#20] Boom: said "/-engine"
[7:48:44 PM] [wNCcH#20] Boom: said "/-engine"
[7:53:52 PM] [wNCcH#11] KeniffKahnif: disconnected (Server->client connection timed out. Last seen 29736 msec ago.)
[7:54:40 PM] [wNCcH#22] KeniffKahnif: joined with identifiers [steam:1100001129b33e8; license:4553cccc75fd41e142adf89e1cb80632e09b9416; discord:814093021950902282; fivem:9786869; license2:46c145a1388381807330ba18fa60584f33973f84]
[8:01:06 PM] [wNCcH#20] Boom: said "//nearby hug2"
[8:01:06 PM] [wNCcH#20] Boom: said "//nearby hug"
[8:01:51 PM] [wNCcH#5] GoblinLeaf: disconnected (Exiting)
[8:02:18 PM] [wNCcH#20] Boom: disconnected (Exiting)
[10:21:54 PM] [wNCcH#22] KeniffKahnif: caused an explosion (PROXMINE)
[10:21:54 PM] [wNCcH#22] KeniffKahnif: caused an explosion (AIR_DEFENCE)
[10:22:22 PM] [wNCcH#22] KeniffKahnif: caused an explosion (PROXMINE)
[10:22:22 PM] [wNCcH#22] KeniffKahnif: caused an explosion (AIR_DEFENCE)
[10:23:18 PM] [wNCcH#22] KeniffKahnif: caused an explosion (PROXMINE)
[10:23:18 PM] [wNCcH#22] KeniffKahnif: caused an explosion (AIR_DEFENCE)
[10:23:58 PM] [wNCcH#22] KeniffKahnif: caused an explosion (PROXMINE)
[10:23:58 PM] [wNCcH#22] KeniffKahnif: caused an explosion (AIR_DEFENCE)
[10:25:08 PM] [wNCcH#23] Subnoize: joined with identifiers [steam:1100001006f2cfb; license:0f3cdd7f74927427df2982bec915ef62e47b16a4; xbl:2535453314934810; live:1055521714157899; discord:130235740318597120; fivem:891169; license2:0f3cdd7f74927427df2982bec915ef62e47b16a4]
[10:29:50 PM] [wNCcH#22] KeniffKahnif: disconnected (You were permanently banned by the server for: Exploiting)
[10:30:45 PM] [wNCcH#23] Subnoize: disconnected (Exiting)
[11:18:04 PM] txAdmin: Logger started
[11:21:01 PM] [BEkDn#1] Subnoize: joined with identifiers [steam:1100001006f2cfb; license:0f3cdd7f74927427df2982bec915ef62e47b16a4; xbl:2535453314934810; live:1055521714157899; discord:130235740318597120; fivem:891169; license2:0f3cdd7f74927427df2982bec915ef62e47b16a4]
[11:28:23 PM] [BEkDn#1] Subnoize: disconnected (Exiting)
[11:30:03 PM] txAdmin: ((Broadcast) txAdmin): said "This server is scheduled to restart in 30 minutes."
[11:45:03 PM] txAdmin: ((Broadcast) txAdmin): said "This server is scheduled to restart in 15 minutes."
[11:50:04 PM] txAdmin: ((Broadcast) txAdmin): said "This server is scheduled to restart in 10 minutes."
[11:55:04 PM] txAdmin: ((Broadcast) txAdmin): said "This server is scheduled to restart in 5 minutes."
[11:56:04 PM] txAdmin: ((Broadcast) txAdmin): said "This server is scheduled to restart in 4 minutes."
[11:57:03 PM] txAdmin: ((Broadcast) txAdmin): said "This server is scheduled to restart in 3 minutes."
[11:58:04 PM] txAdmin: ((Broadcast) txAdmin): said "This server is scheduled to restart in 2 minutes."
[11:59:04 PM] txAdmin: ((Broadcast) txAdmin): said "This server is scheduled to restart in 1 minute. Please disconnect now."
