
================================================================
======== txAdmin Starting - 11/19/2023, 10:57:01 AM             
================================================================
[11:09:12 AM] txAdmin: Logger started
[11:15:49 AM] txAdmin: Logger started
[11:23:39 AM] txAdmin: Logger started

================================================================
======== txAdmin Starting - 11/19/2023, 11:37:53 AM             
================================================================
[11:38:28 AM] txAdmin: Logger started

================================================================
======== txAdmin Starting - 11/19/2023, 11:53:20 AM             
================================================================
[11:53:58 AM] txAdmin: Logger started

================================================================
======== txAdmin Starting - 11/19/2023, 12:17:24 PM             
================================================================

================================================================
======== txAdmin Starting - 11/19/2023, 12:19:28 PM             
================================================================
[12:20:01 PM] txAdmin: Logger started

================================================================
======== txAdmin Starting - 11/19/2023, 2:14:47 PM              
================================================================
[2:15:22 PM] txAdmin: Logger started

================================================================
======== txAdmin Starting - 11/19/2023, 3:04:01 PM              
================================================================
[3:04:35 PM] txAdmin: Logger started

================================================================
======== txAdmin Starting - 11/19/2023, 3:13:34 PM              
================================================================
[3:14:07 PM] txAdmin: Logger started

================================================================
======== txAdmin Starting - 11/19/2023, 3:15:07 PM              
================================================================
[3:15:43 PM] txAdmin: Logger started

================================================================
======== txAdmin Starting - 11/19/2023, 3:23:33 PM              
================================================================
[3:24:07 PM] txAdmin: Logger started

================================================================
======== txAdmin Starting - 11/19/2023, 3:30:48 PM              
================================================================
[3:31:22 PM] txAdmin: Logger started

================================================================
======== txAdmin Starting - 11/19/2023, 3:33:39 PM              
================================================================
[3:34:13 PM] txAdmin: Logger started
[3:40:35 PM] txAdmin: Logger started
[3:42:48 PM] txAdmin: Logger started
[3:58:39 PM] txAdmin: Logger started
[4:02:00 PM] txAdmin: Logger started
[4:18:31 PM] txAdmin: Logger started
[4:25:45 PM] txAdmin: Logger started
[4:28:30 PM] txAdmin: Logger started
[4:46:13 PM] txAdmin: Logger started
[5:43:23 PM] txAdmin: Logger started
[5:47:23 PM] txAdmin: Logger started
[5:56:51 PM] txAdmin: Logger started
[6:06:00 PM] txAdmin: Logger started
[6:08:47 PM] [b4ztP#1] Subnoize: joined with identifiers [steam:1100001006f2cfb; license:0f3cdd7f74927427df2982bec915ef62e47b16a4; xbl:2535453314934810; live:1055521714157899; discord:130235740318597120; fivem:891169; license2:0f3cdd7f74927427df2982bec915ef62e47b16a4]
[6:10:18 PM] [b4ztP#2] Frank Murry /Mike Larry: joined with identifiers [steam:1100001456af900; license:26a3edf9c7572cf83be4e8544303d4c51673b3a0; xbl:2535448495151671; live:844425711116368; discord:800227174161711124; fivem:3427242; license2:9048b12375bd6c48514e5d1add6159d5ce181172]
[6:11:15 PM] [b4ztP#1] Subnoize: said "/quit\"
[6:11:18 PM] [b4ztP#1] Subnoize: disconnected (Exiting)
[6:11:50 PM] [b4ztP#3] Subnoize: joined with identifiers [steam:1100001006f2cfb; license:0f3cdd7f74927427df2982bec915ef62e47b16a4; xbl:2535453314934810; live:1055521714157899; discord:130235740318597120; fivem:891169; license2:0f3cdd7f74927427df2982bec915ef62e47b16a4]
[6:13:22 PM] [b4ztP#2] Frank Murry /Mike Larry: disconnected (Exiting)
[6:13:42 PM] [b4ztP#4] Frank Murry /Mike Larry: joined with identifiers [steam:1100001456af900; license:26a3edf9c7572cf83be4e8544303d4c51673b3a0; xbl:2535448495151671; live:844425711116368; discord:800227174161711124; fivem:3427242; license2:9048b12375bd6c48514e5d1add6159d5ce181172]
[6:14:28 PM] [b4ztP#4] Frank Murry /Mike Larry: disconnected (Exiting)
[6:14:41 PM] [b4ztP#3] Subnoize: disconnected (Exiting)
[6:15:12 PM] [b4ztP#5] Subnoize: joined with identifiers [steam:1100001006f2cfb; license:0f3cdd7f74927427df2982bec915ef62e47b16a4; xbl:2535453314934810; live:1055521714157899; discord:130235740318597120; fivem:891169; license2:0f3cdd7f74927427df2982bec915ef62e47b16a4]
[6:28:15 PM] [b4ztP#5] Subnoize: disconnected (Exiting)
[6:30:59 PM] txAdmin: Logger started
[6:34:08 PM] [j9YYG#1] Subnoize: joined with identifiers [steam:1100001006f2cfb; license:0f3cdd7f74927427df2982bec915ef62e47b16a4; xbl:2535453314934810; live:1055521714157899; discord:130235740318597120; fivem:891169; license2:0f3cdd7f74927427df2982bec915ef62e47b16a4]
[6:35:55 PM] [j9YYG#1] Subnoize: disconnected (Exiting)
[8:41:13 PM] txAdmin: Logger started
[8:42:03 PM] [nNc6d#1] Subnoize: joined with identifiers [steam:1100001006f2cfb; license:0f3cdd7f74927427df2982bec915ef62e47b16a4; xbl:2535453314934810; live:1055521714157899; discord:130235740318597120; fivem:891169; license2:0f3cdd7f74927427df2982bec915ef62e47b16a4]
[8:43:42 PM] [nNc6d#1] Subnoize: disconnected (Exiting)
[8:59:32 PM] txAdmin: Logger started
[9:00:20 PM] [FdkeX#1] Subnoize: joined with identifiers [steam:1100001006f2cfb; license:0f3cdd7f74927427df2982bec915ef62e47b16a4; xbl:2535453314934810; live:1055521714157899; discord:130235740318597120; fivem:891169; license2:0f3cdd7f74927427df2982bec915ef62e47b16a4]
[9:04:54 PM] [FdkeX#2] Scrappy: joined with identifiers [steam:11000010bda3b1a; license:8d6d87a4456cd9bd08712e94d1862061c63cca59; xbl:2535426908789217; live:1055518756100975; discord:206656473625788417; fivem:7209838; license2:f67d3b5267d5a76e8c403c5bbd425eda6827a288]
[9:07:43 PM] [FdkeX#3] daniella.moore6688: joined with identifiers [steam:11000015c7c1a95; license:b334974dce62a54b7a9c7dbbc3475df4c42e7d33; xbl:2535454848224563; live:1055519341203513; discord:1115114133302550599; fivem:10768516; license2:f30c89dd3a53eb016bb7d7da113c3489838b2d92]
[9:09:08 PM] [FdkeX#2] Scrappy: disconnected (Exiting)
[9:11:27 PM] [FdkeX#4] Scrappy: joined with identifiers [steam:11000010bda3b1a; license:8d6d87a4456cd9bd08712e94d1862061c63cca59; xbl:2535426908789217; live:1055518756100975; discord:206656473625788417; fivem:7209838; license2:f67d3b5267d5a76e8c403c5bbd425eda6827a288]
[9:11:55 PM] [FdkeX#1] Subnoize: disconnected (Exiting)
[9:13:19 PM] [FdkeX#3] daniella.moore6688: disconnected (Exiting)
[9:14:32 PM] [FdkeX#4] Scrappy: disconnected (Exiting)
[9:27:03 PM] txAdmin: Logger started
[9:27:47 PM] [BtEne#1] Subnoize: joined with identifiers [steam:1100001006f2cfb; license:0f3cdd7f74927427df2982bec915ef62e47b16a4; xbl:2535453314934810; live:1055521714157899; discord:130235740318597120; fivem:891169; license2:0f3cdd7f74927427df2982bec915ef62e47b16a4]
[9:39:05 PM] [BtEne#1] Subnoize: disconnected ([txAdmin] Server shutting down (requested by dmoore6688).)
[9:41:04 PM] txAdmin: Logger started
[9:44:20 PM] [MfLbf#1] Subnoize: joined with identifiers [steam:1100001006f2cfb; license:0f3cdd7f74927427df2982bec915ef62e47b16a4; xbl:2535453314934810; live:1055521714157899; discord:130235740318597120; fivem:891169; license2:0f3cdd7f74927427df2982bec915ef62e47b16a4]
[9:50:14 PM] [MfLbf#2] daniella.moore6688: joined with identifiers [steam:11000015c7c1a95; license:b334974dce62a54b7a9c7dbbc3475df4c42e7d33; xbl:2535454848224563; live:1055519341203513; discord:1115114133302550599; fivem:10768516; license2:f30c89dd3a53eb016bb7d7da113c3489838b2d92]
[10:00:46 PM] [MfLbf#2] daniella.moore6688: died from suicide (Falling)
[10:01:05 PM] [MfLbf#1] Subnoize: said "/revivet"
[10:15:48 PM] [MfLbf#2] daniella.moore6688: died from suicide (Falling)
[10:15:48 PM] [MfLbf#1] Subnoize: died from suicide (Falling)
[10:16:22 PM] [MfLbf#2] daniella.moore6688: said "/-engine"
[10:38:25 PM] [MfLbf#2] daniella.moore6688: disconnected (Exiting)
[10:43:57 PM] [MfLbf#1] Subnoize: disconnected (Exiting)
[10:47:10 PM] [MfLbf#3] I Am Bad: joined with identifiers [steam:110000109b9255c; license:4c181f165304a0e97c8ef9a32bc935de235d1f75; xbl:2533275026681902; live:844428177493650; discord:352782847632998400; fivem:239800; license2:d9df6f6dc529807d64384b86f3c44c0a7f8c3dda]
[10:54:34 PM] [MfLbf#3] I Am Bad: disconnected (Exiting)
[11:16:50 PM] [MfLbf#4] Nocedking: joined with identifiers [steam:11000011ccfbecc; license:83db084a7e7514e237c510979edea541b7b40344; xbl:2535460708848896; live:1055519593068052; discord:667422524241477652; fivem:895375; license2:3347a16aa13c6f61efe9b66562c09c42665f245b]
[11:22:12 PM] [MfLbf#4] Nocedking: disconnected (Exiting)
[11:48:14 PM] [MfLbf#5] daniella.moore6688: joined with identifiers [steam:11000015c7c1a95; license:b334974dce62a54b7a9c7dbbc3475df4c42e7d33; xbl:2535454848224563; live:1055519341203513; discord:1115114133302550599; fivem:10768516; license2:f30c89dd3a53eb016bb7d7da113c3489838b2d92]
[11:50:00 PM] [MfLbf#5] daniella.moore6688: said "x"
[11:51:07 PM] [MfLbf#6] I Am Bad: joined with identifiers [steam:110000109b9255c; license:4c181f165304a0e97c8ef9a32bc935de235d1f75; xbl:2533275026681902; live:844428177493650; discord:352782847632998400; fivem:239800; license2:d9df6f6dc529807d64384b86f3c44c0a7f8c3dda]
[11:55:08 PM] [MfLbf#5] daniella.moore6688: summoned player [#6] I Am Bad
[11:56:40 PM] [MfLbf#5] daniella.moore6688: turned show player IDs on
[11:57:49 PM] [MfLbf#6] I Am Bad: said "/seatbelt"
[11:59:39 PM] [MfLbf#6] I Am Bad: said "/seatbelt"
[11:59:54 PM] [MfLbf#6] I Am Bad: said "/seatbelt"
[11:59:58 PM] [MfLbf#6] I Am Bad: said "/seatbelt"
