
================================================================
======== txAdmin Starting - 11/24/2023, 6:46:00 PM              
================================================================

================================================================
======== Log Rotated - 11/24/2023, 6:46:00 PM                   
================================================================
[6:49:17 PM] txAdmin: Logger started
[6:50:11 PM] [UkHBB#1] GamingPanthers: joined with identifiers [steam:110000109f4297c; license:351e1a8c4dc9f220f397e49bd1fb5fad8320f70d; xbl:2535450387164500; live:844425644646151; discord:252354071380361218; fivem:219368; license2:351e1a8c4dc9f220f397e49bd1fb5fad8320f70d]
[6:50:42 PM] [UkHBB#1] GamingPanthers: disconnected (Game crashed: eighteen-low-quebec (kernelbase.dll+6565C))
[6:51:47 PM] [UkHBB#2] daniella.moore6688: joined with identifiers [steam:11000015c7c1a95; license:b334974dce62a54b7a9c7dbbc3475df4c42e7d33; xbl:2535454848224563; live:1055519341203513; discord:1115114133302550599; fivem:10768516; license2:f30c89dd3a53eb016bb7d7da113c3489838b2d92]
[6:53:18 PM] [UkHBB#3] slatersteelwelding: joined with identifiers [steam:11000014941d72f; license:27f977a27ea5dfa0778b610bdaf9e4fe9038e9d1; xbl:2535454848224563; live:1055519341203513; discord:863885648673636392; fivem:4645783; license2:23e6e4eb94c14f30f711113bd7592dc56d109bf1]
[6:54:27 PM] [UkHBB#4] GamingPanthers: joined with identifiers [steam:110000109f4297c; license:351e1a8c4dc9f220f397e49bd1fb5fad8320f70d; xbl:2535450387164500; live:844425644646151; discord:252354071380361218; fivem:219368; license2:351e1a8c4dc9f220f397e49bd1fb5fad8320f70d]
[6:59:38 PM] [UkHBB#4] GamingPanthers: disconnected (Exiting)
[6:59:47 PM] [UkHBB#3] slatersteelwelding: disconnected (Server shutting down: SIGHUP received)
[6:59:47 PM] [UkHBB#2] daniella.moore6688: disconnected (Server shutting down: SIGHUP received)

================================================================
======== txAdmin Starting - 11/24/2023, 7:00:01 PM              
================================================================
[7:01:20 PM] txAdmin: Logger started
[7:04:24 PM] [arHxb#1] GamingPanthers: joined with identifiers [steam:110000109f4297c; license:351e1a8c4dc9f220f397e49bd1fb5fad8320f70d; xbl:2535450387164500; live:844425644646151; discord:252354071380361218; fivem:219368; license2:351e1a8c4dc9f220f397e49bd1fb5fad8320f70d]
[7:05:57 PM] [arHxb#2] daniella.moore6688: joined with identifiers [steam:11000015c7c1a95; license:b334974dce62a54b7a9c7dbbc3475df4c42e7d33; xbl:2535454848224563; live:1055519341203513; discord:1115114133302550599; fivem:10768516; license2:f30c89dd3a53eb016bb7d7da113c3489838b2d92]
[7:06:20 PM] [arHxb#2] daniella.moore6688: disconnected (Game crashed: GTA5_b2802.exe!sub_14058B6E8 (0x1c1))
[7:18:35 PM] [arHxb#3] zoodle bob: joined with identifiers [steam:11000010af446b5; license:9a385c13c529f746e488c0d9020baf09f988609a; xbl:2533274891417611; live:914800464761105; discord:538529788264972299; fivem:5463803; license2:aac73791e7bd969a1f042c83f439198b5c5ca4fb]
[7:18:37 PM] [arHxb#4] slatersteelwelding: joined with identifiers [steam:11000014941d72f; license:27f977a27ea5dfa0778b610bdaf9e4fe9038e9d1; xbl:2535454848224563; live:1055519341203513; discord:863885648673636392; fivem:4645783; license2:23e6e4eb94c14f30f711113bd7592dc56d109bf1]
[7:18:38 PM] [arHxb#1] GamingPanthers: said "/tom"
[7:18:39 PM] [arHxb#1] GamingPanthers: said "pm"
[7:18:52 PM] [arHxb#1] GamingPanthers: said "/god"
[7:19:03 PM] [arHxb#1] GamingPanthers: died from suicide
[7:20:54 PM] [arHxb#3] zoodle bob: caused an explosion (BLIMP)
[7:20:54 PM] [arHxb#3] zoodle bob: caused an explosion (BLIMP)
[7:20:54 PM] [arHxb#3] zoodle bob: caused an explosion (BLIMP)
[7:20:54 PM] [arHxb#3] zoodle bob: caused an explosion (BLIMP)
[7:22:14 PM] [arHxb#3] zoodle bob: caused an explosion (BLIMP)
[7:22:14 PM] [arHxb#3] zoodle bob: caused an explosion (BLIMP)
[7:22:14 PM] [arHxb#3] zoodle bob: caused an explosion (BLIMP)
[7:22:14 PM] [arHxb#3] zoodle bob: caused an explosion (BLIMP)
[7:26:39 PM] [arHxb#4] slatersteelwelding: caused an explosion (BLIMP)
[7:26:39 PM] [arHxb#4] slatersteelwelding: caused an explosion (BLIMP)
[7:26:39 PM] [arHxb#4] slatersteelwelding: caused an explosion (BLIMP)
[7:26:39 PM] [arHxb#4] slatersteelwelding: caused an explosion (BLIMP)
[7:27:01 PM] [arHxb#3] zoodle bob: caused an explosion (PROXMINE)
[7:27:01 PM] [arHxb#3] zoodle bob: caused an explosion (AIR_DEFENCE)
[7:27:48 PM] [arHxb#3] zoodle bob: caused an explosion (PROXMINE)
[7:27:48 PM] [arHxb#3] zoodle bob: caused an explosion (AIR_DEFENCE)
[7:28:00 PM] [arHxb#5] daniella.moore6688: joined with identifiers [steam:11000015c7c1a95; license:b334974dce62a54b7a9c7dbbc3475df4c42e7d33; xbl:2535454848224563; live:1055519341203513; discord:1115114133302550599; fivem:10768516; license2:f30c89dd3a53eb016bb7d7da113c3489838b2d92]
[7:28:36 PM] [arHxb#3] zoodle bob: caused an explosion (PROXMINE)
[7:28:36 PM] [arHxb#3] zoodle bob: caused an explosion (AIR_DEFENCE)
[7:29:01 PM] [arHxb#3] zoodle bob: caused an explosion (PROXMINE)
[7:29:01 PM] [arHxb#3] zoodle bob: caused an explosion (AIR_DEFENCE)
[7:29:46 PM] [arHxb#4] slatersteelwelding: died from suicide (Falling)
[7:30:03 PM] [arHxb#3] zoodle bob: (		zoodle bob): said "/-engine"
[7:31:36 PM] [arHxb#3] zoodle bob: disconnected (Exiting)
[7:32:08 PM] [arHxb#4] slatersteelwelding: caused an explosion (BLIMP)
[7:32:08 PM] [arHxb#4] slatersteelwelding: caused an explosion (BLIMP)
[7:32:08 PM] [arHxb#4] slatersteelwelding: caused an explosion (BLIMP)
[7:32:08 PM] [arHxb#4] slatersteelwelding: caused an explosion (BLIMP)
[7:33:48 PM] [arHxb#4] slatersteelwelding: caused an explosion (BLIMP)
[7:33:48 PM] [arHxb#4] slatersteelwelding: caused an explosion (BLIMP)
[7:33:48 PM] [arHxb#4] slatersteelwelding: caused an explosion (BLIMP)
[7:33:48 PM] [arHxb#4] slatersteelwelding: caused an explosion (BLIMP)
[7:36:49 PM] [arHxb#4] slatersteelwelding: caused an explosion (BLIMP)
[7:36:49 PM] [arHxb#4] slatersteelwelding: caused an explosion (BLIMP)
[7:36:49 PM] [arHxb#4] slatersteelwelding: caused an explosion (BLIMP)
[7:36:49 PM] [arHxb#4] slatersteelwelding: caused an explosion (BLIMP)
[7:37:43 PM] [arHxb#4] slatersteelwelding: caused an explosion (BLIMP)
[7:37:43 PM] [arHxb#4] slatersteelwelding: caused an explosion (BLIMP)
[7:37:43 PM] [arHxb#4] slatersteelwelding: caused an explosion (BLIMP)
[7:37:43 PM] [arHxb#4] slatersteelwelding: caused an explosion (BLIMP)
[7:37:53 PM] [arHxb#5] daniella.moore6688: turned show player IDs on
[7:38:32 PM] [arHxb#4] slatersteelwelding: caused an explosion (BLIMP)
[7:38:32 PM] [arHxb#4] slatersteelwelding: caused an explosion (BLIMP)
[7:38:32 PM] [arHxb#4] slatersteelwelding: caused an explosion (BLIMP)
[7:38:32 PM] [arHxb#4] slatersteelwelding: caused an explosion (BLIMP)
[7:41:36 PM] [arHxb#4] slatersteelwelding: caused an explosion (BLIMP)
[7:41:36 PM] [arHxb#4] slatersteelwelding: caused an explosion (BLIMP)
[7:41:36 PM] [arHxb#4] slatersteelwelding: caused an explosion (BLIMP)
[7:41:36 PM] [arHxb#4] slatersteelwelding: caused an explosion (BLIMP)
[7:44:24 PM] [arHxb#4] slatersteelwelding: caused an explosion (BLIMP)
[7:44:24 PM] [arHxb#4] slatersteelwelding: caused an explosion (BLIMP)
[7:44:24 PM] [arHxb#4] slatersteelwelding: caused an explosion (BLIMP)
[7:44:24 PM] [arHxb#4] slatersteelwelding: caused an explosion (BLIMP)
[7:50:00 PM] [arHxb#5] daniella.moore6688: died from suicide
[7:50:24 PM] [arHxb#1] GamingPanthers: said "/seat 1"
[7:50:26 PM] [arHxb#4] slatersteelwelding: disconnected (Exiting)
[7:50:27 PM] [arHxb#1] GamingPanthers: said "/seat -1"
[7:51:18 PM] [arHxb#1] GamingPanthers: disconnected (Exiting)
[7:51:25 PM] [arHxb#5] daniella.moore6688: disconnected ([txAdmin] Server restarting (requested by dmoore6688).)
[7:52:30 PM] txAdmin: Logger started
[7:54:52 PM] [XCX9k#1] Scrappy: joined with identifiers [steam:11000010bda3b1a; license:8d6d87a4456cd9bd08712e94d1862061c63cca59; xbl:2535426908789217; live:1055518756100975; discord:206656473625788417; fivem:7209838; license2:f67d3b5267d5a76e8c403c5bbd425eda6827a288]
[8:03:43 PM] [XCX9k#2] daniella.moore6688: joined with identifiers [steam:11000015c7c1a95; license:b334974dce62a54b7a9c7dbbc3475df4c42e7d33; xbl:2535454848224563; live:1055519341203513; discord:1115114133302550599; fivem:10768516; license2:f30c89dd3a53eb016bb7d7da113c3489838b2d92]
[8:06:49 PM] [XCX9k#3] zoodle bob: joined with identifiers [steam:11000010af446b5; license:9a385c13c529f746e488c0d9020baf09f988609a; xbl:2533274891417611; live:914800464761105; discord:538529788264972299; fivem:5463803; license2:aac73791e7bd969a1f042c83f439198b5c5ca4fb]
[8:10:44 PM] [XCX9k#4] slatersteelwelding: joined with identifiers [steam:11000014941d72f; license:27f977a27ea5dfa0778b610bdaf9e4fe9038e9d1; xbl:2535454848224563; live:1055519341203513; discord:863885648673636392; fivem:4645783; license2:23e6e4eb94c14f30f711113bd7592dc56d109bf1]
[8:10:58 PM] [XCX9k#1] Scrappy: disconnected (Exiting)
[8:11:17 PM] [XCX9k#3] zoodle bob: disconnected (Exiting)
[8:11:39 PM] [XCX9k#5] zoodle bob: joined with identifiers [steam:11000010af446b5; license:9a385c13c529f746e488c0d9020baf09f988609a; xbl:2533274891417611; live:914800464761105; discord:538529788264972299; fivem:5463803; license2:aac73791e7bd969a1f042c83f439198b5c5ca4fb]
[8:12:49 PM] [XCX9k#2] daniella.moore6688: teleported to player [#5] 		zoodle bob (x=2359.543, y=3041.736, z=48.135)
[8:13:22 PM] [XCX9k#6] Scrappy: joined with identifiers [steam:11000010bda3b1a; license:8d6d87a4456cd9bd08712e94d1862061c63cca59; xbl:2535426908789217; live:1055518756100975; discord:206656473625788417; fivem:7209838; license2:f67d3b5267d5a76e8c403c5bbd425eda6827a288]
[8:13:43 PM] [XCX9k#4] slatersteelwelding: caused an explosion (PROXMINE)
[8:13:43 PM] [XCX9k#4] slatersteelwelding: caused an explosion (AIR_DEFENCE)
[8:13:44 PM] [XCX9k#7] GamingPanthers: joined with identifiers [steam:110000109f4297c; license:351e1a8c4dc9f220f397e49bd1fb5fad8320f70d; xbl:2535450387164500; live:844425644646151; discord:252354071380361218; fivem:219368; license2:351e1a8c4dc9f220f397e49bd1fb5fad8320f70d]
[8:14:19 PM] [XCX9k#2] daniella.moore6688: disconnected (Exiting)
[8:14:32 PM] [XCX9k#4] slatersteelwelding: caused an explosion (PROXMINE)
[8:14:32 PM] [XCX9k#4] slatersteelwelding: caused an explosion (AIR_DEFENCE)
[8:15:23 PM] [XCX9k#7] GamingPanthers: said "id"
[8:15:27 PM] [XCX9k#4] slatersteelwelding: caused an explosion (PROXMINE)
[8:15:27 PM] [XCX9k#4] slatersteelwelding: caused an explosion (AIR_DEFENCE)
[8:16:14 PM] [XCX9k#4] slatersteelwelding: caused an explosion (PROXMINE)
[8:16:14 PM] [XCX9k#4] slatersteelwelding: caused an explosion (AIR_DEFENCE)
[8:16:56 PM] [XCX9k#4] slatersteelwelding: said "noclip"
[8:19:27 PM] [XCX9k#8] daniella.moore6688: joined with identifiers [steam:11000015c7c1a95; license:b334974dce62a54b7a9c7dbbc3475df4c42e7d33; xbl:2535454848224563; live:1055519341203513; discord:1115114133302550599; fivem:10768516; license2:f30c89dd3a53eb016bb7d7da113c3489838b2d92]
[8:20:12 PM] [XCX9k#4] slatersteelwelding: disconnected (Exiting)
[8:20:16 PM] [XCX9k#8] daniella.moore6688: turned show player IDs on
[8:20:46 PM] [XCX9k#9] Psycho Martinez420: joined with identifiers [steam:110000106ddc77b; license:7afe4f179daf15f31044fc07c9a8f8b47128c7b6; xbl:2535422302633942; live:985157456431017; discord:365676745308897280; fivem:2724849; license2:99511ed081c4dc1d83ec972fa0d79db6f4065162]
[8:20:52 PM] [XCX9k#10] Bengal Norr: joined with identifiers [steam:11000010ebbe005; license:276c33b527d99c7814bbab8092f01bdf52658afe; xbl:2535446177797435; live:1829582574844938; discord:154817665456668672; fivem:8016696; license2:ad796aea5f384dcc8fb2ace91c6b607cdae4d4e1]
[8:21:51 PM] [XCX9k#6] Scrappy: caused an explosion (BLIMP)
[8:21:51 PM] [XCX9k#6] Scrappy: caused an explosion (BLIMP)
[8:21:51 PM] [XCX9k#6] Scrappy: caused an explosion (BLIMP)
[8:21:51 PM] [XCX9k#6] Scrappy: caused an explosion (BLIMP)
[8:23:51 PM] [XCX9k#8] daniella.moore6688: turned show player IDs off
[8:24:17 PM] [XCX9k#8] daniella.moore6688: died from unknown by GamingPanthers
[8:24:43 PM] [XCX9k#7] GamingPanthers: said "/heal"
[8:24:45 PM] [XCX9k#6] Scrappy: caused an explosion (BLIMP)
[8:24:45 PM] [XCX9k#6] Scrappy: caused an explosion (BLIMP)
[8:24:45 PM] [XCX9k#6] Scrappy: caused an explosion (BLIMP)
[8:24:45 PM] [XCX9k#6] Scrappy: caused an explosion (BLIMP)
[8:25:22 PM] [XCX9k#10] Bengal Norr: said "/-showMenu"
[8:27:18 PM] [XCX9k#9] Psycho Martinez420: caused an explosion (BLIMP)
[8:27:18 PM] [XCX9k#9] Psycho Martinez420: caused an explosion (BLIMP)
[8:27:18 PM] [XCX9k#9] Psycho Martinez420: caused an explosion (BLIMP)
[8:27:18 PM] [XCX9k#9] Psycho Martinez420: caused an explosion (BLIMP)
[8:27:41 PM] [XCX9k#11] FrekiTheWolf: joined with identifiers [steam:11000010694864d; license:2d46c492aa919469267fb90c6b569d8a5a807cf9; xbl:2535456830700079; live:985154829445857; discord:196106187765317632; fivem:6787637; license2:685a1e79503d19b2e6d27de37a5c3f1dbe40bbdf]
[8:28:10 PM] [XCX9k#9] Psycho Martinez420: caused an explosion (BLIMP)
[8:28:10 PM] [XCX9k#9] Psycho Martinez420: caused an explosion (BLIMP)
[8:28:10 PM] [XCX9k#9] Psycho Martinez420: caused an explosion (BLIMP)
[8:28:10 PM] [XCX9k#9] Psycho Martinez420: caused an explosion (BLIMP)
[8:28:43 PM] [XCX9k#10] Bengal Norr: disconnected (Exiting)
[8:28:57 PM] [XCX9k#5] zoodle bob: caused an explosion (PROXMINE)
[8:28:57 PM] [XCX9k#5] zoodle bob: caused an explosion (AIR_DEFENCE)
[8:29:33 PM] [XCX9k#5] zoodle bob: caused an explosion (PROXMINE)
[8:29:33 PM] [XCX9k#5] zoodle bob: caused an explosion (AIR_DEFENCE)
[8:29:50 PM] [XCX9k#12] slatersteelwelding: joined with identifiers [steam:11000014941d72f; license:27f977a27ea5dfa0778b610bdaf9e4fe9038e9d1; xbl:2535454848224563; live:1055519341203513; discord:863885648673636392; fivem:4645783; license2:23e6e4eb94c14f30f711113bd7592dc56d109bf1]
[8:30:09 PM] [XCX9k#13] GlamWitch: joined with identifiers [steam:110000141c19d96; license:19f33b3bcda5d4c1699f31242ca6eb351f1328ef; discord:762778424065916969; fivem:3595880; license2:19f33b3bcda5d4c1699f31242ca6eb351f1328ef]
[8:30:58 PM] [XCX9k#14] Bengal Norr: joined with identifiers [steam:11000010ebbe005; license:276c33b527d99c7814bbab8092f01bdf52658afe; xbl:2535446177797435; live:1829582574844938; discord:154817665456668672; fivem:8016696; license2:ad796aea5f384dcc8fb2ace91c6b607cdae4d4e1]
[8:31:33 PM] [XCX9k#15] slatersteelwelding: joined with identifiers [steam:11000014941d72f; license:27f977a27ea5dfa0778b610bdaf9e4fe9038e9d1; xbl:2535454848224563; live:1055519341203513; discord:863885648673636392; fivem:4645783; license2:23e6e4eb94c14f30f711113bd7592dc56d109bf1]
[8:32:04 PM] [XCX9k#12] slatersteelwelding: disconnected (Server->client connection timed out. Last seen 58356 msec ago.)
[8:32:27 PM] [XCX9k#5] zoodle bob: (		zoodle bob): said "/-engine"
[8:33:03 PM] [XCX9k#9] Psycho Martinez420: disconnected (Exiting)
[8:34:41 PM] [XCX9k#15] slatersteelwelding: disconnected (Exiting)
[8:35:10 PM] [XCX9k#16] slatersteelwelding: joined with identifiers [steam:11000014941d72f; license:27f977a27ea5dfa0778b610bdaf9e4fe9038e9d1; xbl:2535454848224563; live:1055519341203513; discord:863885648673636392; fivem:4645783; license2:23e6e4eb94c14f30f711113bd7592dc56d109bf1]
[8:35:32 PM] [XCX9k#14] Bengal Norr: said "/-showMenu"
[8:36:11 PM] [XCX9k#14] Bengal Norr: said "/-showMenu"
[8:36:53 PM] [XCX9k#14] Bengal Norr: said "/-showMenu"
[8:40:50 PM] [XCX9k#16] slatersteelwelding: disconnected (Exiting)
[8:40:59 PM] [XCX9k#11] FrekiTheWolf: said "/-engine"
[8:41:14 PM] [XCX9k#17] slatersteelwelding: joined with identifiers [steam:11000014941d72f; license:27f977a27ea5dfa0778b610bdaf9e4fe9038e9d1; xbl:2535454848224563; live:1055519341203513; discord:863885648673636392; fivem:4645783; license2:23e6e4eb94c14f30f711113bd7592dc56d109bf1]
[8:47:04 PM] [XCX9k#17] slatersteelwelding: disconnected (Exiting)
[8:47:32 PM] [XCX9k#18] slatersteelwelding: joined with identifiers [steam:11000014941d72f; license:27f977a27ea5dfa0778b610bdaf9e4fe9038e9d1; xbl:2535454848224563; live:1055519341203513; discord:863885648673636392; fivem:4645783; license2:23e6e4eb94c14f30f711113bd7592dc56d109bf1]
[8:49:19 PM] [XCX9k#11] FrekiTheWolf: said "/-engine"
[8:49:29 PM] [XCX9k#18] slatersteelwelding: disconnected (Exiting)
[8:50:21 PM] [XCX9k#19] slatersteelwelding: joined with identifiers [steam:11000014941d72f; license:27f977a27ea5dfa0778b610bdaf9e4fe9038e9d1; xbl:2535454848224563; live:1055519341203513; discord:863885648673636392; fivem:4645783; license2:23e6e4eb94c14f30f711113bd7592dc56d109bf1]
[8:50:33 PM] [XCX9k#11] FrekiTheWolf: said "/-engine"
[8:51:16 PM] [XCX9k#19] slatersteelwelding: disconnected (Exiting)
[8:51:53 PM] [XCX9k#20] slatersteelwelding: joined with identifiers [steam:11000014941d72f; license:27f977a27ea5dfa0778b610bdaf9e4fe9038e9d1; xbl:2535454848224563; live:1055519341203513; discord:863885648673636392; fivem:4645783; license2:23e6e4eb94c14f30f711113bd7592dc56d109bf1]
[8:57:15 PM] [XCX9k#20] slatersteelwelding: disconnected (Exiting)
[8:57:17 PM] [XCX9k#5] zoodle bob: (		zoodle bob): said "e c"
[8:57:52 PM] [XCX9k#21] slatersteelwelding: joined with identifiers [steam:11000014941d72f; license:27f977a27ea5dfa0778b610bdaf9e4fe9038e9d1; xbl:2535454848224563; live:1055519341203513; discord:863885648673636392; fivem:4645783; license2:23e6e4eb94c14f30f711113bd7592dc56d109bf1]
[8:58:45 PM] [XCX9k#11] FrekiTheWolf: said "/-engine"
[9:03:15 PM] [XCX9k#6] Scrappy: caused an explosion (BLIMP)
[9:03:15 PM] [XCX9k#6] Scrappy: caused an explosion (BLIMP)
[9:03:15 PM] [XCX9k#6] Scrappy: caused an explosion (BLIMP)
[9:03:15 PM] [XCX9k#6] Scrappy: caused an explosion (BLIMP)
[9:05:24 PM] [XCX9k#5] zoodle bob: (		zoodle bob): said "/-engine"
[9:06:52 PM] [XCX9k#21] slatersteelwelding: said "/reive"
[9:07:19 PM] [XCX9k#8] daniella.moore6688: disconnected (You were kicked for being AFK)
[9:09:20 PM] [XCX9k#6] Scrappy: caused an explosion (BLIMP)
[9:09:20 PM] [XCX9k#6] Scrappy: caused an explosion (BLIMP)
[9:09:20 PM] [XCX9k#6] Scrappy: caused an explosion (BLIMP)
[9:09:20 PM] [XCX9k#6] Scrappy: caused an explosion (BLIMP)
[9:13:28 PM] [XCX9k#6] Scrappy: caused an explosion (BLIMP)
[9:13:28 PM] [XCX9k#6] Scrappy: caused an explosion (BLIMP)
[9:13:28 PM] [XCX9k#6] Scrappy: caused an explosion (BLIMP)
[9:13:28 PM] [XCX9k#6] Scrappy: caused an explosion (BLIMP)
[9:15:40 PM] [XCX9k#6] Scrappy: caused an explosion (BLIMP)
[9:15:40 PM] [XCX9k#6] Scrappy: caused an explosion (BLIMP)
[9:15:40 PM] [XCX9k#6] Scrappy: caused an explosion (BLIMP)
[9:15:40 PM] [XCX9k#6] Scrappy: caused an explosion (BLIMP)
[9:16:06 PM] [XCX9k#22] IronLion: joined with identifiers [steam:11000013d5e6173; license:e754717f80cc68d70213608bb451648ff86385d3; xbl:2535468420863964; live:1055521734914238; discord:425423173119508483; license2:e754717f80cc68d70213608bb451648ff86385d3]
[9:16:27 PM] [XCX9k#6] Scrappy: caused an explosion (BLIMP)
[9:16:27 PM] [XCX9k#6] Scrappy: caused an explosion (BLIMP)
[9:16:27 PM] [XCX9k#6] Scrappy: caused an explosion (BLIMP)
[9:16:27 PM] [XCX9k#6] Scrappy: caused an explosion (BLIMP)
[9:17:15 PM] [XCX9k#6] Scrappy: caused an explosion (BLIMP)
[9:17:15 PM] [XCX9k#6] Scrappy: caused an explosion (BLIMP)
[9:17:15 PM] [XCX9k#6] Scrappy: caused an explosion (BLIMP)
[9:17:15 PM] [XCX9k#6] Scrappy: caused an explosion (BLIMP)
[9:21:59 PM] [XCX9k#14] Bengal Norr: disconnected (Exiting)
[9:22:42 PM] [XCX9k#6] Scrappy: caused an explosion (BLIMP)
[9:22:42 PM] [XCX9k#6] Scrappy: caused an explosion (BLIMP)
[9:22:42 PM] [XCX9k#6] Scrappy: caused an explosion (BLIMP)
[9:22:42 PM] [XCX9k#6] Scrappy: caused an explosion (BLIMP)
[9:25:24 PM] [XCX9k#11] FrekiTheWolf: said "/-engine"
[9:26:39 PM] [XCX9k#6] Scrappy: caused an explosion (BLIMP)
[9:26:39 PM] [XCX9k#6] Scrappy: caused an explosion (BLIMP)
[9:26:39 PM] [XCX9k#6] Scrappy: caused an explosion (BLIMP)
[9:26:39 PM] [XCX9k#6] Scrappy: caused an explosion (BLIMP)
[9:27:36 PM] [XCX9k#5] zoodle bob: (		zoodle bob): said "/-engine"
[9:29:12 PM] [XCX9k#7] GamingPanthers: disconnected (You were kicked for being AFK)
[9:29:32 PM] [XCX9k#6] Scrappy: caused an explosion (BLIMP)
[9:29:32 PM] [XCX9k#6] Scrappy: caused an explosion (BLIMP)
[9:29:32 PM] [XCX9k#6] Scrappy: caused an explosion (BLIMP)
[9:29:32 PM] [XCX9k#6] Scrappy: caused an explosion (BLIMP)
[9:29:50 PM] [XCX9k#11] FrekiTheWolf: said "/-engine"
[9:30:32 PM] [XCX9k#6] Scrappy: caused an explosion (BLIMP)
[9:30:32 PM] [XCX9k#6] Scrappy: caused an explosion (BLIMP)
[9:30:32 PM] [XCX9k#6] Scrappy: caused an explosion (BLIMP)
[9:30:32 PM] [XCX9k#6] Scrappy: caused an explosion (BLIMP)
[9:30:59 PM] [XCX9k#11] FrekiTheWolf: said "/-engine"
[9:31:18 PM] [XCX9k#6] Scrappy: caused an explosion (BLIMP)
[9:31:18 PM] [XCX9k#6] Scrappy: caused an explosion (BLIMP)
[9:31:18 PM] [XCX9k#6] Scrappy: caused an explosion (BLIMP)
[9:31:18 PM] [XCX9k#6] Scrappy: caused an explosion (BLIMP)
[9:32:51 PM] [XCX9k#6] Scrappy: caused an explosion (BLIMP)
[9:32:51 PM] [XCX9k#6] Scrappy: caused an explosion (BLIMP)
[9:32:51 PM] [XCX9k#6] Scrappy: caused an explosion (BLIMP)
[9:32:51 PM] [XCX9k#6] Scrappy: caused an explosion (BLIMP)
[9:34:06 PM] [XCX9k#11] FrekiTheWolf: said "/-engine"
[9:34:53 PM] [XCX9k#23] Inky: joined with identifiers [steam:110000118bac374; license:a1be864f43b9cb5f420edd82676fbc1dd5499586; xbl:2533274875245920; live:985156530836741; discord:198602811410219008; fivem:9103822; license2:a1be864f43b9cb5f420edd82676fbc1dd5499586]
[9:35:38 PM] [XCX9k#23] Inky: said "/gangster"
[9:35:46 PM] [XCX9k#23] Inky: said "/gangster"
[9:35:53 PM] [XCX9k#23] Inky: said "/gangster"
[9:35:59 PM] [XCX9k#23] Inky: said "/gangster"
[9:36:13 PM] [XCX9k#23] Inky: said "/gangster"
[9:36:25 PM] [XCX9k#23] Inky: said "/gangster"
[9:36:29 PM] [XCX9k#23] Inky: said "/gangster"
[9:36:39 PM] [XCX9k#23] Inky: said "/gangster"
[9:36:41 PM] [XCX9k#23] Inky: said "/gangster"
[9:36:44 PM] [XCX9k#23] Inky: said "/gangster"
[9:36:46 PM] [XCX9k#22] IronLion: caused an explosion (BLIMP)
[9:36:46 PM] [XCX9k#22] IronLion: caused an explosion (BLIMP)
[9:36:46 PM] [XCX9k#22] IronLion: caused an explosion (BLIMP)
[9:36:46 PM] [XCX9k#22] IronLion: caused an explosion (BLIMP)
[9:36:46 PM] [XCX9k#23] Inky: said "/gangster"
[9:36:49 PM] [XCX9k#23] Inky: said "/gangster"
[9:36:52 PM] [XCX9k#23] Inky: said "/gangster"
[9:37:01 PM] [XCX9k#23] Inky: said "/gangster"
[9:37:02 PM] [XCX9k#23] Inky: said "/gangster"
[9:37:06 PM] [XCX9k#23] Inky: said "/gangster"
[9:37:09 PM] [XCX9k#23] Inky: said "/gangster"
[9:37:12 PM] [XCX9k#23] Inky: said "/gangster"
[9:37:14 PM] [XCX9k#23] Inky: said "/gangster"
[9:37:52 PM] [XCX9k#23] Inky: said "/gangster"
[9:37:53 PM] [XCX9k#23] Inky: said "/gangster"
[9:37:53 PM] [XCX9k#23] Inky: said "/gangster"
[9:38:08 PM] [XCX9k#11] FrekiTheWolf: said "/-engine"
[9:38:11 PM] [XCX9k#23] Inky: said "/gangster"
[9:38:12 PM] [XCX9k#23] Inky: said "/gangster"
[9:38:20 PM] [XCX9k#23] Inky: said "/gangster"
[9:38:20 PM] [XCX9k#23] Inky: said "/gangster"
[9:38:22 PM] [XCX9k#23] Inky: said "/gangster"
[9:38:23 PM] [XCX9k#23] Inky: said "/gangster"
[9:39:19 PM] [XCX9k#23] Inky: said "/gangster"
[9:39:20 PM] [XCX9k#23] Inky: said "/gangster"
[9:39:21 PM] [XCX9k#23] Inky: said "/gangster"
[9:39:37 PM] [XCX9k#23] Inky: said "/gangster"
[9:39:43 PM] [XCX9k#23] Inky: said "/gangster"
[9:40:10 PM] [XCX9k#23] Inky: said "/gangster"
[9:40:14 PM] [XCX9k#23] Inky: said "/gangster"
[9:40:16 PM] [XCX9k#23] Inky: said "/gangster"
[9:40:21 PM] [XCX9k#23] Inky: said "/gangster"
[9:40:25 PM] [XCX9k#23] Inky: said "/gangster"
[9:40:25 PM] [XCX9k#23] Inky: said "/gangster"
[9:40:31 PM] [XCX9k#23] Inky: said "/gangster"
[9:40:32 PM] [XCX9k#23] Inky: said "/gangster"
[9:40:34 PM] [XCX9k#23] Inky: said "/gangster"
[9:40:44 PM] [XCX9k#23] Inky: said "/gangster"
[9:40:49 PM] [XCX9k#23] Inky: said "/gangster"
[9:41:04 PM] [XCX9k#23] Inky: said "/gangster"
[9:41:06 PM] [XCX9k#23] Inky: said "/gangster"
[9:41:10 PM] [XCX9k#23] Inky: said "/gangster"
[9:41:23 PM] [XCX9k#11] FrekiTheWolf: said "/-engine"
[9:42:04 PM] [XCX9k#23] Inky: said "/gangster"
[9:42:04 PM] [XCX9k#23] Inky: said "/gangster"
[9:42:08 PM] [XCX9k#23] Inky: said "/gangster"
[9:42:08 PM] [XCX9k#23] Inky: said "/gangster"
[9:42:18 PM] [XCX9k#23] Inky: said "/gangster"
[9:42:25 PM] [XCX9k#23] Inky: said "/gangster"
[9:42:25 PM] [XCX9k#23] Inky: said "/gangster"
[9:42:27 PM] [XCX9k#23] Inky: said "/gangster"
[9:42:32 PM] [XCX9k#22] IronLion: disconnected (Exiting)
[9:42:43 PM] [XCX9k#21] slatersteelwelding: caused an explosion (BLIMP)
[9:42:43 PM] [XCX9k#21] slatersteelwelding: caused an explosion (BLIMP)
[9:42:43 PM] [XCX9k#21] slatersteelwelding: caused an explosion (BLIMP)
[9:42:43 PM] [XCX9k#21] slatersteelwelding: caused an explosion (BLIMP)
[9:42:48 PM] [XCX9k#23] Inky: said "/gangster"
[9:42:54 PM] [XCX9k#23] Inky: said "/gangster"
[9:43:00 PM] [XCX9k#24] IronLion: joined with identifiers [steam:11000013d5e6173; license:e754717f80cc68d70213608bb451648ff86385d3; xbl:2535468420863964; live:1055521734914238; discord:425423173119508483; license2:e754717f80cc68d70213608bb451648ff86385d3]
[9:44:03 PM] [XCX9k#23] Inky: said "/gangster"
[9:44:06 PM] [XCX9k#23] Inky: said "/gangster"
[9:44:07 PM] [XCX9k#23] Inky: said "/gangster"
[9:44:13 PM] [XCX9k#23] Inky: said "/gangster"
[9:44:15 PM] [XCX9k#23] Inky: said "/gangster"
[9:44:17 PM] [XCX9k#23] Inky: said "/gangster"
[9:44:25 PM] [XCX9k#11] FrekiTheWolf: said "/-engine"
[9:44:27 PM] [XCX9k#21] slatersteelwelding: caused an explosion (BLIMP)
[9:44:27 PM] [XCX9k#21] slatersteelwelding: caused an explosion (BLIMP)
[9:44:27 PM] [XCX9k#21] slatersteelwelding: caused an explosion (BLIMP)
[9:44:27 PM] [XCX9k#21] slatersteelwelding: caused an explosion (BLIMP)
[9:44:46 PM] [XCX9k#23] Inky: said "/gangster"
[9:45:06 PM] [XCX9k#23] Inky: said "/gangster"
[9:45:06 PM] [XCX9k#23] Inky: said "/gangster"
[9:45:07 PM] [XCX9k#23] Inky: said "/gangster"
[9:45:08 PM] [XCX9k#23] Inky: said "/gangster"
[9:45:10 PM] [XCX9k#23] Inky: said "/gangster"
[9:45:12 PM] [XCX9k#23] Inky: said "/gangster"
[9:45:13 PM] [XCX9k#23] Inky: said "/gangster"
[9:45:48 PM] [XCX9k#23] Inky: said "/gangster"
[9:45:49 PM] [XCX9k#23] Inky: said "/gangster"
[9:45:52 PM] [XCX9k#23] Inky: said "/gangster"
[9:45:54 PM] [XCX9k#23] Inky: said "/gangster"
[9:45:58 PM] [XCX9k#23] Inky: said "/gangster"
[9:46:03 PM] [XCX9k#23] Inky: said "/gangster"
[9:46:05 PM] [XCX9k#23] Inky: said "/gangster"
[9:46:32 PM] [XCX9k#23] Inky: said "/gangster"
[9:46:37 PM] [XCX9k#23] Inky: said "/gangster"
[9:46:39 PM] [XCX9k#23] Inky: said "/gangster"
[9:46:43 PM] [XCX9k#23] Inky: said "/gangster"
[9:46:44 PM] [XCX9k#23] Inky: said "/gangster"
[9:47:13 PM] [XCX9k#23] Inky: said "/gangster"
[9:47:25 PM] [XCX9k#23] Inky: said "/gangster"
[9:48:01 PM] [XCX9k#23] Inky: said "/gangster"
[9:48:02 PM] [XCX9k#23] Inky: said "/gangster"
[9:48:03 PM] [XCX9k#23] Inky: said "/gangster"
[9:48:03 PM] [XCX9k#23] Inky: said "/gangster"
[9:48:06 PM] [XCX9k#23] Inky: said "/gangster"
[9:48:09 PM] [XCX9k#23] Inky: said "/gangster"
[9:48:11 PM] [XCX9k#23] Inky: said "/gangster"
[9:48:15 PM] [XCX9k#23] Inky: said "/gangster"
[9:48:18 PM] [XCX9k#11] FrekiTheWolf: disconnected (Exiting)
[9:48:21 PM] [XCX9k#23] Inky: said "/gangster"
[9:48:28 PM] [XCX9k#23] Inky: said "/gangster"
[9:48:30 PM] [XCX9k#23] Inky: said "/gangster"
[9:48:42 PM] [XCX9k#23] Inky: said "/gangster"
[9:48:43 PM] [XCX9k#25] erkel420: joined with identifiers [steam:1100001088dcd8a; license:e524ab51d792c600866b23ae16f14bc33c8d93af; xbl:2533275024334889; live:985157116428379; discord:296729152026050561; fivem:2183380; license2:b751b9735ca3430eda68f04633775b008b617f39]
[9:49:15 PM] [XCX9k#23] Inky: said "/gangster"
[9:49:17 PM] [XCX9k#23] Inky: said "/gangster"
[9:49:50 PM] [XCX9k#23] Inky: said "/gangster"
[9:50:09 PM] [XCX9k#13] GlamWitch: disconnected (Exiting)
[9:50:26 PM] [XCX9k#23] Inky: said "/gangster"
[9:50:29 PM] [XCX9k#23] Inky: said "/gangster"
[9:50:41 PM] [XCX9k#23] Inky: said "/gangster"
[9:50:43 PM] [XCX9k#23] Inky: said "/gangster"
[9:50:44 PM] [XCX9k#23] Inky: said "/gangster"
[9:50:45 PM] [XCX9k#23] Inky: said "/gangster"
[9:50:50 PM] [XCX9k#23] Inky: said "/gangster"
[9:50:50 PM] [XCX9k#23] Inky: said "/gangster"
[9:51:01 PM] [XCX9k#23] Inky: said "/gangster"
[9:51:03 PM] [XCX9k#23] Inky: said "/gangster"
[9:51:04 PM] [XCX9k#23] Inky: said "/gangster"
[9:51:05 PM] [XCX9k#23] Inky: said "/gangster"
[9:51:06 PM] [XCX9k#23] Inky: said "/gangster"
[9:51:21 PM] [XCX9k#23] Inky: said "/gangster"
[9:51:28 PM] [XCX9k#23] Inky: said "/gangster"
[9:51:29 PM] [XCX9k#23] Inky: said "/gangster"
[9:51:37 PM] [XCX9k#23] Inky: said "/gangster"
[9:51:41 PM] [XCX9k#23] Inky: said "/gangster"
[9:51:42 PM] [XCX9k#23] Inky: said "/gangster"
[9:51:45 PM] [XCX9k#23] Inky: said "/gangster"
[9:51:53 PM] [XCX9k#23] Inky: said "/gangster"
[9:51:54 PM] [XCX9k#23] Inky: said "/gangster"
[9:52:19 PM] [XCX9k#23] Inky: said "/gangster"
[9:52:29 PM] [XCX9k#23] Inky: said "/gangster"
[9:52:29 PM] [XCX9k#23] Inky: said "/gangster"
[9:52:36 PM] [XCX9k#23] Inky: said "/gangster"
[9:52:37 PM] [XCX9k#23] Inky: said "/gangster"
[9:52:48 PM] [XCX9k#23] Inky: said "/gangster"
[9:52:54 PM] [XCX9k#21] slatersteelwelding: caused an explosion (BLIMP)
[9:52:54 PM] [XCX9k#21] slatersteelwelding: caused an explosion (BLIMP)
[9:52:54 PM] [XCX9k#21] slatersteelwelding: caused an explosion (BLIMP)
[9:52:54 PM] [XCX9k#21] slatersteelwelding: caused an explosion (BLIMP)
[9:52:54 PM] [XCX9k#5] zoodle bob: caused an explosion (BLIMP)
[9:52:54 PM] [XCX9k#5] zoodle bob: caused an explosion (BLIMP)
[9:52:54 PM] [XCX9k#5] zoodle bob: caused an explosion (BLIMP)
[9:52:54 PM] [XCX9k#5] zoodle bob: caused an explosion (BLIMP)
[9:52:54 PM] [XCX9k#23] Inky: said "/gangster"
[9:52:57 PM] [XCX9k#23] Inky: said "/gangster"
[9:53:04 PM] [XCX9k#23] Inky: said "/gangster"
[9:53:10 PM] [XCX9k#23] Inky: caused an explosion (BLIMP)
[9:53:10 PM] [XCX9k#23] Inky: caused an explosion (BLIMP)
[9:53:10 PM] [XCX9k#23] Inky: caused an explosion (BLIMP)
[9:53:10 PM] [XCX9k#23] Inky: caused an explosion (BLIMP)
[9:53:15 PM] [XCX9k#23] Inky: said "/gangster"
[9:53:17 PM] [XCX9k#23] Inky: said "/gangster"
[9:53:18 PM] [XCX9k#23] Inky: said "/gangster"
[9:53:20 PM] [XCX9k#23] Inky: said "/gangster"
[9:53:27 PM] [XCX9k#23] Inky: said "/gangster"
[9:53:28 PM] [XCX9k#23] Inky: said "/gangster"
[9:53:28 PM] [XCX9k#23] Inky: said "/gangster"
[9:53:31 PM] [XCX9k#23] Inky: said "/gangster"
[9:53:38 PM] [XCX9k#23] Inky: said "/gangster"
[9:53:49 PM] [XCX9k#23] Inky: said "/gangster"
[9:54:16 PM] [XCX9k#23] Inky: said "/gangster"
[9:54:20 PM] [XCX9k#23] Inky: said "/gangster"
[9:54:20 PM] [XCX9k#23] Inky: said "/gangster"
[9:54:21 PM] [XCX9k#23] Inky: said "/gangster"
[9:54:23 PM] [XCX9k#23] Inky: said "/gangster"
[9:54:24 PM] [XCX9k#23] Inky: said "/gangster"
[9:54:40 PM] [XCX9k#23] Inky: said "/gangster"
[9:54:42 PM] [XCX9k#23] Inky: said "/gangster"
[9:55:11 PM] [XCX9k#23] Inky: said "/gangster"
[9:55:13 PM] [XCX9k#23] Inky: said "/gangster"
[9:55:15 PM] [XCX9k#23] Inky: said "/gangster"
[9:55:18 PM] [XCX9k#23] Inky: said "/gangster"
[9:55:24 PM] [XCX9k#23] Inky: said "/gangster"
[9:55:52 PM] [XCX9k#23] Inky: said "/gangster"
[9:55:52 PM] [XCX9k#21] slatersteelwelding: teleported to player [#25] erkel420 (x=74.835, y=-982.589, z=29.128)
[9:55:55 PM] [XCX9k#23] Inky: said "/gangster"
[9:55:55 PM] [XCX9k#23] Inky: said "/gangster"
[9:55:56 PM] [XCX9k#23] Inky: said "/gangster"
[9:55:56 PM] [XCX9k#23] Inky: said "/gangster"
[9:56:04 PM] [XCX9k#23] Inky: said "/gangster"
[9:56:10 PM] [XCX9k#23] Inky: said "/gangster"
[9:56:11 PM] [XCX9k#23] Inky: said "/gangster"
[9:56:12 PM] [XCX9k#23] Inky: said "/gangster"
[9:56:13 PM] [XCX9k#23] Inky: said "/gangster"
[9:56:13 PM] [XCX9k#23] Inky: said "/gangster"
[9:56:14 PM] [XCX9k#23] Inky: said "/gangster"
[9:56:15 PM] [XCX9k#23] Inky: said "/gangster"
[9:56:15 PM] [XCX9k#23] Inky: said "/gangster"
[9:56:23 PM] [XCX9k#23] Inky: said "/gangster"
[9:56:25 PM] [XCX9k#23] Inky: said "/gangster"
[9:56:27 PM] [XCX9k#23] Inky: said "/gangster"
[9:56:28 PM] [XCX9k#23] Inky: said "/gangster"
[9:56:33 PM] [XCX9k#23] Inky: said "/gangster"
[9:56:39 PM] [XCX9k#23] Inky: said "/gangster"
[9:56:45 PM] [XCX9k#23] Inky: said "/gangster"
[9:56:47 PM] [XCX9k#23] Inky: said "/gangster"
[9:56:47 PM] [XCX9k#23] Inky: caused an explosion (BLIMP)
[9:56:47 PM] [XCX9k#23] Inky: caused an explosion (BLIMP)
[9:56:47 PM] [XCX9k#23] Inky: caused an explosion (BLIMP)
[9:56:47 PM] [XCX9k#23] Inky: caused an explosion (BLIMP)
[9:56:49 PM] [XCX9k#23] Inky: said "/gangster"
[9:56:51 PM] [XCX9k#6] Scrappy: started spectating player [#21] slatersteelwelding
[9:56:52 PM] [XCX9k#21] slatersteelwelding: started spectating player [#25] erkel420
[9:56:54 PM] [XCX9k#23] Inky: said "/gangster"
[9:56:59 PM] [XCX9k#23] Inky: said "/gangster"
[9:57:02 PM] [XCX9k#23] Inky: said "/gangster"
[9:57:06 PM] [XCX9k#23] Inky: said "/gangster"
[9:57:10 PM] [XCX9k#23] Inky: said "/gangster"
[9:57:12 PM] [XCX9k#23] Inky: said "/gangster"
[9:57:15 PM] [XCX9k#23] Inky: said "/gangster"
[9:57:16 PM] [XCX9k#23] Inky: said "/gangster"
[9:57:19 PM] [XCX9k#23] Inky: said "/gangster"
[9:57:20 PM] [XCX9k#23] Inky: said "/gangster"
[9:57:23 PM] [XCX9k#23] Inky: said "/gangster"
[9:57:51 PM] [XCX9k#5] zoodle bob: (		zoodle bob): said "/-engine"
[9:57:53 PM] [XCX9k#5] zoodle bob: (		zoodle bob): said "/-engine"
[9:58:23 PM] [XCX9k#23] Inky: said "/gangster"
[9:58:25 PM] [XCX9k#23] Inky: said "/gangster"
[9:58:26 PM] [XCX9k#23] Inky: said "/gangster"
[9:58:29 PM] [XCX9k#23] Inky: said "/gangster"
[9:59:14 PM] [XCX9k#6] Scrappy: said "/c"
[9:59:14 PM] [XCX9k#6] Scrappy: said "/c"
[9:59:59 PM] [XCX9k#23] Inky: caused an explosion (BLIMP)
[9:59:59 PM] [XCX9k#23] Inky: caused an explosion (BLIMP)
[9:59:59 PM] [XCX9k#23] Inky: caused an explosion (BLIMP)
[9:59:59 PM] [XCX9k#23] Inky: caused an explosion (BLIMP)
[10:00:51 PM] [XCX9k#6] Scrappy: disconnected (Exiting)
[10:03:18 PM] [XCX9k#21] slatersteelwelding: disconnected (Exiting)
[10:04:00 PM] [XCX9k#26] slatersteelwelding: joined with identifiers [steam:11000014941d72f; license:27f977a27ea5dfa0778b610bdaf9e4fe9038e9d1; xbl:2535454848224563; live:1055519341203513; discord:863885648673636392; fivem:4645783; license2:23e6e4eb94c14f30f711113bd7592dc56d109bf1]
[10:04:23 PM] [XCX9k#24] IronLion: caused an explosion (BLIMP)
[10:04:23 PM] [XCX9k#24] IronLion: caused an explosion (BLIMP)
[10:04:23 PM] [XCX9k#24] IronLion: caused an explosion (BLIMP)
[10:04:23 PM] [XCX9k#24] IronLion: caused an explosion (BLIMP)
[10:05:10 PM] [XCX9k#26] slatersteelwelding: said "noclip"
[10:12:59 PM] [XCX9k#23] Inky: said "/gangster"
[10:13:02 PM] [XCX9k#23] Inky: said "/gangster"
[10:13:04 PM] [XCX9k#23] Inky: said "/gangster"
[10:13:05 PM] [XCX9k#23] Inky: said "/gangster"
[10:13:16 PM] [XCX9k#23] Inky: said "/gangster"
[10:13:19 PM] [XCX9k#23] Inky: said "/gangster"
[10:13:21 PM] [XCX9k#23] Inky: said "/gangster"
[10:13:24 PM] [XCX9k#23] Inky: said "/gangster"
[10:13:26 PM] [XCX9k#23] Inky: said "/gangster"
[10:13:28 PM] [XCX9k#23] Inky: said "/gangster"
[10:13:35 PM] [XCX9k#23] Inky: said "/gangster"
[10:14:02 PM] [XCX9k#23] Inky: said "/gangster"
[10:14:05 PM] [XCX9k#23] Inky: said "/gangster"
[10:14:52 PM] [XCX9k#23] Inky: caused an explosion (BLIMP)
[10:14:52 PM] [XCX9k#23] Inky: caused an explosion (BLIMP)
[10:14:52 PM] [XCX9k#23] Inky: caused an explosion (BLIMP)
[10:14:52 PM] [XCX9k#23] Inky: caused an explosion (BLIMP)
[10:15:39 PM] [XCX9k#23] Inky: caused an explosion (BLIMP)
[10:15:39 PM] [XCX9k#23] Inky: caused an explosion (BLIMP)
[10:15:39 PM] [XCX9k#23] Inky: caused an explosion (BLIMP)
[10:15:39 PM] [XCX9k#23] Inky: caused an explosion (BLIMP)
[10:15:42 PM] [XCX9k#23] Inky: said "/gangster"
[10:15:44 PM] [XCX9k#23] Inky: said "/gangster"
[10:15:48 PM] [XCX9k#23] Inky: said "/gangster"
[10:16:03 PM] [XCX9k#23] Inky: said "/gangster"
[10:16:08 PM] [XCX9k#23] Inky: said "/gangster"
[10:16:20 PM] [XCX9k#23] Inky: said "/gangster"
[10:16:22 PM] [XCX9k#23] Inky: said "/gangster"
[10:16:53 PM] [XCX9k#23] Inky: said "/gangster"
[10:16:56 PM] [XCX9k#23] Inky: said "/gangster"
[10:17:14 PM] [XCX9k#23] Inky: caused an explosion (BLIMP)
[10:17:14 PM] [XCX9k#23] Inky: caused an explosion (BLIMP)
[10:17:14 PM] [XCX9k#23] Inky: caused an explosion (BLIMP)
[10:17:14 PM] [XCX9k#23] Inky: caused an explosion (BLIMP)
[10:17:24 PM] [XCX9k#23] Inky: said "/gangster"
[10:17:32 PM] [XCX9k#23] Inky: said "/gangster"
[10:17:37 PM] [XCX9k#23] Inky: said "/gangster"
[10:17:48 PM] [XCX9k#23] Inky: said "/gangster"
[10:17:51 PM] [XCX9k#23] Inky: said "/gangster"
[10:17:56 PM] [XCX9k#23] Inky: said "/gangster"
[10:17:59 PM] [XCX9k#23] Inky: said "/gangster"
[10:18:06 PM] [XCX9k#23] Inky: said "/gangster"
[10:18:08 PM] [XCX9k#23] Inky: said "/gangster"
[10:18:10 PM] [XCX9k#23] Inky: said "/gangster"
[10:18:11 PM] [XCX9k#23] Inky: said "/gangster"
[10:18:12 PM] [XCX9k#23] Inky: said "/gangster"
[10:18:18 PM] [XCX9k#23] Inky: said "/gangster"
[10:18:21 PM] [XCX9k#23] Inky: said "/gangster"
[10:18:28 PM] [XCX9k#23] Inky: said "/gangster"
[10:18:31 PM] [XCX9k#23] Inky: said "/gangster"
[10:18:32 PM] [XCX9k#23] Inky: said "/gangster"
[10:18:33 PM] [XCX9k#23] Inky: said "/gangster"
[10:18:34 PM] [XCX9k#23] Inky: said "/gangster"
[10:18:35 PM] [XCX9k#23] Inky: said "/gangster"
[10:18:39 PM] [XCX9k#23] Inky: said "/gangster"
[10:18:41 PM] [XCX9k#23] Inky: said "/gangster"
[10:18:42 PM] [XCX9k#23] Inky: said "/gangster"
[10:18:43 PM] [XCX9k#23] Inky: said "/gangster"
[10:18:44 PM] [XCX9k#23] Inky: said "/gangster"
[10:18:47 PM] [XCX9k#23] Inky: said "/gangster"
[10:18:49 PM] [XCX9k#23] Inky: said "/gangster"
[10:18:52 PM] [XCX9k#23] Inky: said "/gangster"
[10:18:56 PM] [XCX9k#23] Inky: said "/gangster"
[10:19:00 PM] [XCX9k#23] Inky: said "/gangster"
[10:19:01 PM] [XCX9k#23] Inky: said "/gangster"
[10:19:02 PM] [XCX9k#23] Inky: said "/gangster"
[10:19:02 PM] [XCX9k#23] Inky: said "/gangster"
[10:19:17 PM] [XCX9k#23] Inky: said "/gangster"
[10:19:17 PM] [XCX9k#23] Inky: said "/gangster"
[10:19:26 PM] [XCX9k#23] Inky: said "/gangster"
[10:19:29 PM] [XCX9k#23] Inky: said "/gangster"
[10:19:31 PM] [XCX9k#23] Inky: said "/gangster"
[10:19:31 PM] [XCX9k#23] Inky: said "/gangster"
[10:19:34 PM] [XCX9k#23] Inky: said "/gangster"
[10:19:36 PM] [XCX9k#23] Inky: said "/gangster"
[10:19:39 PM] [XCX9k#23] Inky: said "/gangster"
[10:19:42 PM] [XCX9k#23] Inky: said "/gangster"
[10:19:43 PM] [XCX9k#23] Inky: said "/gangster"
[10:19:44 PM] [XCX9k#23] Inky: caused an explosion (BLIMP)
[10:19:44 PM] [XCX9k#23] Inky: caused an explosion (BLIMP)
[10:19:44 PM] [XCX9k#23] Inky: caused an explosion (BLIMP)
[10:19:44 PM] [XCX9k#23] Inky: caused an explosion (BLIMP)
[10:19:47 PM] [XCX9k#23] Inky: said "/gangster"
[10:19:52 PM] [XCX9k#23] Inky: said "/gangster"
[10:19:56 PM] [XCX9k#23] Inky: said "/gangster"
[10:19:58 PM] [XCX9k#23] Inky: said "/gangster"
[10:20:05 PM] [XCX9k#23] Inky: said "/gangster"
[10:20:40 PM] [XCX9k#23] Inky: said "/gangster"
[10:20:44 PM] [XCX9k#23] Inky: said "/gangster"
[10:20:50 PM] [XCX9k#23] Inky: said "/gangster"
[10:21:13 PM] [XCX9k#23] Inky: said "/gangster"
[10:21:46 PM] [XCX9k#23] Inky: said "/gangster"
[10:21:49 PM] [XCX9k#23] Inky: said "/gangster"
[10:22:18 PM] [XCX9k#23] Inky: said "/gangster"
[10:22:37 PM] [XCX9k#23] Inky: said "/gangster"
[10:22:50 PM] [XCX9k#23] Inky: said "/gangster"
[10:22:52 PM] [XCX9k#23] Inky: said "/gangster"
[10:23:10 PM] [XCX9k#23] Inky: said "/gangster"
[10:23:11 PM] [XCX9k#23] Inky: said "/gangster"
[10:23:24 PM] [XCX9k#23] Inky: said "/gangster"
[10:23:27 PM] [XCX9k#23] Inky: said "/gangster"
[10:23:37 PM] [XCX9k#23] Inky: said "/gangster"
[10:23:48 PM] [XCX9k#23] Inky: said "/gangster"
[10:23:58 PM] [XCX9k#23] Inky: said "/gangster"
[10:24:00 PM] [XCX9k#23] Inky: said "/gangster"
[10:24:01 PM] [XCX9k#23] Inky: said "/gangster"
[10:24:27 PM] [XCX9k#23] Inky: said "/gangster"
[10:24:31 PM] [XCX9k#23] Inky: said "/gangster"
[10:24:34 PM] [XCX9k#23] Inky: said "/gangster"
[10:24:51 PM] [XCX9k#23] Inky: said "/gangster"
[10:24:53 PM] [XCX9k#23] Inky: said "/gangster"
[10:25:04 PM] [XCX9k#23] Inky: said "/gangster"
[10:25:06 PM] [XCX9k#23] Inky: said "/gangster"
[10:25:23 PM] [XCX9k#23] Inky: said "/gangster"
[10:25:47 PM] [XCX9k#23] Inky: said "/gangster"
[10:25:50 PM] [XCX9k#23] Inky: said "/gangster"
[10:25:52 PM] [XCX9k#23] Inky: said "/gangster"
[10:25:57 PM] [XCX9k#23] Inky: said "/gangster"
[10:25:59 PM] [XCX9k#23] Inky: said "/gangster"
[10:26:04 PM] [XCX9k#23] Inky: said "/gangster"
[10:26:11 PM] [XCX9k#23] Inky: said "/gangster"
[10:26:19 PM] [XCX9k#23] Inky: said "/gangster"
[10:26:56 PM] [XCX9k#23] Inky: said "/gangster"
[10:26:59 PM] [XCX9k#23] Inky: said "/gangster"
[10:27:01 PM] [XCX9k#23] Inky: said "/gangster"
[10:27:17 PM] [XCX9k#23] Inky: said "/gangster"
[10:27:20 PM] [XCX9k#23] Inky: said "/gangster"
[10:27:34 PM] [XCX9k#23] Inky: said "/gangster"
[10:27:42 PM] [XCX9k#23] Inky: said "/gangster"
[10:27:52 PM] [XCX9k#23] Inky: said "/gangster"
[10:27:53 PM] [XCX9k#23] Inky: said "/gangster"
[10:28:05 PM] [XCX9k#23] Inky: said "/gangster"
[10:28:18 PM] [XCX9k#23] Inky: said "/gangster"
[10:28:40 PM] [XCX9k#23] Inky: said "/gangster"
[10:28:43 PM] [XCX9k#23] Inky: said "/gangster"
[10:28:50 PM] [XCX9k#23] Inky: said "/gangster"
[10:28:54 PM] [XCX9k#5] zoodle bob: (		zoodle bob): said "/-engine"
[10:28:54 PM] [XCX9k#27] FrekiTheWolf: joined with identifiers [steam:11000010694864d; license:2d46c492aa919469267fb90c6b569d8a5a807cf9; xbl:2535456830700079; live:985154829445857; discord:196106187765317632; fivem:6787637; license2:685a1e79503d19b2e6d27de37a5c3f1dbe40bbdf]
[10:28:56 PM] [XCX9k#5] zoodle bob: (		zoodle bob): said "/-engine"
[10:28:56 PM] [XCX9k#23] Inky: said "/gangster"
[10:28:57 PM] [XCX9k#5] zoodle bob: (		zoodle bob): said "/-engine"
[10:29:01 PM] [XCX9k#23] Inky: said "/gangster"
[10:29:06 PM] [XCX9k#23] Inky: said "/gangster"
[10:29:15 PM] [XCX9k#23] Inky: said "/gangster"
[10:29:19 PM] [XCX9k#23] Inky: said "/gangster"
[10:29:23 PM] [XCX9k#23] Inky: said "/gangster"
[10:29:27 PM] [XCX9k#23] Inky: said "/gangster"
[10:29:35 PM] [XCX9k#23] Inky: said "/gangster"
[10:29:45 PM] [XCX9k#23] Inky: said "/gangster"
[10:29:53 PM] [XCX9k#5] zoodle bob: (		zoodle bob): said "/-engine"
[10:29:59 PM] [XCX9k#23] Inky: said "/gangster"
[10:30:04 PM] [XCX9k#23] Inky: said "/gangster"
[10:30:04 PM] [XCX9k#23] Inky: said "/gangster"
[10:30:06 PM] [XCX9k#23] Inky: said "/gangster"
[10:30:07 PM] [XCX9k#23] Inky: said "/gangster"
[10:30:12 PM] [XCX9k#23] Inky: said "/gangster"
[10:30:17 PM] [XCX9k#23] Inky: said "/gangster"
[10:30:24 PM] [XCX9k#23] Inky: said "/gangster"
[10:30:28 PM] [XCX9k#23] Inky: said "/gangster"
[10:30:49 PM] [XCX9k#23] Inky: said "/gangster"
[10:31:27 PM] [XCX9k#27] FrekiTheWolf: disconnected (Game crashed: GTA5_b2802.exe!sub_140C36B84 (0xc6))
[10:32:29 PM] [XCX9k#28] FrekiTheWolf: joined with identifiers [steam:11000010694864d; license:2d46c492aa919469267fb90c6b569d8a5a807cf9; xbl:2535456830700079; live:985154829445857; discord:196106187765317632; fivem:6787637; license2:685a1e79503d19b2e6d27de37a5c3f1dbe40bbdf]
[10:34:06 PM] [XCX9k#23] Inky: said "/gangster"
[10:34:06 PM] [XCX9k#23] Inky: said "/gangster"
[10:34:11 PM] [XCX9k#23] Inky: said "/gangster"
[10:34:13 PM] [XCX9k#23] Inky: said "/gangster"
[10:34:19 PM] [XCX9k#23] Inky: said "/gangster"
[10:34:19 PM] [XCX9k#23] Inky: said "/gangster"
[10:34:22 PM] [XCX9k#23] Inky: said "/gangster"
[10:36:03 PM] [XCX9k#23] Inky: said "/gangster"
[10:37:33 PM] [XCX9k#23] Inky: said "/gangster"
[10:37:34 PM] [XCX9k#23] Inky: said "/gangster"
[10:37:47 PM] [XCX9k#23] Inky: said "/gangster"
[10:37:55 PM] [XCX9k#23] Inky: said "/gangster"
[10:37:56 PM] [XCX9k#5] zoodle bob: died from suicide (Falling)
[10:37:59 PM] [XCX9k#23] Inky: said "/gangster"
[10:38:00 PM] [XCX9k#23] Inky: said "/gangster"
[10:38:02 PM] [XCX9k#23] Inky: said "/gangster"
[10:38:05 PM] [XCX9k#23] Inky: said "/gangster"
[10:38:07 PM] [XCX9k#23] Inky: said "/gangster"
[10:38:11 PM] [XCX9k#23] Inky: said "/gangster"
[10:38:18 PM] [XCX9k#23] Inky: said "/gangster"
[10:38:33 PM] [XCX9k#23] Inky: said "/gangster"
[10:38:35 PM] [XCX9k#23] Inky: said "/gangster"
[10:38:35 PM] [XCX9k#23] Inky: said "/gangster"
[10:38:37 PM] [XCX9k#23] Inky: said "/gangster"
[10:38:39 PM] [XCX9k#23] Inky: said "/gangster"
[10:38:39 PM] [XCX9k#24] IronLion: said "shirt"
[10:38:50 PM] [XCX9k#23] Inky: said "/gangster"
[10:38:59 PM] [XCX9k#28] FrekiTheWolf: said "/-engine"
[10:39:01 PM] [XCX9k#23] Inky: said "/gangster"
[10:39:01 PM] [XCX9k#23] Inky: said "/gangster"
[10:39:05 PM] [XCX9k#23] Inky: said "/gangster"
[10:39:09 PM] [XCX9k#23] Inky: said "/gangster"
[10:39:11 PM] [XCX9k#23] Inky: said "/gangster"
[10:39:15 PM] [XCX9k#23] Inky: said "/gangster"
[10:39:17 PM] [XCX9k#23] Inky: said "/gangster"
[10:39:19 PM] [XCX9k#23] Inky: said "/gangster"
[10:39:23 PM] [XCX9k#23] Inky: said "/gangster"
[10:39:42 PM] [XCX9k#23] Inky: said "/gangster"
[10:39:44 PM] [XCX9k#23] Inky: said "/gangster"
[10:39:48 PM] [XCX9k#23] Inky: said "/gangster"
[10:39:54 PM] [XCX9k#23] Inky: said "/gangster"
[10:39:59 PM] [XCX9k#23] Inky: said "/gangster"
[10:40:03 PM] [XCX9k#23] Inky: said "/gangster"
[10:40:07 PM] [XCX9k#23] Inky: said "/gangster"
[10:40:10 PM] [XCX9k#23] Inky: said "/gangster"
[10:40:11 PM] [XCX9k#23] Inky: said "/gangster"
[10:40:12 PM] [XCX9k#23] Inky: said "/gangster"
[10:40:21 PM] [XCX9k#23] Inky: said "/gangster"
[10:40:26 PM] [XCX9k#23] Inky: said "/gangster"
[10:41:04 PM] [XCX9k#23] Inky: said "/gangster"
[10:41:06 PM] [XCX9k#23] Inky: said "/gangster"
[10:41:06 PM] [XCX9k#23] Inky: said "/gangster"
[10:41:07 PM] [XCX9k#23] Inky: said "/gangster"
[10:41:08 PM] [XCX9k#23] Inky: said "/gangster"
[10:41:12 PM] [XCX9k#23] Inky: said "/gangster"
[10:41:14 PM] [XCX9k#23] Inky: said "/gangster"
[10:41:16 PM] [XCX9k#23] Inky: said "/gangster"
[10:41:18 PM] [XCX9k#23] Inky: said "/gangster"
[10:41:20 PM] [XCX9k#23] Inky: said "/gangster"
[10:41:21 PM] [XCX9k#23] Inky: said "/gangster"
[10:41:23 PM] [XCX9k#23] Inky: said "/gangster"
[10:41:24 PM] [XCX9k#23] Inky: said "/gangster"
[10:41:24 PM] [XCX9k#23] Inky: said "/gangster"
[10:41:24 PM] [XCX9k#23] Inky: said "/gangster"
[10:41:25 PM] [XCX9k#23] Inky: said "/gangster"
[10:41:28 PM] [XCX9k#23] Inky: said "/gangster"
[10:41:30 PM] [XCX9k#5] zoodle bob: caused an explosion (BLIMP)
[10:41:30 PM] [XCX9k#5] zoodle bob: caused an explosion (BLIMP)
[10:41:30 PM] [XCX9k#5] zoodle bob: caused an explosion (BLIMP)
[10:41:30 PM] [XCX9k#5] zoodle bob: caused an explosion (BLIMP)
[10:41:31 PM] [XCX9k#23] Inky: said "/gangster"
[10:41:36 PM] [XCX9k#23] Inky: said "/gangster"
[10:41:37 PM] [XCX9k#23] Inky: said "/gangster"
[10:41:38 PM] [XCX9k#23] Inky: said "/gangster"
[10:41:38 PM] [XCX9k#23] Inky: said "/gangster"
[10:41:43 PM] [XCX9k#23] Inky: said "/gangster"
[10:41:44 PM] [XCX9k#23] Inky: said "/gangster"
[10:41:45 PM] [XCX9k#23] Inky: said "/gangster"
[10:41:47 PM] [XCX9k#23] Inky: said "/gangster"
[10:41:52 PM] [XCX9k#23] Inky: said "/gangster"
[10:41:56 PM] [XCX9k#23] Inky: said "/gangster"
[10:42:00 PM] [XCX9k#23] Inky: said "/gangster"
[10:42:02 PM] [XCX9k#23] Inky: said "/gangster"
[10:42:06 PM] [XCX9k#23] Inky: said "/gangster"
[10:42:12 PM] [XCX9k#23] Inky: said "/gangster"
[10:42:13 PM] [XCX9k#23] Inky: said "/gangster"
[10:42:17 PM] [XCX9k#23] Inky: said "/gangster"
[10:42:23 PM] [XCX9k#23] Inky: said "/gangster"
[10:42:24 PM] [XCX9k#23] Inky: said "/gangster"
[10:42:25 PM] [XCX9k#23] Inky: said "/gangster"
[10:42:25 PM] [XCX9k#23] Inky: said "/gangster"
[10:42:27 PM] [XCX9k#23] Inky: said "/gangster"
[10:42:40 PM] [XCX9k#23] Inky: said "/gangster"
[10:42:46 PM] [XCX9k#23] Inky: said "/gangster"
[10:42:46 PM] [XCX9k#23] Inky: said "/gangster"
[10:42:48 PM] [XCX9k#23] Inky: said "/gangster"
[10:42:48 PM] [XCX9k#23] Inky: said "/gangster"
[10:42:51 PM] [XCX9k#23] Inky: said "/gangster"
[10:42:53 PM] [XCX9k#23] Inky: said "/gangster"
[10:43:02 PM] [XCX9k#23] Inky: said "/gangster"
[10:43:44 PM] [XCX9k#23] Inky: said "/gangster"
[10:43:46 PM] [XCX9k#23] Inky: said "/gangster"
[10:44:09 PM] [XCX9k#23] Inky: said "/gangster"
[10:44:11 PM] [XCX9k#23] Inky: said "/gangster"
[10:44:21 PM] [XCX9k#23] Inky: said "/gangster"
[10:44:31 PM] [XCX9k#23] Inky: said "/gangster"
[10:45:12 PM] [XCX9k#23] Inky: said "/gangster"
[10:45:15 PM] [XCX9k#23] Inky: said "/gangster"
[10:45:38 PM] [XCX9k#23] Inky: said "/gangster"
[10:45:38 PM] [XCX9k#23] Inky: said "/gangster"
[10:45:40 PM] [XCX9k#23] Inky: said "/gangster"
[10:45:40 PM] [XCX9k#23] Inky: said "/gangster"
[10:45:41 PM] [XCX9k#23] Inky: said "/gangster"
[10:45:42 PM] [XCX9k#23] Inky: said "/gangster"
[10:45:42 PM] [XCX9k#23] Inky: said "/gangster"
[10:45:49 PM] [XCX9k#23] Inky: said "/gangster"
[10:45:50 PM] [XCX9k#23] Inky: said "/gangster"
[10:45:56 PM] [XCX9k#29] daniella.moore6688: joined with identifiers [steam:11000015c7c1a95; license:b334974dce62a54b7a9c7dbbc3475df4c42e7d33; xbl:2535454848224563; live:1055519341203513; discord:1115114133302550599; fivem:10768516; license2:f30c89dd3a53eb016bb7d7da113c3489838b2d92]
[10:46:00 PM] [XCX9k#23] Inky: said "/gangster"
[10:46:01 PM] [XCX9k#23] Inky: said "/gangster"
[10:46:03 PM] [XCX9k#23] Inky: said "/gangster"
[10:46:05 PM] [XCX9k#23] Inky: said "/gangster"
[10:46:06 PM] [XCX9k#23] Inky: said "/gangster"
[10:46:09 PM] [XCX9k#23] Inky: said "/gangster"
[10:46:10 PM] [XCX9k#23] Inky: said "/gangster"
[10:46:10 PM] [XCX9k#23] Inky: said "/gangster"
[10:46:11 PM] [XCX9k#23] Inky: said "/gangster"
[10:46:13 PM] [XCX9k#23] Inky: said "/gangster"
[10:46:16 PM] [XCX9k#23] Inky: said "/gangster"
[10:46:19 PM] [XCX9k#23] Inky: said "/gangster"
[10:46:21 PM] [XCX9k#23] Inky: said "/gangster"
[10:46:23 PM] [XCX9k#23] Inky: said "/gangster"
[10:46:23 PM] [XCX9k#23] Inky: said "/gangster"
[10:46:24 PM] [XCX9k#23] Inky: said "/gangster"
[10:46:24 PM] [XCX9k#23] Inky: said "/gangster"
[10:46:24 PM] [XCX9k#23] Inky: said "/gangster"
[10:46:25 PM] [XCX9k#23] Inky: said "/gangster"
[10:46:25 PM] [XCX9k#23] Inky: said "/gangster"
[10:46:26 PM] [XCX9k#23] Inky: said "/gangster"
[10:46:26 PM] [XCX9k#23] Inky: said "/gangster"
[10:46:29 PM] [XCX9k#23] Inky: said "/gangster"
[10:46:29 PM] [XCX9k#23] Inky: said "/gangster"
[10:46:30 PM] [XCX9k#23] Inky: said "/gangster"
[10:46:31 PM] [XCX9k#23] Inky: said "/gangster"
[10:46:31 PM] [XCX9k#23] Inky: said "/gangster"
[10:46:37 PM] [XCX9k#23] Inky: said "/gangster"
[10:46:42 PM] [XCX9k#23] Inky: said "/gangster"
[10:46:45 PM] [XCX9k#23] Inky: said "/gangster"
[10:46:47 PM] [XCX9k#23] Inky: said "/gangster"
[10:46:49 PM] [XCX9k#23] Inky: said "/gangster"
[10:46:53 PM] [XCX9k#23] Inky: said "/gangster"
[10:46:55 PM] [XCX9k#23] Inky: said "/gangster"
[10:46:57 PM] [XCX9k#23] Inky: said "/gangster"
[10:47:02 PM] [XCX9k#23] Inky: said "/gangster"
[10:47:02 PM] [XCX9k#23] Inky: caused an explosion (BLIMP)
[10:47:02 PM] [XCX9k#23] Inky: caused an explosion (BLIMP)
[10:47:02 PM] [XCX9k#23] Inky: caused an explosion (BLIMP)
[10:47:02 PM] [XCX9k#23] Inky: caused an explosion (BLIMP)
[10:47:03 PM] [XCX9k#23] Inky: said "/gangster"
[10:47:03 PM] [XCX9k#23] Inky: said "/gangster"
[10:47:08 PM] [XCX9k#23] Inky: said "/gangster"
[10:47:08 PM] [XCX9k#23] Inky: said "/gangster"
[10:47:09 PM] [XCX9k#23] Inky: said "/gangster"
[10:47:11 PM] [XCX9k#23] Inky: said "/gangster"
[10:47:12 PM] [XCX9k#23] Inky: said "/gangster"
[10:47:15 PM] [XCX9k#23] Inky: said "/gangster"
[10:47:21 PM] [XCX9k#23] Inky: said "/gangster"
[10:47:25 PM] [XCX9k#23] Inky: said "/gangster"
[10:47:26 PM] [XCX9k#23] Inky: said "/gangster"
[10:47:27 PM] [XCX9k#23] Inky: said "/gangster"
[10:47:28 PM] [XCX9k#23] Inky: said "/gangster"
[10:47:29 PM] [XCX9k#23] Inky: said "/gangster"
[10:47:33 PM] [XCX9k#23] Inky: said "/gangster"
[10:47:34 PM] [XCX9k#23] Inky: said "/gangster"
[10:47:35 PM] [XCX9k#23] Inky: said "/gangster"
[10:47:35 PM] [XCX9k#23] Inky: said "/gangster"
[10:47:41 PM] [XCX9k#23] Inky: said "/gangster"
[10:47:43 PM] [XCX9k#23] Inky: said "/gangster"
[10:47:44 PM] [XCX9k#23] Inky: said "/gangster"
[10:47:45 PM] [XCX9k#23] Inky: said "/gangster"
[10:47:51 PM] [XCX9k#23] Inky: said "/gangster"
[10:47:53 PM] [XCX9k#23] Inky: said "/gangster"
[10:47:54 PM] [XCX9k#23] Inky: said "/gangster"
[10:47:55 PM] [XCX9k#23] Inky: said "/gangster"
[10:47:56 PM] [XCX9k#23] Inky: said "/gangster"
[10:48:04 PM] [XCX9k#23] Inky: said "/gangster"
[10:48:06 PM] [XCX9k#23] Inky: said "/gangster"
[10:48:09 PM] [XCX9k#23] Inky: said "/gangster"
[10:48:12 PM] [XCX9k#23] Inky: said "/gangster"
[10:48:14 PM] [XCX9k#23] Inky: said "/gangster"
[10:48:20 PM] [XCX9k#23] Inky: said "/gangster"
[10:48:20 PM] [XCX9k#23] Inky: said "/gangster"
[10:48:33 PM] [XCX9k#23] Inky: said "/gangster"
[10:48:36 PM] [XCX9k#23] Inky: said "/gangster"
[10:48:37 PM] [XCX9k#23] Inky: said "/gangster"
[10:48:38 PM] [XCX9k#23] Inky: said "/gangster"
[10:48:40 PM] [XCX9k#23] Inky: said "/gangster"
[10:48:47 PM] [XCX9k#23] Inky: said "/gangster"
[10:48:55 PM] [XCX9k#23] Inky: said "/gangster"
[10:49:06 PM] [XCX9k#23] Inky: said "/gangster"
[10:49:17 PM] [XCX9k#23] Inky: said "/gangster"
[10:49:20 PM] [XCX9k#23] Inky: said "/gangster"
[10:49:25 PM] [XCX9k#23] Inky: said "/gangster"
[10:49:28 PM] [XCX9k#23] Inky: said "/gangster"
[10:49:30 PM] [XCX9k#23] Inky: said "/gangster"
[10:49:34 PM] [XCX9k#23] Inky: said "/gangster"
[10:49:44 PM] [XCX9k#23] Inky: said "/gangster"
[10:49:44 PM] [XCX9k#23] Inky: said "/gangster"
[10:49:45 PM] [XCX9k#23] Inky: said "/gangster"
[10:49:45 PM] [XCX9k#23] Inky: said "/gangster"
[10:49:45 PM] [XCX9k#23] Inky: said "/gangster"
[10:49:57 PM] [XCX9k#23] Inky: said "/gangster"
[10:50:00 PM] [XCX9k#23] Inky: said "/gangster"
[10:50:02 PM] [XCX9k#23] Inky: said "/gangster"
[10:51:07 PM] [XCX9k#23] Inky: said "/gangster"
[10:51:07 PM] [XCX9k#23] Inky: said "/gangster"
[10:51:08 PM] [XCX9k#23] Inky: said "/gangster"
[10:51:09 PM] [XCX9k#23] Inky: said "/gangster"
[10:52:17 PM] [XCX9k#23] Inky: said "/gangster"
[10:52:21 PM] [XCX9k#23] Inky: said "/gangster"
[10:52:22 PM] [XCX9k#23] Inky: said "/gangster"
[10:52:23 PM] [XCX9k#23] Inky: said "/gangster"
[10:52:27 PM] [XCX9k#23] Inky: said "/gangster"
[10:52:31 PM] [XCX9k#23] Inky: said "/gangster"
[10:52:33 PM] [XCX9k#5] zoodle bob: (		zoodle bob): said "/-engine"
[10:52:35 PM] [XCX9k#24] IronLion: disconnected (Game crashed: RAGE error: ERR_STR_INFO_2)
[10:52:42 PM] [XCX9k#23] Inky: said "/gangster"
[10:52:46 PM] [XCX9k#23] Inky: said "/gangster"
[10:52:47 PM] [XCX9k#23] Inky: said "/gangster"
[10:52:51 PM] [XCX9k#23] Inky: said "/gangster"
[10:52:52 PM] [XCX9k#23] Inky: said "/gangster"
[10:52:54 PM] [XCX9k#23] Inky: said "/gangster"
[10:52:57 PM] [XCX9k#23] Inky: said "/gangster"
[10:52:57 PM] [XCX9k#23] Inky: said "/gangster"
[10:52:58 PM] [XCX9k#23] Inky: said "/gangster"
[10:53:08 PM] [XCX9k#30] IronLion: joined with identifiers [steam:11000013d5e6173; license:e754717f80cc68d70213608bb451648ff86385d3; xbl:2535468420863964; live:1055521734914238; discord:425423173119508483; license2:e754717f80cc68d70213608bb451648ff86385d3]
[10:53:20 PM] [XCX9k#23] Inky: said "/gangster"
[10:53:27 PM] [XCX9k#23] Inky: said "/gangster"
[10:53:27 PM] [XCX9k#23] Inky: said "/gangster"
[10:53:28 PM] [XCX9k#23] Inky: said "/gangster"
[10:53:31 PM] [XCX9k#5] zoodle bob: (		zoodle bob): said "/-engine"
[10:53:31 PM] [XCX9k#23] Inky: said "/gangster"
[10:53:39 PM] [XCX9k#26] slatersteelwelding: died from suicide (Falling)
[10:53:43 PM] [XCX9k#23] Inky: said "/gangster"
[10:53:46 PM] [XCX9k#23] Inky: said "/gangster"
[10:53:46 PM] [XCX9k#26] slatersteelwelding: said "revive"
[10:53:52 PM] [XCX9k#23] Inky: said "/gangster"
[10:53:53 PM] [XCX9k#23] Inky: said "/gangster"
[10:53:54 PM] [XCX9k#23] Inky: said "/gangster"
[10:53:55 PM] [XCX9k#23] Inky: said "/gangster"
[10:54:03 PM] [XCX9k#23] Inky: said "/gangster"
[10:54:25 PM] [XCX9k#23] Inky: said "/gangster"
[10:54:25 PM] [XCX9k#23] Inky: said "/gangster"
[10:54:26 PM] [XCX9k#23] Inky: said "/gangster"
[10:54:26 PM] [XCX9k#23] Inky: said "/gangster"
[10:54:29 PM] [XCX9k#23] Inky: said "/gangster"
[10:54:33 PM] [XCX9k#23] Inky: said "/gangster"
[10:54:36 PM] [XCX9k#5] zoodle bob: (		zoodle bob): said "/-engine"
[10:54:37 PM] [XCX9k#23] Inky: said "/gangster"
[10:54:40 PM] [XCX9k#23] Inky: said "/gangster"
[10:54:43 PM] [XCX9k#23] Inky: said "/gangster"
[10:54:44 PM] [XCX9k#23] Inky: said "/gangster"
[10:54:50 PM] [XCX9k#23] Inky: said "/gangster"
[10:54:54 PM] [XCX9k#23] Inky: said "/gangster"
[10:54:57 PM] [XCX9k#23] Inky: said "/gangster"
[10:55:05 PM] [XCX9k#23] Inky: said "/gangster"
[10:55:11 PM] [XCX9k#5] zoodle bob: (		zoodle bob): said "/-engine"
[10:55:14 PM] [XCX9k#23] Inky: said "/gangster"
[10:55:16 PM] [XCX9k#23] Inky: said "/gangster"
[10:55:22 PM] [XCX9k#23] Inky: said "/gangster"
[10:55:28 PM] [XCX9k#23] Inky: said "/gangster"
[10:55:29 PM] [XCX9k#23] Inky: said "/gangster"
[10:55:33 PM] [XCX9k#23] Inky: said "/gangster"
[10:55:39 PM] [XCX9k#23] Inky: said "/gangster"
[10:55:42 PM] [XCX9k#23] Inky: said "/gangster"
[10:55:48 PM] [XCX9k#23] Inky: said "/gangster"
[10:55:48 PM] [XCX9k#23] Inky: said "/gangster"
[10:55:49 PM] [XCX9k#23] Inky: said "/gangster"
[10:55:50 PM] [XCX9k#23] Inky: said "/gangster"
[10:55:51 PM] [XCX9k#23] Inky: said "/gangster"
[10:55:51 PM] [XCX9k#23] Inky: said "/gangster"
[10:56:04 PM] [XCX9k#23] Inky: said "/gangster"
[10:56:13 PM] [XCX9k#23] Inky: said "/gangster"
[10:56:17 PM] [XCX9k#23] Inky: said "/gangster"
[10:56:17 PM] [XCX9k#23] Inky: said "/gangster"
[10:56:18 PM] [XCX9k#23] Inky: said "/gangster"
[10:56:18 PM] [XCX9k#23] Inky: said "/gangster"
[10:56:20 PM] [XCX9k#23] Inky: said "/gangster"
[10:56:23 PM] [XCX9k#23] Inky: said "/gangster"
[10:56:44 PM] [XCX9k#23] Inky: said "/gangster"
[10:56:47 PM] [XCX9k#23] Inky: said "/gangster"
[10:56:48 PM] [XCX9k#23] Inky: said "/gangster"
[10:56:52 PM] [XCX9k#23] Inky: said "/gangster"
[10:56:53 PM] [XCX9k#23] Inky: said "/gangster"
[10:56:55 PM] [XCX9k#23] Inky: said "/gangster"
[10:56:56 PM] [XCX9k#23] Inky: said "/gangster"
[10:57:01 PM] [XCX9k#23] Inky: said "/gangster"
[10:57:01 PM] [XCX9k#23] Inky: said "/gangster"
[10:57:03 PM] [XCX9k#23] Inky: said "/gangster"
[10:57:36 PM] [XCX9k#5] zoodle bob: (		zoodle bob): said "/-engine"
[10:57:44 PM] [XCX9k#23] Inky: said "/gangster"
[10:57:47 PM] [XCX9k#23] Inky: said "/gangster"
[10:57:51 PM] [XCX9k#23] Inky: said "/gangster"
[10:57:53 PM] [XCX9k#23] Inky: said "/gangster"
[10:57:54 PM] [XCX9k#23] Inky: said "/gangster"
[10:57:59 PM] [XCX9k#23] Inky: said "/gangster"
[10:58:00 PM] [XCX9k#23] Inky: said "/gangster"
[10:58:02 PM] [XCX9k#23] Inky: said "/gangster"
[10:58:05 PM] [XCX9k#23] Inky: said "/gangster"
[10:58:10 PM] [XCX9k#23] Inky: said "/gangster"
[10:58:11 PM] [XCX9k#23] Inky: said "/gangster"
[10:58:12 PM] [XCX9k#23] Inky: said "/gangster"
[10:58:13 PM] [XCX9k#23] Inky: said "/gangster"
[10:58:15 PM] [XCX9k#23] Inky: said "/gangster"
[10:58:17 PM] [XCX9k#23] Inky: said "/gangster"
[10:58:19 PM] [XCX9k#23] Inky: said "/gangster"
[10:58:20 PM] [XCX9k#28] FrekiTheWolf: died from suicide (Falling)
[10:58:21 PM] [XCX9k#23] Inky: said "/gangster"
[10:58:22 PM] [XCX9k#23] Inky: said "/gangster"
[10:58:25 PM] [XCX9k#23] Inky: said "/gangster"
[10:58:25 PM] [XCX9k#23] Inky: said "/gangster"
[10:58:29 PM] [XCX9k#23] Inky: said "/gangster"
[10:58:29 PM] [XCX9k#23] Inky: said "/gangster"
[10:58:30 PM] [XCX9k#23] Inky: said "/gangster"
[10:58:31 PM] [XCX9k#28] FrekiTheWolf: said "/-engine"
[10:58:33 PM] [XCX9k#23] Inky: said "/gangster"
[10:58:34 PM] [XCX9k#23] Inky: said "/gangster"
[10:58:37 PM] [XCX9k#23] Inky: said "/gangster"
[10:58:39 PM] [XCX9k#23] Inky: said "/gangster"
[10:58:42 PM] [XCX9k#23] Inky: said "/gangster"
[10:58:43 PM] [XCX9k#23] Inky: said "/gangster"
[10:58:43 PM] [XCX9k#23] Inky: said "/gangster"
[10:58:46 PM] [XCX9k#23] Inky: said "/gangster"
[10:58:47 PM] [XCX9k#23] Inky: said "/gangster"
[10:58:52 PM] [XCX9k#23] Inky: said "/gangster"
[10:58:54 PM] [XCX9k#23] Inky: said "/gangster"
[10:58:57 PM] [XCX9k#23] Inky: said "/gangster"
[10:58:59 PM] [XCX9k#23] Inky: said "/gangster"
[10:59:01 PM] [XCX9k#23] Inky: said "/gangster"
[10:59:02 PM] [XCX9k#23] Inky: said "/gangster"
[10:59:04 PM] [XCX9k#23] Inky: said "/gangster"
[10:59:05 PM] [XCX9k#23] Inky: said "/gangster"
[10:59:05 PM] [XCX9k#23] Inky: said "/gangster"
[10:59:06 PM] [XCX9k#23] Inky: said "/gangster"
[10:59:07 PM] [XCX9k#23] Inky: said "/gangster"
[10:59:08 PM] [XCX9k#23] Inky: said "/gangster"
[10:59:14 PM] [XCX9k#23] Inky: said "/gangster"
[10:59:21 PM] [XCX9k#23] Inky: said "/gangster"
[10:59:21 PM] [XCX9k#5] zoodle bob: died from unknown by erkel420
[10:59:22 PM] [XCX9k#23] Inky: said "/gangster"
[10:59:25 PM] [XCX9k#23] Inky: said "/gangster"
[10:59:27 PM] [XCX9k#23] Inky: said "/gangster"
[10:59:32 PM] [XCX9k#23] Inky: said "/gangster"
[10:59:38 PM] [XCX9k#23] Inky: said "/gangster"
[10:59:43 PM] [XCX9k#23] Inky: said "/gangster"
[10:59:49 PM] [XCX9k#23] Inky: said "/gangster"
[10:59:52 PM] [XCX9k#23] Inky: said "/gangster"
[10:59:52 PM] [XCX9k#23] Inky: said "/gangster"
[10:59:54 PM] [XCX9k#23] Inky: said "/gangster"
[10:59:55 PM] [XCX9k#23] Inky: said "/gangster"
[10:59:58 PM] [XCX9k#23] Inky: said "/gangster"
[11:00:02 PM] [XCX9k#23] Inky: said "/gangster"
[11:00:07 PM] [XCX9k#30] IronLion: said "/-showMenu"
[11:00:08 PM] [XCX9k#23] Inky: said "/gangster"
[11:00:10 PM] [XCX9k#23] Inky: said "/gangster"
[11:00:17 PM] [XCX9k#23] Inky: said "/gangster"
[11:00:20 PM] [XCX9k#23] Inky: said "/gangster"
[11:00:23 PM] [XCX9k#23] Inky: said "/gangster"
[11:00:26 PM] [XCX9k#23] Inky: said "/gangster"
[11:00:26 PM] [XCX9k#28] FrekiTheWolf: died from suicide (Falling)
[11:00:26 PM] [XCX9k#23] Inky: said "/gangster"
[11:00:28 PM] [XCX9k#23] Inky: said "/gangster"
[11:00:48 PM] [XCX9k#23] Inky: said "/gangster"
[11:00:53 PM] [XCX9k#23] Inky: said "/gangster"
[11:00:53 PM] [XCX9k#23] Inky: said "/gangster"
[11:00:55 PM] [XCX9k#23] Inky: said "/gangster"
[11:00:57 PM] [XCX9k#23] Inky: said "/gangster"
[11:01:01 PM] [XCX9k#23] Inky: said "/gangster"
[11:01:03 PM] [XCX9k#23] Inky: said "/gangster"
[11:01:07 PM] [XCX9k#23] Inky: said "/gangster"
[11:01:12 PM] [XCX9k#23] Inky: said "/gangster"
[11:01:12 PM] [XCX9k#23] Inky: said "/gangster"
[11:01:13 PM] [XCX9k#23] Inky: said "/gangster"
[11:01:14 PM] [XCX9k#23] Inky: said "/gangster"
[11:01:14 PM] [XCX9k#23] Inky: said "/gangster"
[11:01:15 PM] [XCX9k#23] Inky: said "/gangster"
[11:01:15 PM] [XCX9k#23] Inky: said "/gangster"
[11:01:16 PM] [XCX9k#23] Inky: said "/gangster"
[11:01:17 PM] [XCX9k#23] Inky: said "/gangster"
[11:01:17 PM] [XCX9k#23] Inky: said "/gangster"
[11:01:19 PM] [XCX9k#23] Inky: said "/gangster"
[11:01:21 PM] [XCX9k#23] Inky: said "/gangster"
[11:01:22 PM] [XCX9k#23] Inky: said "/gangster"
[11:01:23 PM] [XCX9k#23] Inky: said "/gangster"
[11:01:23 PM] [XCX9k#23] Inky: said "/gangster"
[11:01:24 PM] [XCX9k#23] Inky: said "/gangster"
[11:01:25 PM] [XCX9k#23] Inky: said "/gangster"
[11:01:25 PM] [XCX9k#23] Inky: said "/gangster"
[11:01:26 PM] [XCX9k#23] Inky: said "/gangster"
[11:01:27 PM] [XCX9k#23] Inky: said "/gangster"
[11:01:29 PM] [XCX9k#23] Inky: said "/gangster"
[11:01:30 PM] [XCX9k#23] Inky: said "/gangster"
[11:01:30 PM] [XCX9k#23] Inky: said "/gangster"
[11:01:32 PM] [XCX9k#23] Inky: said "/gangster"
[11:01:35 PM] [XCX9k#23] Inky: said "/gangster"
[11:01:38 PM] [XCX9k#23] Inky: said "/gangster"
[11:01:38 PM] [XCX9k#23] Inky: said "/gangster"
[11:01:39 PM] [XCX9k#23] Inky: said "/gangster"
[11:01:40 PM] [XCX9k#23] Inky: said "/gangster"
[11:01:43 PM] [XCX9k#23] Inky: said "/gangster"
[11:01:44 PM] [XCX9k#23] Inky: said "/gangster"
[11:01:46 PM] [XCX9k#23] Inky: said "/gangster"
[11:01:47 PM] [XCX9k#23] Inky: said "/gangster"
[11:01:48 PM] [XCX9k#23] Inky: said "/gangster"
[11:01:48 PM] [XCX9k#23] Inky: said "/gangster"
[11:01:49 PM] [XCX9k#23] Inky: said "/gangster"
[11:01:50 PM] [XCX9k#23] Inky: said "/gangster"
[11:01:51 PM] [XCX9k#23] Inky: said "/gangster"
[11:01:52 PM] [XCX9k#23] Inky: said "/gangster"
[11:01:52 PM] [XCX9k#23] Inky: said "/gangster"
[11:01:53 PM] [XCX9k#23] Inky: said "/gangster"
[11:01:54 PM] [XCX9k#23] Inky: said "/gangster"
[11:01:54 PM] [XCX9k#23] Inky: said "/gangster"
[11:01:55 PM] [XCX9k#23] Inky: said "/gangster"
[11:01:56 PM] [XCX9k#23] Inky: said "/gangster"
[11:02:01 PM] [XCX9k#23] Inky: said "/gangster"
[11:02:02 PM] [XCX9k#23] Inky: said "/gangster"
[11:02:03 PM] [XCX9k#23] Inky: said "/gangster"
[11:02:05 PM] [XCX9k#23] Inky: said "/gangster"
[11:02:06 PM] [XCX9k#23] Inky: said "/gangster"
[11:02:07 PM] [XCX9k#23] Inky: said "/gangster"
[11:02:08 PM] [XCX9k#23] Inky: said "/gangster"
[11:02:08 PM] [XCX9k#23] Inky: said "/gangster"
[11:02:09 PM] [XCX9k#23] Inky: said "/gangster"
[11:02:10 PM] [XCX9k#23] Inky: said "/gangster"
[11:02:10 PM] [XCX9k#23] Inky: said "/gangster"
[11:02:14 PM] [XCX9k#23] Inky: said "/gangster"
[11:02:19 PM] [XCX9k#23] Inky: said "/gangster"
[11:02:20 PM] [XCX9k#23] Inky: said "/gangster"
[11:02:23 PM] [XCX9k#23] Inky: said "/gangster"
[11:02:23 PM] [XCX9k#26] slatersteelwelding: died from suicide (Falling)
[11:02:27 PM] [XCX9k#23] Inky: said "/gangster"
[11:02:28 PM] [XCX9k#23] Inky: said "/gangster"
[11:02:33 PM] [XCX9k#23] Inky: said "/gangster"
[11:02:36 PM] [XCX9k#23] Inky: said "/gangster"
[11:02:47 PM] [XCX9k#23] Inky: said "/gangster"
[11:02:50 PM] [XCX9k#23] Inky: said "/gangster"
[11:02:53 PM] [XCX9k#23] Inky: said "/gangster"
[11:03:05 PM] [XCX9k#23] Inky: died from suicide (Falling)
[11:05:13 PM] [XCX9k#23] Inky: died from suicide (Falling)
[11:08:10 PM] [XCX9k#28] FrekiTheWolf: died from unknown by zoodle bob
[11:08:24 PM] [XCX9k#26] slatersteelwelding: died from unknown by zoodle bob
[11:08:26 PM] [XCX9k#5] zoodle bob: died from unknown by erkel420
[11:09:42 PM] [XCX9k#23] Inky: said "/gangster"
[11:09:43 PM] [XCX9k#23] Inky: said "/gangster"
[11:09:49 PM] [XCX9k#29] daniella.moore6688: caused an explosion (BLIMP)
[11:09:49 PM] [XCX9k#29] daniella.moore6688: caused an explosion (BLIMP)
[11:09:49 PM] [XCX9k#29] daniella.moore6688: caused an explosion (BLIMP)
[11:09:49 PM] [XCX9k#29] daniella.moore6688: caused an explosion (BLIMP)
[11:10:11 PM] [XCX9k#23] Inky: said "/gangster"
[11:10:26 PM] [XCX9k#23] Inky: said "/gangster"
[11:10:34 PM] [XCX9k#23] Inky: said "/gangster"
[11:10:38 PM] [XCX9k#28] FrekiTheWolf: died from suicide (Falling)
[11:10:38 PM] [XCX9k#23] Inky: said "/gangster"
[11:10:39 PM] [XCX9k#23] Inky: said "/gangster"
[11:10:41 PM] [XCX9k#23] Inky: said "/gangster"
[11:10:49 PM] [XCX9k#26] slatersteelwelding: died from suicide (Falling)
[11:10:53 PM] [XCX9k#23] Inky: said "/gangster"
[11:10:54 PM] [XCX9k#23] Inky: said "/gangster"
[11:12:05 PM] [XCX9k#29] daniella.moore6688: started spectating player [#5] 		zoodle bob
[11:12:11 PM] [XCX9k#26] slatersteelwelding: said "/uncuff"
[11:12:36 PM] [XCX9k#23] Inky: said "/gangster"
[11:12:43 PM] [XCX9k#23] Inky: said "/gangster"
[11:12:47 PM] [XCX9k#23] Inky: said "/gangster"
[11:12:47 PM] [XCX9k#23] Inky: said "/gangster"
[11:12:56 PM] [XCX9k#30] IronLion: disconnected (Attempted exploit abuse)
[11:13:15 PM] [XCX9k#23] Inky: said "/gangster"
[11:13:23 PM] [XCX9k#23] Inky: said "/gangster"
[11:13:47 PM] [XCX9k#23] Inky: said "/gangster"
[11:13:52 PM] [XCX9k#23] Inky: said "/gangster"
[11:13:56 PM] [XCX9k#23] Inky: said "/gangster"
[11:14:08 PM] [XCX9k#31] IronLion: joined with identifiers [steam:11000013d5e6173; license:e754717f80cc68d70213608bb451648ff86385d3; xbl:2535468420863964; live:1055521734914238; discord:425423173119508483; license2:e754717f80cc68d70213608bb451648ff86385d3]
[11:14:20 PM] [XCX9k#23] Inky: said "/gangster"
[11:14:22 PM] [XCX9k#23] Inky: said "/gangster"
[11:14:27 PM] [XCX9k#23] Inky: said "/gangster"
[11:14:28 PM] [XCX9k#23] Inky: said "/gangster"
[11:14:29 PM] [XCX9k#23] Inky: said "/gangster"
[11:14:29 PM] [XCX9k#23] Inky: said "/gangster"
[11:14:30 PM] [XCX9k#23] Inky: said "/gangster"
[11:14:35 PM] [XCX9k#23] Inky: said "/gangster"
[11:14:36 PM] [XCX9k#23] Inky: said "/gangster"
[11:14:37 PM] [XCX9k#23] Inky: said "/gangster"
[11:14:38 PM] [XCX9k#23] Inky: said "/gangster"
[11:14:38 PM] [XCX9k#23] Inky: said "/gangster"
[11:14:39 PM] [XCX9k#23] Inky: said "/gangster"
[11:14:40 PM] [XCX9k#23] Inky: said "/gangster"
[11:14:40 PM] [XCX9k#23] Inky: said "/gangster"
[11:14:41 PM] [XCX9k#23] Inky: said "/gangster"
[11:14:43 PM] [XCX9k#23] Inky: said "/gangster"
[11:14:44 PM] [XCX9k#23] Inky: said "/gangster"
[11:14:45 PM] [XCX9k#23] Inky: said "/gangster"
[11:14:45 PM] [XCX9k#23] Inky: said "/gangster"
[11:14:46 PM] [XCX9k#23] Inky: said "/gangster"
[11:14:47 PM] [XCX9k#23] Inky: said "/gangster"
[11:14:51 PM] [XCX9k#23] Inky: said "/gangster"
[11:14:53 PM] [XCX9k#23] Inky: said "/gangster"
[11:14:55 PM] [XCX9k#23] Inky: said "/gangster"
[11:14:56 PM] [XCX9k#23] Inky: said "/gangster"
[11:14:57 PM] [XCX9k#23] Inky: said "/gangster"
[11:14:59 PM] [XCX9k#23] Inky: said "/gangster"
[11:15:00 PM] [XCX9k#23] Inky: said "/gangster"
[11:15:01 PM] [XCX9k#23] Inky: said "/gangster"
[11:15:03 PM] [XCX9k#23] Inky: said "/gangster"
[11:15:07 PM] [XCX9k#23] Inky: said "/gangster"
[11:15:13 PM] [XCX9k#23] Inky: said "/gangster"
[11:15:14 PM] [XCX9k#23] Inky: said "/gangster"
[11:15:15 PM] [XCX9k#23] Inky: said "/gangster"
[11:15:20 PM] [XCX9k#32] zoodle bob: joined with identifiers [steam:11000010af446b5; license:9a385c13c529f746e488c0d9020baf09f988609a; xbl:2533274891417611; live:914800464761105; discord:538529788264972299; fivem:5463803; license2:aac73791e7bd969a1f042c83f439198b5c5ca4fb]
[11:15:44 PM] [XCX9k#5] zoodle bob: disconnected (Server->client connection timed out. Last seen 58015 msec ago.)
[11:16:18 PM] [XCX9k#23] Inky: said "/gangster"
[11:16:19 PM] [XCX9k#23] Inky: said "/gangster"
[11:16:20 PM] [XCX9k#23] Inky: said "/gangster"
[11:16:26 PM] [XCX9k#23] Inky: said "/gangster"
[11:16:27 PM] [XCX9k#23] Inky: said "/gangster"
[11:16:29 PM] [XCX9k#23] Inky: said "/gangster"
[11:16:32 PM] [XCX9k#23] Inky: said "/gangster"
[11:16:33 PM] [XCX9k#23] Inky: said "/gangster"
[11:16:35 PM] [XCX9k#23] Inky: said "/gangster"
[11:16:35 PM] [XCX9k#23] Inky: said "/gangster"
[11:16:37 PM] [XCX9k#23] Inky: said "/gangster"
[11:16:51 PM] [XCX9k#23] Inky: said "/gangster"
[11:16:52 PM] [XCX9k#23] Inky: said "/gangster"
[11:16:59 PM] [XCX9k#33] zoodle bob: joined with identifiers [steam:11000010af446b5; license:9a385c13c529f746e488c0d9020baf09f988609a; xbl:2533274891417611; live:914800464761105; discord:538529788264972299; fivem:5463803; license2:aac73791e7bd969a1f042c83f439198b5c5ca4fb]
[11:17:00 PM] [XCX9k#23] Inky: said "/gangster"
[11:17:03 PM] [XCX9k#23] Inky: said "/gangster"
[11:17:06 PM] [XCX9k#32] zoodle bob: disconnected (Server->client connection timed out. Last seen 33149 msec ago.)
[11:17:09 PM] [XCX9k#23] Inky: said "/gangster"
[11:17:11 PM] [XCX9k#23] Inky: said "/gangster"
[11:17:12 PM] [XCX9k#23] Inky: said "/gangster"
[11:17:18 PM] [XCX9k#23] Inky: said "/gangster"
[11:17:18 PM] [XCX9k#23] Inky: said "/gangster"
[11:17:22 PM] [XCX9k#23] Inky: said "/gangster"
[11:17:26 PM] [XCX9k#23] Inky: said "/gangster"
[11:17:30 PM] [XCX9k#23] Inky: said "/gangster"
[11:17:31 PM] [XCX9k#23] Inky: said "/gangster"
[11:18:52 PM] [XCX9k#26] slatersteelwelding: said "/-engine"
[11:19:02 PM] [XCX9k#26] slatersteelwelding: said "/-engine"
[11:20:47 PM] [XCX9k#23] Inky: said "/gangster"
[11:20:48 PM] [XCX9k#23] Inky: said "/gangster"
[11:20:49 PM] [XCX9k#23] Inky: said "/gangster"
[11:20:50 PM] [XCX9k#23] Inky: said "/gangster"
[11:20:51 PM] [XCX9k#23] Inky: said "/gangster"
[11:20:51 PM] [XCX9k#23] Inky: said "/gangster"
[11:21:04 PM] [XCX9k#23] Inky: said "/gangster"
[11:21:05 PM] [XCX9k#23] Inky: said "/gangster"
[11:21:05 PM] [XCX9k#23] Inky: said "/gangster"
[11:21:12 PM] [XCX9k#25] erkel420: died from suicide (Falling)
[11:21:18 PM] [XCX9k#23] Inky: said "/gangster"
[11:21:20 PM] [XCX9k#23] Inky: said "/gangster"
[11:23:24 PM] [XCX9k#29] daniella.moore6688: said "/-engine"
[11:23:27 PM] [XCX9k#29] daniella.moore6688: said "/-engine"
[11:23:38 PM] [XCX9k#23] Inky: said "/gangster"
[11:23:47 PM] [XCX9k#23] Inky: said "/gangster"
[11:23:48 PM] [XCX9k#23] Inky: said "/gangster"
[11:23:48 PM] [XCX9k#23] Inky: said "/gangster"
[11:23:55 PM] [XCX9k#23] Inky: said "/gangster"
[11:23:57 PM] [XCX9k#23] Inky: said "/gangster"
[11:24:00 PM] [XCX9k#23] Inky: said "/gangster"
[11:24:01 PM] [XCX9k#23] Inky: said "/gangster"
[11:24:01 PM] [XCX9k#23] Inky: said "/gangster"
[11:24:05 PM] [XCX9k#23] Inky: said "/gangster"
[11:24:06 PM] [XCX9k#23] Inky: said "/gangster"
[11:24:07 PM] [XCX9k#23] Inky: said "/gangster"
[11:24:11 PM] [XCX9k#23] Inky: said "/gangster"
[11:24:13 PM] [XCX9k#23] Inky: said "/gangster"
[11:24:16 PM] [XCX9k#23] Inky: said "/gangster"
[11:24:22 PM] [XCX9k#23] Inky: said "/gangster"
[11:24:24 PM] [XCX9k#23] Inky: said "/gangster"
[11:24:24 PM] [XCX9k#23] Inky: said "/gangster"
[11:24:25 PM] [XCX9k#23] Inky: said "/gangster"
[11:24:31 PM] [XCX9k#23] Inky: said "/gangster"
[11:24:33 PM] [XCX9k#23] Inky: said "/gangster"
[11:24:34 PM] [XCX9k#23] Inky: said "/gangster"
[11:24:36 PM] [XCX9k#23] Inky: said "/gangster"
[11:24:37 PM] [XCX9k#23] Inky: said "/gangster"
[11:24:38 PM] [XCX9k#23] Inky: said "/gangster"
[11:24:41 PM] [XCX9k#23] Inky: said "/gangster"
[11:24:43 PM] [XCX9k#23] Inky: said "/gangster"
[11:24:44 PM] [XCX9k#23] Inky: said "/gangster"
[11:24:45 PM] [XCX9k#23] Inky: said "/gangster"
[11:24:46 PM] [XCX9k#23] Inky: said "/gangster"
[11:24:46 PM] [XCX9k#23] Inky: said "/gangster"
[11:24:46 PM] [XCX9k#23] Inky: said "/gangster"
[11:24:47 PM] [XCX9k#23] Inky: said "/gangster"
[11:24:49 PM] [XCX9k#23] Inky: said "/gangster"
[11:24:49 PM] [XCX9k#23] Inky: said "/gangster"
[11:24:50 PM] [XCX9k#23] Inky: said "/gangster"
[11:24:50 PM] [XCX9k#23] Inky: said "/gangster"
[11:27:13 PM] [XCX9k#23] Inky: said "/gangster"
[11:28:52 PM] [XCX9k#33] zoodle bob: died from unknown by erkel420
[11:29:21 PM] [XCX9k#23] Inky: said "/gangster"
[11:29:22 PM] [XCX9k#23] Inky: said "/gangster"
[11:29:27 PM] [XCX9k#23] Inky: said "/gangster"
[11:29:33 PM] [XCX9k#23] Inky: said "/gangster"
[11:29:40 PM] [XCX9k#23] Inky: said "/gangster"
[11:29:42 PM] [XCX9k#23] Inky: said "/gangster"
[11:30:07 PM] txAdmin: ((Broadcast) txAdmin): said "This server is scheduled to restart in 30 minutes."
[11:30:33 PM] [XCX9k#23] Inky: said "/gangster"
[11:30:36 PM] [XCX9k#23] Inky: said "/gangster"
[11:30:47 PM] [XCX9k#23] Inky: said "/gangster"
[11:30:47 PM] [XCX9k#23] Inky: said "/gangster"
[11:30:48 PM] [XCX9k#23] Inky: said "/gangster"
[11:30:49 PM] [XCX9k#23] Inky: said "/gangster"
[11:30:50 PM] [XCX9k#23] Inky: said "/gangster"
[11:30:53 PM] [XCX9k#23] Inky: said "/gangster"
[11:30:56 PM] [XCX9k#23] Inky: said "/gangster"
[11:30:59 PM] [XCX9k#23] Inky: said "/gangster"
[11:31:01 PM] [XCX9k#33] zoodle bob: died from suicide (Falling)
[11:31:04 PM] [XCX9k#23] Inky: said "/gangster"
[11:31:04 PM] [XCX9k#23] Inky: said "/gangster"
[11:31:05 PM] [XCX9k#23] Inky: said "/gangster"
[11:31:08 PM] [XCX9k#23] Inky: said "/gangster"
[11:31:09 PM] [XCX9k#23] Inky: said "/gangster"
[11:31:11 PM] [XCX9k#23] Inky: said "/gangster"
[11:31:12 PM] [XCX9k#23] Inky: said "/gangster"
[11:31:20 PM] [XCX9k#23] Inky: said "/gangster"
[11:31:21 PM] [XCX9k#23] Inky: said "/gangster"
[11:31:22 PM] [XCX9k#23] Inky: said "/gangster"
[11:31:28 PM] [XCX9k#23] Inky: said "/gangster"
[11:31:31 PM] [XCX9k#23] Inky: said "/gangster"
[11:31:33 PM] [XCX9k#23] Inky: said "/gangster"
[11:31:34 PM] [XCX9k#23] Inky: said "/gangster"
[11:31:35 PM] [XCX9k#23] Inky: said "/gangster"
[11:31:46 PM] [XCX9k#23] Inky: said "/gangster"
[11:31:48 PM] [XCX9k#23] Inky: said "/gangster"
[11:31:49 PM] [XCX9k#23] Inky: said "/gangster"
[11:31:55 PM] [XCX9k#23] Inky: said "/gangster"
[11:31:57 PM] [XCX9k#23] Inky: said "/gangster"
[11:31:57 PM] [XCX9k#23] Inky: said "/gangster"
[11:32:02 PM] [XCX9k#23] Inky: said "/gangster"
[11:32:02 PM] [XCX9k#23] Inky: said "/gangster"
[11:32:03 PM] [XCX9k#23] Inky: said "/gangster"
[11:32:03 PM] [XCX9k#23] Inky: said "/gangster"
[11:32:05 PM] [XCX9k#23] Inky: said "/gangster"
[11:32:06 PM] [XCX9k#23] Inky: said "/gangster"
[11:32:10 PM] [XCX9k#23] Inky: said "/gangster"
[11:32:11 PM] [XCX9k#23] Inky: said "/gangster"
[11:32:17 PM] [XCX9k#23] Inky: said "/gangster"
[11:32:18 PM] [XCX9k#23] Inky: said "/gangster"
[11:32:21 PM] [XCX9k#23] Inky: said "/gangster"
[11:32:22 PM] [XCX9k#23] Inky: said "/gangster"
[11:32:22 PM] [XCX9k#23] Inky: said "/gangster"
[11:32:23 PM] [XCX9k#23] Inky: said "/gangster"
[11:32:24 PM] [XCX9k#23] Inky: said "/gangster"
[11:32:25 PM] [XCX9k#23] Inky: said "/gangster"
[11:32:26 PM] [XCX9k#23] Inky: said "/gangster"
[11:32:30 PM] [XCX9k#23] Inky: said "/gangster"
[11:32:31 PM] [XCX9k#23] Inky: said "/gangster"
[11:32:32 PM] [XCX9k#23] Inky: said "/gangster"
[11:32:34 PM] [XCX9k#23] Inky: said "/gangster"
[11:32:35 PM] [XCX9k#23] Inky: said "/gangster"
[11:32:36 PM] [XCX9k#23] Inky: said "/gangster"
[11:32:37 PM] [XCX9k#23] Inky: said "/gangster"
[11:32:38 PM] [XCX9k#23] Inky: said "/gangster"
[11:32:39 PM] [XCX9k#23] Inky: said "/gangster"
[11:32:39 PM] [XCX9k#23] Inky: said "/gangster"
[11:32:39 PM] [XCX9k#23] Inky: said "/gangster"
[11:32:40 PM] [XCX9k#23] Inky: said "/gangster"
[11:32:40 PM] [XCX9k#23] Inky: said "/gangster"
[11:32:41 PM] [XCX9k#23] Inky: said "/gangster"
[11:32:42 PM] [XCX9k#23] Inky: said "/gangster"
[11:32:42 PM] [XCX9k#23] Inky: said "/gangster"
[11:32:43 PM] [XCX9k#23] Inky: said "/gangster"
[11:32:46 PM] [XCX9k#23] Inky: said "/gangster"
[11:32:46 PM] [XCX9k#23] Inky: said "/gangster"
[11:32:47 PM] [XCX9k#23] Inky: said "/gangster"
[11:32:49 PM] [XCX9k#23] Inky: said "/gangster"
[11:32:50 PM] [XCX9k#23] Inky: said "/gangster"
[11:32:53 PM] [XCX9k#23] Inky: said "/gangster"
[11:32:54 PM] [XCX9k#23] Inky: said "/gangster"
[11:33:00 PM] [XCX9k#23] Inky: said "/gangster"
[11:33:00 PM] [XCX9k#23] Inky: said "/gangster"
[11:33:01 PM] [XCX9k#23] Inky: said "/gangster"
[11:33:04 PM] [XCX9k#23] Inky: said "/gangster"
[11:33:05 PM] [XCX9k#23] Inky: said "/gangster"
[11:33:06 PM] [XCX9k#23] Inky: said "/gangster"
[11:33:07 PM] [XCX9k#23] Inky: said "/gangster"
[11:33:23 PM] [XCX9k#23] Inky: said "/gangster"
[11:33:27 PM] [XCX9k#23] Inky: said "/gangster"
[11:33:28 PM] [XCX9k#23] Inky: said "/gangster"
[11:33:37 PM] [XCX9k#23] Inky: said "/gangster"
[11:34:12 PM] [XCX9k#23] Inky: said "/gangster"
[11:34:13 PM] [XCX9k#23] Inky: said "/gangster"
[11:35:01 PM] [XCX9k#23] Inky: said "/gangster"
[11:35:22 PM] [XCX9k#23] Inky: said "/gangster"
[11:35:22 PM] [XCX9k#23] Inky: said "/gangster"
[11:35:24 PM] [XCX9k#23] Inky: said "/gangster"
[11:35:25 PM] [XCX9k#23] Inky: said "/gangster"
[11:35:26 PM] [XCX9k#23] Inky: said "/gangster"
[11:35:26 PM] [XCX9k#23] Inky: said "/gangster"
[11:35:27 PM] [XCX9k#23] Inky: said "/gangster"
[11:35:27 PM] [XCX9k#23] Inky: said "/gangster"
[11:35:28 PM] [XCX9k#23] Inky: said "/gangster"
[11:35:28 PM] [XCX9k#23] Inky: said "/gangster"
[11:35:29 PM] [XCX9k#23] Inky: said "/gangster"
[11:35:29 PM] [XCX9k#23] Inky: said "/gangster"
[11:35:46 PM] [XCX9k#23] Inky: said "/gangster"
[11:35:46 PM] [XCX9k#23] Inky: said "/gangster"
[11:41:32 PM] [XCX9k#33] zoodle bob: disconnected (Server->client connection timed out. Last seen 33523 msec ago.)
[11:41:39 PM] [XCX9k#23] Inky: said "/gangster"
[11:41:41 PM] [XCX9k#23] Inky: said "/gangster"
[11:41:42 PM] [XCX9k#23] Inky: said "/gangster"
[11:41:44 PM] [XCX9k#23] Inky: said "/gangster"
[11:41:45 PM] [XCX9k#23] Inky: said "/gangster"
[11:41:45 PM] [XCX9k#23] Inky: said "/gangster"
[11:41:46 PM] [XCX9k#23] Inky: said "/gangster"
[11:41:47 PM] [XCX9k#23] Inky: said "/gangster"
[11:41:51 PM] [XCX9k#23] Inky: said "/gangster"
[11:41:54 PM] [XCX9k#23] Inky: said "/gangster"
[11:41:58 PM] [XCX9k#23] Inky: said "/gangster"
[11:42:00 PM] [XCX9k#23] Inky: said "/gangster"
[11:42:05 PM] [XCX9k#23] Inky: said "/gangster"
[11:42:09 PM] [XCX9k#23] Inky: said "/gangster"
[11:42:10 PM] [XCX9k#23] Inky: said "/gangster"
[11:42:10 PM] [XCX9k#23] Inky: said "/gangster"
[11:42:12 PM] [XCX9k#23] Inky: said "/gangster"
[11:42:13 PM] [XCX9k#23] Inky: said "/gangster"
[11:42:13 PM] [XCX9k#23] Inky: said "/gangster"
[11:42:15 PM] [XCX9k#23] Inky: said "/gangster"
[11:42:19 PM] [XCX9k#23] Inky: said "/gangster"
[11:42:22 PM] [XCX9k#23] Inky: said "/gangster"
[11:42:29 PM] [XCX9k#23] Inky: said "/gangster"
[11:42:38 PM] [XCX9k#23] Inky: said "/gangster"
[11:42:39 PM] [XCX9k#23] Inky: said "/gangster"
[11:43:00 PM] [XCX9k#23] Inky: said "/gangster"
[11:45:09 PM] txAdmin: ((Broadcast) txAdmin): said "This server is scheduled to restart in 15 minutes."
[11:47:43 PM] [XCX9k#23] Inky: said "/gangster"
[11:49:35 PM] [XCX9k#26] slatersteelwelding: died from suicide (Falling)
[11:50:09 PM] txAdmin: ((Broadcast) txAdmin): said "This server is scheduled to restart in 10 minutes."
[11:51:08 PM] [XCX9k#23] Inky: said "/gangster"
[11:51:20 PM] [XCX9k#23] Inky: said "/gangster"
[11:51:21 PM] [XCX9k#23] Inky: said "/gangster"
[11:51:26 PM] [XCX9k#23] Inky: said "/gangster"
[11:51:29 PM] [XCX9k#23] Inky: said "/gangster"
[11:51:32 PM] [XCX9k#23] Inky: said "/gangster"
[11:51:37 PM] [XCX9k#23] Inky: said "/gangster"
[11:51:38 PM] [XCX9k#23] Inky: said "/gangster"
[11:51:39 PM] [XCX9k#23] Inky: said "/gangster"
[11:51:44 PM] [XCX9k#23] Inky: said "/gangster"
[11:51:51 PM] [XCX9k#23] Inky: said "/gangster"
[11:51:51 PM] [XCX9k#23] Inky: said "/gangster"
[11:52:08 PM] [XCX9k#29] daniella.moore6688: disconnected (Exiting)
[11:53:57 PM] [XCX9k#34] zoodle bob: joined with identifiers [steam:11000010af446b5; license:9a385c13c529f746e488c0d9020baf09f988609a; xbl:2533274891417611; live:914800464761105; discord:538529788264972299; fivem:5463803; license2:aac73791e7bd969a1f042c83f439198b5c5ca4fb]
[11:54:00 PM] [XCX9k#23] Inky: said "/gangster"
[11:54:21 PM] [XCX9k#23] Inky: said "/gangster"
[11:54:30 PM] [XCX9k#23] Inky: said "/gangster"
[11:54:35 PM] [XCX9k#23] Inky: said "/gangster"
[11:54:37 PM] [XCX9k#23] Inky: said "/gangster"
[11:54:40 PM] [XCX9k#23] Inky: said "/gangster"
[11:54:40 PM] [XCX9k#23] Inky: said "/gangster"
[11:55:09 PM] txAdmin: ((Broadcast) txAdmin): said "This server is scheduled to restart in 5 minutes."
[11:56:08 PM] txAdmin: ((Broadcast) txAdmin): said "This server is scheduled to restart in 4 minutes."
[11:56:35 PM] [XCX9k#34] zoodle bob: disconnected (Server->client connection timed out. Last seen 48814 msec ago.)
[11:57:09 PM] txAdmin: ((Broadcast) txAdmin): said "This server is scheduled to restart in 3 minutes."
[11:57:29 PM] [XCX9k#23] Inky: caused an explosion (BLIMP)
[11:57:29 PM] [XCX9k#23] Inky: caused an explosion (BLIMP)
[11:57:29 PM] [XCX9k#23] Inky: caused an explosion (BLIMP)
[11:57:29 PM] [XCX9k#23] Inky: caused an explosion (BLIMP)
[11:58:09 PM] txAdmin: ((Broadcast) txAdmin): said "This server is scheduled to restart in 2 minutes."
[11:58:19 PM] [XCX9k#23] Inky: said "/gangster"
[11:58:22 PM] [XCX9k#23] Inky: said "/gangster"
[11:58:23 PM] [XCX9k#23] Inky: said "/gangster"
[11:58:59 PM] [XCX9k#31] IronLion: disconnected (Exiting)
[11:59:03 PM] [XCX9k#28] FrekiTheWolf: disconnected (Exiting)
[11:59:05 PM] [XCX9k#25] erkel420: disconnected (Disconnected.)
[11:59:08 PM] [XCX9k#26] slatersteelwelding: disconnected (Exiting)
[11:59:09 PM] txAdmin: ((Broadcast) txAdmin): said "This server is scheduled to restart in 1 minute. Please disconnect now."
[11:59:17 PM] [XCX9k#23] Inky: disconnected (Exiting)
